{"meta": {"format": 3, "version": "7.11.3", "timestamp": "2025-12-20T14:54:03.443223", "branch_coverage": false, "show_contexts": false}, "files": {"src/gmailarchiver/__init__.py": {"executed_lines": [1, 3, 4], "summary": {"covered_lines": 2, "num_statements": 4, "percent_covered": 50.0, "percent_covered_display": "50", "missing_lines": 2, "excluded_lines": 0}, "missing_lines": [5, 6], "excluded_lines": [], "functions": {"": {"executed_lines": [1, 3, 4], "summary": {"covered_lines": 2, "num_statements": 4, "percent_covered": 50.0, "percent_covered_display": "50", "missing_lines": 2, "excluded_lines": 0}, "missing_lines": [5, 6], "excluded_lines": []}}, "classes": {"": {"executed_lines": [1, 3, 4], "summary": {"covered_lines": 2, "num_statements": 4, "percent_covered": 50.0, "percent_covered_display": "50", "missing_lines": 2, "excluded_lines": 0}, "missing_lines": [5, 6], "excluded_lines": []}}}, "src/gmailarchiver/_version.py": {"executed_lines": [4, 13, 14, 21, 22, 24, 25, 26, 27, 28, 29, 31, 32, 34], "summary": {"covered_lines": 13, "num_statements": 13, "percent_covered": 100.0, "percent_covered_display": "100", "missing_lines": 0, "excluded_lines": 5}, "missing_lines": [], "excluded_lines": [14, 15, 16, 18, 19], "functions": {"": {"executed_lines": [4, 13, 14, 21, 22, 24, 25, 26, 27, 28, 29, 31, 32, 34], "summary": {"covered_lines": 13, "num_statements": 13, "percent_covered": 100.0, "percent_covered_display": "100", "missing_lines": 0, "excluded_lines": 5}, "missing_lines": [], "excluded_lines": [14, 15, 16, 18, 19]}}, "classes": {"": {"executed_lines": [4, 13, 14, 21, 22, 24, 25, 26, 27, 28, 29, 31, 32, 34], "summary": {"covered_lines": 13, "num_statements": 13, "percent_covered": 100.0, "percent_covered_display": "100", "missing_lines": 0, "excluded_lines": 5}, "missing_lines": [], "excluded_lines": [14, 15, 16, 18, 19]}}}, "src/gmailarchiver/cli/__init__.py": {"executed_lines": [1, 3, 4, 5, 11], "summary": {"covered_lines": 4, "num_statements": 4, "percent_covered": 100.0, "percent_covered_display": "100", "missing_lines": 0, "excluded_lines": 0}, "missing_lines": [], "excluded_lines": [], "functions": {"": {"executed_lines": [1, 3, 4, 5, 11], "summary": {"covered_lines": 4, "num_statements": 4, "percent_covered": 100.0, "percent_covered_display": "100", "missing_lines": 0, "excluded_lines": 0}, "missing_lines": [], "excluded_lines": []}}, "classes": {"": {"executed_lines": [1, 3, 4, 5, 11], "summary": {"covered_lines": 4, "num_statements": 4, "percent_covered": 100.0, "percent_covered_display": "100", "missing_lines": 0, "excluded_lines": 0}, "missing_lines": [], "excluded_lines": []}}}, "src/gmailarchiver/cli/_output_search.py": {"executed_lines": [1, 3, 4, 7, 17, 18, 19, 20, 21, 22, 25, 37, 38, 39, 50, 51, 52, 53, 56, 72, 73, 75, 76, 77, 79, 81, 82, 83, 84, 86, 87, 88, 89, 90, 91, 92, 93, 98, 106, 107, 108, 119], "summary": {"covered_lines": 41, "num_statements": 41, "percent_covered": 100.0, "percent_covered_display": "100", "missing_lines": 0, "excluded_lines": 0}, "missing_lines": [], "excluded_lines": [], "functions": {"_truncate_preview": {"executed_lines": [17, 18, 19, 20, 21, 22], "summary": {"covered_lines": 6, "num_statements": 6, "percent_covered": 100.0, "percent_covered_display": "100", "missing_lines": 0, "excluded_lines": 0}, "missing_lines": [], "excluded_lines": []}, "display_search_results_json": {"executed_lines": [37, 38, 39, 50, 51, 52, 53], "summary": {"covered_lines": 7, "num_statements": 7, "percent_covered": 100.0, "percent_covered_display": "100", "missing_lines": 0, "excluded_lines": 0}, "missing_lines": [], "excluded_lines": []}, "display_search_results_rich": {"executed_lines": [72, 73, 75, 76, 77, 79, 81, 82, 83, 84, 86, 87, 88, 89, 90, 91, 92, 93, 98, 106, 107, 108, 119], "summary": {"covered_lines": 23, "num_statements": 23, "percent_covered": 100.0, "percent_covered_display": "100", "missing_lines": 0, "excluded_lines": 0}, "missing_lines": [], "excluded_lines": []}, "": {"executed_lines": [1, 3, 4, 7, 25, 56], "summary": {"covered_lines": 5, "num_statements": 5, "percent_covered": 100.0, "percent_covered_display": "100", "missing_lines": 0, "excluded_lines": 0}, "missing_lines": [], "excluded_lines": []}}, "classes": {"": {"executed_lines": [1, 3, 4, 7, 17, 18, 19, 20, 21, 22, 25, 37, 38, 39, 50, 51, 52, 53, 56, 72, 73, 75, 76, 77, 79, 81, 82, 83, 84, 86, 87, 88, 89, 90, 91, 92, 93, 98, 106, 107, 108, 119], "summary": {"covered_lines": 41, "num_statements": 41, "percent_covered": 100.0, "percent_covered_display": "100", "missing_lines": 0, "excluded_lines": 0}, "missing_lines": [], "excluded_lines": []}}}, "src/gmailarchiver/cli/adapters.py": {"executed_lines": [1, 9, 11], "summary": {"covered_lines": 2, "num_statements": 2, "percent_covered": 100.0, "percent_covered_display": "100", "missing_lines": 0, "excluded_lines": 0}, "missing_lines": [], "excluded_lines": [], "functions": {"": {"executed_lines": [1, 9, 11], "summary": {"covered_lines": 2, "num_statements": 2, "percent_covered": 100.0, "percent_covered_display": "100", "missing_lines": 0, "excluded_lines": 0}, "missing_lines": [], "excluded_lines": []}}, "classes": {"": {"executed_lines": [1, 9, 11], "summary": {"covered_lines": 2, "num_statements": 2, "percent_covered": 100.0, "percent_covered_display": "100", "missing_lines": 0, "excluded_lines": 0}, "missing_lines": [], "excluded_lines": []}}}, "src/gmailarchiver/cli/command_context.py": {"executed_lines": [1, 25, 26, 27, 28, 29, 30, 31, 32, 33, 34, 35, 37, 39, 40, 41, 42, 48, 49, 51, 53, 54, 57, 58, 59, 77, 78, 79, 80, 81, 82, 83, 84, 85, 86, 87, 91, 97, 99, 105, 107, 113, 115, 123, 127, 128, 148, 149, 153, 157, 198, 199, 200, 203, 204, 205, 206, 207, 208, 217, 219, 220, 221, 222, 223, 224, 225, 226, 231, 232, 233, 234, 235, 240, 242, 262, 263, 264, 267, 268, 269, 270, 271, 272, 281, 283, 284, 285, 286, 287, 288, 289, 290, 295, 296, 297, 298, 299, 304, 306, 307, 335, 336, 337, 338, 339, 340, 341, 346, 347, 348, 355, 356, 357, 358, 366, 367, 369, 370, 374, 375, 396, 398, 399, 400, 401, 403, 406, 407, 409, 410, 411, 412, 414, 416, 425, 426, 428, 434, 435, 437, 444, 445, 448, 449, 450, 451, 452, 453, 455, 459, 472, 474, 487, 489, 495, 499, 521, 528, 531, 532, 534, 541, 542, 543, 544, 545, 546, 547, 549, 551, 552, 553, 554, 555, 556, 558, 560, 562, 563, 565, 567, 568, 570, 572, 573, 574, 575, 579, 586, 588, 590, 592, 594, 596, 599, 634, 638, 639, 640, 641, 642, 644, 645, 648, 649, 650, 651, 654, 655, 656, 657, 658, 659, 660, 661, 664, 667, 673, 681, 682, 684, 686, 687, 688, 689, 695, 698, 699, 700, 701, 702, 703, 710, 711, 715, 716, 721, 722, 723, 726, 727, 730, 731, 732, 733, 735, 737, 739, 740, 741, 742, 743, 745, 746, 754, 755, 758, 759, 760, 761, 762, 767, 768, 769, 770, 771, 775, 778, 779, 781, 783], "summary": {"covered_lines": 268, "num_statements": 268, "percent_covered": 100.0, "percent_covered_display": "100", "missing_lines": 0, "excluded_lines": 0}, "missing_lines": [], "excluded_lines": [], "functions": {"CommandContext.info": {"executed_lines": [97], "summary": {"covered_lines": 1, "num_statements": 1, "percent_covered": 100.0, "percent_covered_display": "100", "missing_lines": 0, "excluded_lines": 0}, "missing_lines": [], "excluded_lines": []}, "CommandContext.warning": {"executed_lines": [105], "summary": {"covered_lines": 1, "num_statements": 1, "percent_covered": 100.0, "percent_covered_display": "100", "missing_lines": 0, "excluded_lines": 0}, "missing_lines": [], "excluded_lines": []}, "CommandContext.success": {"executed_lines": [113], "summary": {"covered_lines": 1, "num_statements": 1, "percent_covered": 100.0, "percent_covered_display": "100", "missing_lines": 0, "excluded_lines": 0}, "missing_lines": [], "excluded_lines": []}, "CommandContext.error": {"executed_lines": [123], "summary": {"covered_lines": 1, "num_statements": 1, "percent_covered": 100.0, "percent_covered_display": "100", "missing_lines": 0, "excluded_lines": 0}, "missing_lines": [], "excluded_lines": []}, "CommandContext.ui": {"executed_lines": [148, 149, 153], "summary": {"covered_lines": 3, "num_statements": 3, "percent_covered": 100.0, "percent_covered_display": "100", "missing_lines": 0, "excluded_lines": 0}, "missing_lines": [], "excluded_lines": []}, "CommandContext.authenticate_gmail": {"executed_lines": [198, 199, 200, 203, 204, 205, 206, 207, 208, 217, 219, 220, 221, 222, 223, 224, 225, 226, 231, 232, 233, 234, 235, 240], "summary": {"covered_lines": 24, "num_statements": 24, "percent_covered": 100.0, "percent_covered_display": "100", "missing_lines": 0, "excluded_lines": 0}, "missing_lines": [], "excluded_lines": []}, "CommandContext.authenticate_gmail_async": {"executed_lines": [262, 263, 264, 267, 268, 269, 270, 271, 272, 281, 283, 284, 285, 286, 287, 288, 289, 290, 295, 296, 297, 298, 299, 304], "summary": {"covered_lines": 24, "num_statements": 24, "percent_covered": 100.0, "percent_covered_display": "100", "missing_lines": 0, "excluded_lines": 0}, "missing_lines": [], "excluded_lines": []}, "CommandContext.gmail_session": {"executed_lines": [335, 336, 337, 338, 339, 340, 341, 346, 347, 348, 355, 356, 357, 358, 366, 367, 369, 370], "summary": {"covered_lines": 18, "num_statements": 18, "percent_covered": 100.0, "percent_covered_display": "100", "missing_lines": 0, "excluded_lines": 0}, "missing_lines": [], "excluded_lines": []}, "CommandContext.operation": {"executed_lines": [396, 398, 399, 400, 401, 403, 406, 407, 409, 410, 411, 412, 414], "summary": {"covered_lines": 13, "num_statements": 13, "percent_covered": 100.0, "percent_covered_display": "100", "missing_lines": 0, "excluded_lines": 0}, "missing_lines": [], "excluded_lines": []}, "CommandContext.set_progress_total": {"executed_lines": [425, 426], "summary": {"covered_lines": 2, "num_statements": 2, "percent_covered": 100.0, "percent_covered_display": "100", "missing_lines": 0, "excluded_lines": 0}, "missing_lines": [], "excluded_lines": []}, "CommandContext.advance_progress": {"executed_lines": [434, 435], "summary": {"covered_lines": 2, "num_statements": 2, "percent_covered": 100.0, "percent_covered_display": "100", "missing_lines": 0, "excluded_lines": 0}, "missing_lines": [], "excluded_lines": []}, "CommandContext.log_progress": {"executed_lines": [444, 445, 448, 449, 450, 451, 452, 453, 455], "summary": {"covered_lines": 9, "num_statements": 9, "percent_covered": 100.0, "percent_covered_display": "100", "missing_lines": 0, "excluded_lines": 0}, "missing_lines": [], "excluded_lines": []}, "CommandContext.show_report": {"executed_lines": [472], "summary": {"covered_lines": 1, "num_statements": 1, "percent_covered": 100.0, "percent_covered_display": "100", "missing_lines": 0, "excluded_lines": 0}, "missing_lines": [], "excluded_lines": []}, "CommandContext.show_table": {"executed_lines": [487], "summary": {"covered_lines": 1, "num_statements": 1, "percent_covered": 100.0, "percent_covered_display": "100", "missing_lines": 0, "excluded_lines": 0}, "missing_lines": [], "excluded_lines": []}, "CommandContext.suggest_next_steps": {"executed_lines": [495], "summary": {"covered_lines": 1, "num_statements": 1, "percent_covered": 100.0, "percent_covered_display": "100", "missing_lines": 0, "excluded_lines": 0}, "missing_lines": [], "excluded_lines": []}, "CommandContext.fail_and_exit": {"executed_lines": [521, 528], "summary": {"covered_lines": 2, "num_statements": 2, "percent_covered": 100.0, "percent_covered_display": "100", "missing_lines": 0, "excluded_lines": 0}, "missing_lines": [], "excluded_lines": []}, "_StaticOperationHandle.__init__": {"executed_lines": [541, 542, 543, 544, 545, 546, 547], "summary": {"covered_lines": 7, "num_statements": 7, "percent_covered": 100.0, "percent_covered_display": "100", "missing_lines": 0, "excluded_lines": 0}, "missing_lines": [], "excluded_lines": []}, "_StaticOperationHandle.log": {"executed_lines": [551, 552, 553, 554, 555, 556, 558], "summary": {"covered_lines": 7, "num_statements": 7, "percent_covered": 100.0, "percent_covered_display": "100", "missing_lines": 0, "excluded_lines": 0}, "missing_lines": [], "excluded_lines": []}, "_StaticOperationHandle.update_progress": {"executed_lines": [562, 563], "summary": {"covered_lines": 2, "num_statements": 2, "percent_covered": 100.0, "percent_covered_display": "100", "missing_lines": 0, "excluded_lines": 0}, "missing_lines": [], "excluded_lines": []}, "_StaticOperationHandle.set_status": {"executed_lines": [567, 568], "summary": {"covered_lines": 2, "num_statements": 2, "percent_covered": 100.0, "percent_covered_display": "100", "missing_lines": 0, "excluded_lines": 0}, "missing_lines": [], "excluded_lines": []}, "_StaticOperationHandle.set_total": {"executed_lines": [572, 573, 574, 575, 579], "summary": {"covered_lines": 5, "num_statements": 5, "percent_covered": 100.0, "percent_covered_display": "100", "missing_lines": 0, "excluded_lines": 0}, "missing_lines": [], "excluded_lines": []}, "_StaticOperationHandle.succeed": {"executed_lines": [588], "summary": {"covered_lines": 1, "num_statements": 1, "percent_covered": 100.0, "percent_covered_display": "100", "missing_lines": 0, "excluded_lines": 0}, "missing_lines": [], "excluded_lines": []}, "_StaticOperationHandle.fail": {"executed_lines": [592], "summary": {"covered_lines": 1, "num_statements": 1, "percent_covered": 100.0, "percent_covered_display": "100", "missing_lines": 0, "excluded_lines": 0}, "missing_lines": [], "excluded_lines": []}, "_StaticOperationHandle.complete_pending": {"executed_lines": [596], "summary": {"covered_lines": 1, "num_statements": 1, "percent_covered": 100.0, "percent_covered_display": "100", "missing_lines": 0, "excluded_lines": 0}, "missing_lines": [], "excluded_lines": []}, "with_context": {"executed_lines": [634, 783], "summary": {"covered_lines": 2, "num_statements": 2, "percent_covered": 100.0, "percent_covered_display": "100", "missing_lines": 0, "excluded_lines": 0}, "missing_lines": [], "excluded_lines": []}, "with_context.decorator": {"executed_lines": [638, 639, 640, 641, 642, 644, 645, 775, 778, 779, 781], "summary": {"covered_lines": 11, "num_statements": 11, "percent_covered": 100.0, "percent_covered_display": "100", "missing_lines": 0, "excluded_lines": 0}, "missing_lines": [], "excluded_lines": []}, "with_context.decorator.wrapper": {"executed_lines": [648, 649, 650, 651, 654, 655, 656, 657, 658, 659, 660, 661, 664, 667, 673, 681, 682, 684, 686, 687, 688, 689, 695, 698, 699, 700, 701, 702, 703, 710, 711, 715, 716, 721, 722, 723, 726, 727, 730, 731, 732, 733, 735, 737, 739, 740, 741, 742, 743, 745, 746, 754, 755, 758, 759, 760, 761, 762, 767, 768, 769, 770, 771], "summary": {"covered_lines": 63, "num_statements": 63, "percent_covered": 100.0, "percent_covered_display": "100", "missing_lines": 0, "excluded_lines": 0}, "missing_lines": [], "excluded_lines": []}, "": {"executed_lines": [1, 25, 26, 27, 28, 29, 30, 31, 32, 33, 34, 35, 37, 39, 40, 41, 42, 48, 49, 51, 53, 54, 57, 58, 59, 77, 78, 79, 80, 81, 82, 83, 84, 85, 86, 87, 91, 99, 107, 115, 127, 128, 157, 242, 306, 307, 374, 375, 416, 428, 437, 459, 474, 489, 499, 531, 532, 534, 549, 560, 565, 570, 586, 590, 594, 599], "summary": {"covered_lines": 62, "num_statements": 62, "percent_covered": 100.0, "percent_covered_display": "100", "missing_lines": 0, "excluded_lines": 0}, "missing_lines": [], "excluded_lines": []}}, "classes": {"CommandContext": {"executed_lines": [97, 105, 113, 123, 148, 149, 153, 198, 199, 200, 203, 204, 205, 206, 207, 208, 217, 219, 220, 221, 222, 223, 224, 225, 226, 231, 232, 233, 234, 235, 240, 262, 263, 264, 267, 268, 269, 270, 271, 272, 281, 283, 284, 285, 286, 287, 288, 289, 290, 295, 296, 297, 298, 299, 304, 335, 336, 337, 338, 339, 340, 341, 346, 347, 348, 355, 356, 357, 358, 366, 367, 369, 370, 396, 398, 399, 400, 401, 403, 406, 407, 409, 410, 411, 412, 414, 425, 426, 434, 435, 444, 445, 448, 449, 450, 451, 452, 453, 455, 472, 487, 495, 521, 528], "summary": {"covered_lines": 104, "num_statements": 104, "percent_covered": 100.0, "percent_covered_display": "100", "missing_lines": 0, "excluded_lines": 0}, "missing_lines": [], "excluded_lines": []}, "_StaticOperationHandle": {"executed_lines": [541, 542, 543, 544, 545, 546, 547, 551, 552, 553, 554, 555, 556, 558, 562, 563, 567, 568, 572, 573, 574, 575, 579, 588, 592, 596], "summary": {"covered_lines": 26, "num_statements": 26, "percent_covered": 100.0, "percent_covered_display": "100", "missing_lines": 0, "excluded_lines": 0}, "missing_lines": [], "excluded_lines": []}, "": {"executed_lines": [1, 25, 26, 27, 28, 29, 30, 31, 32, 33, 34, 35, 37, 39, 40, 41, 42, 48, 49, 51, 53, 54, 57, 58, 59, 77, 78, 79, 80, 81, 82, 83, 84, 85, 86, 87, 91, 99, 107, 115, 127, 128, 157, 242, 306, 307, 374, 375, 416, 428, 437, 459, 474, 489, 499, 531, 532, 534, 549, 560, 565, 570, 586, 590, 594, 599, 634, 638, 639, 640, 641, 642, 644, 645, 648, 649, 650, 651, 654, 655, 656, 657, 658, 659, 660, 661, 664, 667, 673, 681, 682, 684, 686, 687, 688, 689, 695, 698, 699, 700, 701, 702, 703, 710, 711, 715, 716, 721, 722, 723, 726, 727, 730, 731, 732, 733, 735, 737, 739, 740, 741, 742, 743, 745, 746, 754, 755, 758, 759, 760, 761, 762, 767, 768, 769, 770, 771, 775, 778, 779, 781, 783], "summary": {"covered_lines": 138, "num_statements": 138, "percent_covered": 100.0, "percent_covered_display": "100", "missing_lines": 0, "excluded_lines": 0}, "missing_lines": [], "excluded_lines": []}}}, "src/gmailarchiver/cli/commands/archive.py": {"executed_lines": [1, 3, 4, 6, 8, 9, 16, 23, 24, 88, 102, 103, 106, 108, 109, 121, 122, 123, 124, 125, 130, 131, 139, 140, 141, 144, 145, 146, 149, 150, 151, 154, 155, 158, 159, 160, 163, 166, 167, 168, 171, 172, 175, 178, 180, 181, 189, 191, 192, 193, 194, 199, 201, 203, 205, 212, 221, 224, 225, 229, 230, 232, 235, 236, 237, 238, 239, 241, 242, 243, 244, 248, 249, 250, 252, 253, 254, 255, 256, 257, 259, 262, 270, 271, 272, 273, 274, 278, 279, 280, 282, 284, 285, 288, 289, 291, 292, 294, 297, 303, 309, 310, 311, 312, 313, 314, 315, 317, 318, 321, 331, 334, 335, 336, 337, 340, 341, 342, 344], "summary": {"covered_lines": 118, "num_statements": 119, "percent_covered": 99.15966386554622, "percent_covered_display": "99", "missing_lines": 1, "excluded_lines": 0}, "missing_lines": [72], "excluded_lines": [], "functions": {"archive": {"executed_lines": [], "summary": {"covered_lines": 0, "num_statements": 1, "percent_covered": 0.0, "percent_covered_display": "0", "missing_lines": 1, "excluded_lines": 0}, "missing_lines": [72], "excluded_lines": []}, "_run_archive": {"executed_lines": [102, 103, 106, 108, 109, 121, 122, 123, 124, 125, 130, 131, 139, 140, 141, 144, 145, 146, 149, 150, 151, 154, 155, 158, 159, 160, 163, 166, 167, 168, 171, 172, 175], "summary": {"covered_lines": 33, "num_statements": 33, "percent_covered": 100.0, "percent_covered_display": "100", "missing_lines": 0, "excluded_lines": 0}, "missing_lines": [], "excluded_lines": []}, "_handle_dry_run": {"executed_lines": [180, 181], "summary": {"covered_lines": 2, "num_statements": 2, "percent_covered": 100.0, "percent_covered_display": "100", "missing_lines": 0, "excluded_lines": 0}, "missing_lines": [], "excluded_lines": []}, "_handle_interrupted": {"executed_lines": [191, 192, 193, 194], "summary": {"covered_lines": 4, "num_statements": 4, "percent_covered": 100.0, "percent_covered_display": "100", "missing_lines": 0, "excluded_lines": 0}, "missing_lines": [], "excluded_lines": []}, "_handle_validation_failure": {"executed_lines": [201, 203, 205], "summary": {"covered_lines": 3, "num_statements": 3, "percent_covered": 100.0, "percent_covered_display": "100", "missing_lines": 0, "excluded_lines": 0}, "missing_lines": [], "excluded_lines": []}, "_handle_no_new_messages": {"executed_lines": [221, 224, 225, 229, 230, 232, 235, 236, 237, 238, 239, 241, 242, 243, 244, 248, 249, 250, 252, 253, 254, 255, 256, 257, 259], "summary": {"covered_lines": 25, "num_statements": 25, "percent_covered": 100.0, "percent_covered_display": "100", "missing_lines": 0, "excluded_lines": 0}, "missing_lines": [], "excluded_lines": []}, "_handle_deletion": {"executed_lines": [270, 271, 272, 273, 274, 278, 279, 280, 282, 284, 285, 288, 289, 291, 292, 294], "summary": {"covered_lines": 16, "num_statements": 16, "percent_covered": 100.0, "percent_covered_display": "100", "missing_lines": 0, "excluded_lines": 0}, "missing_lines": [], "excluded_lines": []}, "_show_final_summary": {"executed_lines": [303, 309, 310, 311, 312, 313, 314, 315, 317, 318], "summary": {"covered_lines": 10, "num_statements": 10, "percent_covered": 100.0, "percent_covered_display": "100", "missing_lines": 0, "excluded_lines": 0}, "missing_lines": [], "excluded_lines": []}, "_build_validation_panel": {"executed_lines": [331, 334, 335, 336, 337, 340, 341, 342, 344], "summary": {"covered_lines": 9, "num_statements": 9, "percent_covered": 100.0, "percent_covered_display": "100", "missing_lines": 0, "excluded_lines": 0}, "missing_lines": [], "excluded_lines": []}, "": {"executed_lines": [1, 3, 4, 6, 8, 9, 16, 23, 24, 88, 178, 189, 199, 212, 262, 297, 321], "summary": {"covered_lines": 16, "num_statements": 16, "percent_covered": 100.0, "percent_covered_display": "100", "missing_lines": 0, "excluded_lines": 0}, "missing_lines": [], "excluded_lines": []}}, "classes": {"": {"executed_lines": [1, 3, 4, 6, 8, 9, 16, 23, 24, 88, 102, 103, 106, 108, 109, 121, 122, 123, 124, 125, 130, 131, 139, 140, 141, 144, 145, 146, 149, 150, 151, 154, 155, 158, 159, 160, 163, 166, 167, 168, 171, 172, 175, 178, 180, 181, 189, 191, 192, 193, 194, 199, 201, 203, 205, 212, 221, 224, 225, 229, 230, 232, 235, 236, 237, 238, 239, 241, 242, 243, 244, 248, 249, 250, 252, 253, 254, 255, 256, 257, 259, 262, 270, 271, 272, 273, 274, 278, 279, 280, 282, 284, 285, 288, 289, 291, 292, 294, 297, 303, 309, 310, 311, 312, 313, 314, 315, 317, 318, 321, 331, 334, 335, 336, 337, 340, 341, 342, 344], "summary": {"covered_lines": 118, "num_statements": 119, "percent_covered": 99.15966386554622, "percent_covered_display": "99", "missing_lines": 1, "excluded_lines": 0}, "missing_lines": [72], "excluded_lines": []}}}, "src/gmailarchiver/cli/commands/consolidate.py": {"executed_lines": [1, 3, 5, 7, 8, 11, 12, 39], "summary": {"covered_lines": 7, "num_statements": 7, "percent_covered": 100.0, "percent_covered_display": "100", "missing_lines": 0, "excluded_lines": 0}, "missing_lines": [], "excluded_lines": [], "functions": {"consolidate": {"executed_lines": [39], "summary": {"covered_lines": 1, "num_statements": 1, "percent_covered": 100.0, "percent_covered_display": "100", "missing_lines": 0, "excluded_lines": 0}, "missing_lines": [], "excluded_lines": []}, "": {"executed_lines": [1, 3, 5, 7, 8, 11, 12], "summary": {"covered_lines": 6, "num_statements": 6, "percent_covered": 100.0, "percent_covered_display": "100", "missing_lines": 0, "excluded_lines": 0}, "missing_lines": [], "excluded_lines": []}}, "classes": {"": {"executed_lines": [1, 3, 5, 7, 8, 11, 12, 39], "summary": {"covered_lines": 7, "num_statements": 7, "percent_covered": 100.0, "percent_covered_display": "100", "missing_lines": 0, "excluded_lines": 0}, "missing_lines": [], "excluded_lines": []}}}, "src/gmailarchiver/cli/commands/dedupe.py": {"executed_lines": [1, 3, 5, 7, 8, 11, 12, 31], "summary": {"covered_lines": 7, "num_statements": 7, "percent_covered": 100.0, "percent_covered_display": "100", "missing_lines": 0, "excluded_lines": 0}, "missing_lines": [], "excluded_lines": [], "functions": {"dedupe": {"executed_lines": [31], "summary": {"covered_lines": 1, "num_statements": 1, "percent_covered": 100.0, "percent_covered_display": "100", "missing_lines": 0, "excluded_lines": 0}, "missing_lines": [], "excluded_lines": []}, "": {"executed_lines": [1, 3, 5, 7, 8, 11, 12], "summary": {"covered_lines": 6, "num_statements": 6, "percent_covered": 100.0, "percent_covered_display": "100", "missing_lines": 0, "excluded_lines": 0}, "missing_lines": [], "excluded_lines": []}}, "classes": {"": {"executed_lines": [1, 3, 5, 7, 8, 11, 12, 31], "summary": {"covered_lines": 7, "num_statements": 7, "percent_covered": 100.0, "percent_covered_display": "100", "missing_lines": 0, "excluded_lines": 0}, "missing_lines": [], "excluded_lines": []}}}, "src/gmailarchiver/cli/commands/import_.py": {"executed_lines": [1, 3, 4, 6, 8, 9, 10, 13, 14, 39, 49, 57, 58, 59, 65, 68, 69, 70, 77, 78, 79, 80, 81, 86, 87, 94, 95, 96, 98, 102, 105, 107, 108, 113, 121, 127, 133, 134, 136, 139, 142, 143, 148, 151], "summary": {"covered_lines": 43, "num_statements": 49, "percent_covered": 87.75510204081633, "percent_covered_display": "88", "missing_lines": 6, "excluded_lines": 0}, "missing_lines": [99, 115, 116, 117, 118, 137], "excluded_lines": [], "functions": {"import_": {"executed_lines": [39], "summary": {"covered_lines": 1, "num_statements": 1, "percent_covered": 100.0, "percent_covered_display": "100", "missing_lines": 0, "excluded_lines": 0}, "missing_lines": [], "excluded_lines": []}, "_run_import": {"executed_lines": [57, 58, 59, 65, 68, 69, 70, 77, 78, 79, 80, 81, 86, 87, 94, 95, 96, 98, 102], "summary": {"covered_lines": 19, "num_statements": 20, "percent_covered": 95.0, "percent_covered_display": "95", "missing_lines": 1, "excluded_lines": 0}, "missing_lines": [99], "excluded_lines": []}, "_handle_no_files": {"executed_lines": [107, 108], "summary": {"covered_lines": 2, "num_statements": 2, "percent_covered": 100.0, "percent_covered_display": "100", "missing_lines": 0, "excluded_lines": 0}, "missing_lines": [], "excluded_lines": []}, "_handle_errors": {"executed_lines": [], "summary": {"covered_lines": 0, "num_statements": 4, "percent_covered": 0.0, "percent_covered_display": "0", "missing_lines": 4, "excluded_lines": 0}, "missing_lines": [115, 116, 117, 118], "excluded_lines": []}, "_show_final_summary": {"executed_lines": [127, 133, 134, 136, 139, 142, 143, 148, 151], "summary": {"covered_lines": 9, "num_statements": 10, "percent_covered": 90.0, "percent_covered_display": "90", "missing_lines": 1, "excluded_lines": 0}, "missing_lines": [137], "excluded_lines": []}, "": {"executed_lines": [1, 3, 4, 6, 8, 9, 10, 13, 14, 49, 105, 113, 121], "summary": {"covered_lines": 12, "num_statements": 12, "percent_covered": 100.0, "percent_covered_display": "100", "missing_lines": 0, "excluded_lines": 0}, "missing_lines": [], "excluded_lines": []}}, "classes": {"": {"executed_lines": [1, 3, 4, 6, 8, 9, 10, 13, 14, 39, 49, 57, 58, 59, 65, 68, 69, 70, 77, 78, 79, 80, 81, 86, 87, 94, 95, 96, 98, 102, 105, 107, 108, 113, 121, 127, 133, 134, 136, 139, 142, 143, 148, 151], "summary": {"covered_lines": 43, "num_statements": 49, "percent_covered": 87.75510204081633, "percent_covered_display": "88", "missing_lines": 6, "excluded_lines": 0}, "missing_lines": [99, 115, 116, 117, 118, 137], "excluded_lines": []}}}, "src/gmailarchiver/cli/commands/migrate.py": {"executed_lines": [1, 3, 5, 7, 8, 11, 12, 29], "summary": {"covered_lines": 7, "num_statements": 7, "percent_covered": 100.0, "percent_covered_display": "100", "missing_lines": 0, "excluded_lines": 0}, "missing_lines": [], "excluded_lines": [], "functions": {"migrate": {"executed_lines": [29], "summary": {"covered_lines": 1, "num_statements": 1, "percent_covered": 100.0, "percent_covered_display": "100", "missing_lines": 0, "excluded_lines": 0}, "missing_lines": [], "excluded_lines": []}, "": {"executed_lines": [1, 3, 5, 7, 8, 11, 12], "summary": {"covered_lines": 6, "num_statements": 6, "percent_covered": 100.0, "percent_covered_display": "100", "missing_lines": 0, "excluded_lines": 0}, "missing_lines": [], "excluded_lines": []}}, "classes": {"": {"executed_lines": [1, 3, 5, 7, 8, 11, 12, 29], "summary": {"covered_lines": 7, "num_statements": 7, "percent_covered": 100.0, "percent_covered_display": "100", "missing_lines": 0, "excluded_lines": 0}, "missing_lines": [], "excluded_lines": []}}}, "src/gmailarchiver/cli/commands/repair.py": {"executed_lines": [1, 3, 5, 7, 8, 11, 12, 34], "summary": {"covered_lines": 7, "num_statements": 7, "percent_covered": 100.0, "percent_covered_display": "100", "missing_lines": 0, "excluded_lines": 0}, "missing_lines": [], "excluded_lines": [], "functions": {"repair": {"executed_lines": [34], "summary": {"covered_lines": 1, "num_statements": 1, "percent_covered": 100.0, "percent_covered_display": "100", "missing_lines": 0, "excluded_lines": 0}, "missing_lines": [], "excluded_lines": []}, "": {"executed_lines": [1, 3, 5, 7, 8, 11, 12], "summary": {"covered_lines": 6, "num_statements": 6, "percent_covered": 100.0, "percent_covered_display": "100", "missing_lines": 0, "excluded_lines": 0}, "missing_lines": [], "excluded_lines": []}}, "classes": {"": {"executed_lines": [1, 3, 5, 7, 8, 11, 12, 34], "summary": {"covered_lines": 7, "num_statements": 7, "percent_covered": 100.0, "percent_covered_display": "100", "missing_lines": 0, "excluded_lines": 0}, "missing_lines": [], "excluded_lines": []}}}, "src/gmailarchiver/cli/commands/schedule.py": {"executed_lines": [1, 3, 5, 7, 8, 17, 18, 46, 47, 63, 64, 79, 80, 95, 96], "summary": {"covered_lines": 14, "num_statements": 19, "percent_covered": 73.6842105263158, "percent_covered_display": "74", "missing_lines": 5, "excluded_lines": 0}, "missing_lines": [41, 60, 76, 92, 108], "excluded_lines": [], "functions": {"add": {"executed_lines": [], "summary": {"covered_lines": 0, "num_statements": 1, "percent_covered": 0.0, "percent_covered_display": "0", "missing_lines": 1, "excluded_lines": 0}, "missing_lines": [41], "excluded_lines": []}, "list_": {"executed_lines": [], "summary": {"covered_lines": 0, "num_statements": 1, "percent_covered": 0.0, "percent_covered_display": "0", "missing_lines": 1, "excluded_lines": 0}, "missing_lines": [60], "excluded_lines": []}, "remove": {"executed_lines": [], "summary": {"covered_lines": 0, "num_statements": 1, "percent_covered": 0.0, "percent_covered_display": "0", "missing_lines": 1, "excluded_lines": 0}, "missing_lines": [76], "excluded_lines": []}, "enable": {"executed_lines": [], "summary": {"covered_lines": 0, "num_statements": 1, "percent_covered": 0.0, "percent_covered_display": "0", "missing_lines": 1, "excluded_lines": 0}, "missing_lines": [92], "excluded_lines": []}, "disable": {"executed_lines": [], "summary": {"covered_lines": 0, "num_statements": 1, "percent_covered": 0.0, "percent_covered_display": "0", "missing_lines": 1, "excluded_lines": 0}, "missing_lines": [108], "excluded_lines": []}, "": {"executed_lines": [1, 3, 5, 7, 8, 17, 18, 46, 47, 63, 64, 79, 80, 95, 96], "summary": {"covered_lines": 14, "num_statements": 14, "percent_covered": 100.0, "percent_covered_display": "100", "missing_lines": 0, "excluded_lines": 0}, "missing_lines": [], "excluded_lines": []}}, "classes": {"": {"executed_lines": [1, 3, 5, 7, 8, 17, 18, 46, 47, 63, 64, 79, 80, 95, 96], "summary": {"covered_lines": 14, "num_statements": 19, "percent_covered": 73.6842105263158, "percent_covered_display": "74", "missing_lines": 5, "excluded_lines": 0}, "missing_lines": [41, 60, 76, 92, 108], "excluded_lines": []}}}, "src/gmailarchiver/cli/commands/search.py": {"executed_lines": [1, 3, 4, 5, 7, 9, 10, 11, 12, 15, 16, 18, 19, 22, 23, 62, 77, 90, 97, 100, 101, 102, 107, 108, 109, 118, 119, 120, 121, 124, 126, 127, 128, 130, 131, 132, 135, 136, 138, 141, 142, 148, 150, 151, 156, 168, 170, 172, 173, 175, 176, 178, 179, 181, 182, 185, 192, 193, 194, 205, 206, 207, 208, 211, 215, 216, 217, 218, 219, 221, 222, 223, 224, 225, 226, 227, 228, 231, 237, 240, 242, 243, 245, 247, 250, 263, 267, 269, 271, 273, 278, 279, 284, 286, 288, 291, 293, 295, 296, 297, 298, 301, 305, 306, 307, 308, 316, 317, 318, 319, 320, 321, 322, 323, 326, 330, 331, 332, 335, 340, 345, 346, 349, 353], "summary": {"covered_lines": 122, "num_statements": 135, "percent_covered": 90.37037037037037, "percent_covered_display": "90", "missing_lines": 13, "excluded_lines": 0}, "missing_lines": [91, 110, 111, 174, 177, 238, 244, 275, 285, 294, 313, 341, 342], "excluded_lines": [], "functions": {"search": {"executed_lines": [62], "summary": {"covered_lines": 1, "num_statements": 1, "percent_covered": 100.0, "percent_covered_display": "100", "missing_lines": 0, "excluded_lines": 0}, "missing_lines": [], "excluded_lines": []}, "_run_search": {"executed_lines": [90, 97, 100, 101, 102, 107, 108, 109, 118, 119, 120, 121, 124, 126, 127, 128, 130, 131, 132, 135, 136, 138, 141, 142], "summary": {"covered_lines": 24, "num_statements": 27, "percent_covered": 88.88888888888889, "percent_covered_display": "89", "missing_lines": 3, "excluded_lines": 0}, "missing_lines": [91, 110, 111], "excluded_lines": []}, "_handle_no_results": {"executed_lines": [150, 151], "summary": {"covered_lines": 2, "num_statements": 2, "percent_covered": 100.0, "percent_covered_display": "100", "missing_lines": 0, "excluded_lines": 0}, "missing_lines": [], "excluded_lines": []}, "_sort_by_date": {"executed_lines": [168, 170, 181, 182], "summary": {"covered_lines": 4, "num_statements": 4, "percent_covered": 100.0, "percent_covered_display": "100", "missing_lines": 0, "excluded_lines": 0}, "missing_lines": [], "excluded_lines": []}, "_sort_by_date.get_date_key": {"executed_lines": [172, 173, 175, 176, 178, 179], "summary": {"covered_lines": 6, "num_statements": 8, "percent_covered": 75.0, "percent_covered_display": "75", "missing_lines": 2, "excluded_lines": 0}, "missing_lines": [174, 177], "excluded_lines": []}, "_handle_json_output": {"executed_lines": [192, 193, 194, 205, 206, 207, 208], "summary": {"covered_lines": 7, "num_statements": 7, "percent_covered": 100.0, "percent_covered_display": "100", "missing_lines": 0, "excluded_lines": 0}, "missing_lines": [], "excluded_lines": []}, "_display_results_with_preview": {"executed_lines": [215, 216, 217, 218, 219, 221, 222, 223, 224, 225, 226, 227, 228], "summary": {"covered_lines": 13, "num_statements": 13, "percent_covered": 100.0, "percent_covered_display": "100", "missing_lines": 0, "excluded_lines": 0}, "missing_lines": [], "excluded_lines": []}, "_format_date_short": {"executed_lines": [237, 240, 242, 243, 245, 247], "summary": {"covered_lines": 6, "num_statements": 8, "percent_covered": 75.0, "percent_covered_display": "75", "missing_lines": 2, "excluded_lines": 0}, "missing_lines": [238, 244], "excluded_lines": []}, "_display_results_table": {"executed_lines": [263, 267, 269, 271, 273, 278, 279, 284, 286, 288], "summary": {"covered_lines": 10, "num_statements": 12, "percent_covered": 83.33333333333333, "percent_covered_display": "83", "missing_lines": 2, "excluded_lines": 0}, "missing_lines": [275, 285], "excluded_lines": []}, "_truncate_preview": {"executed_lines": [293, 295, 296, 297, 298], "summary": {"covered_lines": 5, "num_statements": 6, "percent_covered": 83.33333333333333, "percent_covered_display": "83", "missing_lines": 1, "excluded_lines": 0}, "missing_lines": [294], "excluded_lines": []}, "_handle_interactive_mode": {"executed_lines": [305, 306, 307, 308, 316, 317, 318, 319, 320, 321, 322, 323, 326, 330, 331, 332, 335, 340, 345, 346, 349, 353], "summary": {"covered_lines": 22, "num_statements": 25, "percent_covered": 88.0, "percent_covered_display": "88", "missing_lines": 3, "excluded_lines": 0}, "missing_lines": [313, 341, 342], "excluded_lines": []}, "": {"executed_lines": [1, 3, 4, 5, 7, 9, 10, 11, 12, 15, 16, 18, 19, 22, 23, 77, 148, 156, 185, 211, 231, 250, 291, 301], "summary": {"covered_lines": 22, "num_statements": 22, "percent_covered": 100.0, "percent_covered_display": "100", "missing_lines": 0, "excluded_lines": 0}, "missing_lines": [], "excluded_lines": []}}, "classes": {"SortOrder": {"executed_lines": [], "summary": {"covered_lines": 0, "num_statements": 0, "percent_covered": 100.0, "percent_covered_display": "100", "missing_lines": 0, "excluded_lines": 0}, "missing_lines": [], "excluded_lines": []}, "": {"executed_lines": [1, 3, 4, 5, 7, 9, 10, 11, 12, 15, 16, 18, 19, 22, 23, 62, 77, 90, 97, 100, 101, 102, 107, 108, 109, 118, 119, 120, 121, 124, 126, 127, 128, 130, 131, 132, 135, 136, 138, 141, 142, 148, 150, 151, 156, 168, 170, 172, 173, 175, 176, 178, 179, 181, 182, 185, 192, 193, 194, 205, 206, 207, 208, 211, 215, 216, 217, 218, 219, 221, 222, 223, 224, 225, 226, 227, 228, 231, 237, 240, 242, 243, 245, 247, 250, 263, 267, 269, 271, 273, 278, 279, 284, 286, 288, 291, 293, 295, 296, 297, 298, 301, 305, 306, 307, 308, 316, 317, 318, 319, 320, 321, 322, 323, 326, 330, 331, 332, 335, 340, 345, 346, 349, 353], "summary": {"covered_lines": 122, "num_statements": 135, "percent_covered": 90.37037037037037, "percent_covered_display": "90", "missing_lines": 13, "excluded_lines": 0}, "missing_lines": [91, 110, 111, 174, 177, 238, 244, 275, 285, 294, 313, 341, 342], "excluded_lines": []}}}, "src/gmailarchiver/cli/commands/status.py": {"executed_lines": [1, 3, 5, 7, 8, 9, 10, 11, 14, 15, 34, 37, 43, 46, 47, 48, 51, 52, 53, 62, 74, 75, 76, 77, 80, 81, 82, 83, 84, 89, 91, 94, 97, 100], "summary": {"covered_lines": 33, "num_statements": 57, "percent_covered": 57.89473684210526, "percent_covered_display": "58", "missing_lines": 24, "excluded_lines": 0}, "missing_lines": [54, 55, 63, 71, 86, 88, 95, 109, 110, 112, 115, 116, 117, 119, 120, 123, 124, 125, 126, 128, 129, 130, 132, 134], "excluded_lines": [], "functions": {"status": {"executed_lines": [34], "summary": {"covered_lines": 1, "num_statements": 1, "percent_covered": 100.0, "percent_covered_display": "100", "missing_lines": 0, "excluded_lines": 0}, "missing_lines": [], "excluded_lines": []}, "_run_status": {"executed_lines": [43, 46, 47, 48, 51, 52, 53, 62, 74, 75, 76, 77, 80, 81, 82, 83, 84, 89, 91, 94, 97], "summary": {"covered_lines": 21, "num_statements": 28, "percent_covered": 75.0, "percent_covered_display": "75", "missing_lines": 7, "excluded_lines": 0}, "missing_lines": [54, 55, 63, 71, 86, 88, 95], "excluded_lines": []}, "_display_recent_runs_table": {"executed_lines": [], "summary": {"covered_lines": 0, "num_statements": 17, "percent_covered": 0.0, "percent_covered_display": "0", "missing_lines": 17, "excluded_lines": 0}, "missing_lines": [109, 110, 112, 115, 116, 117, 119, 120, 123, 124, 125, 126, 128, 129, 130, 132, 134], "excluded_lines": []}, "": {"executed_lines": [1, 3, 5, 7, 8, 9, 10, 11, 14, 15, 37, 100], "summary": {"covered_lines": 11, "num_statements": 11, "percent_covered": 100.0, "percent_covered_display": "100", "missing_lines": 0, "excluded_lines": 0}, "missing_lines": [], "excluded_lines": []}}, "classes": {"": {"executed_lines": [1, 3, 5, 7, 8, 9, 10, 11, 14, 15, 34, 37, 43, 46, 47, 48, 51, 52, 53, 62, 74, 75, 76, 77, 80, 81, 82, 83, 84, 89, 91, 94, 97, 100], "summary": {"covered_lines": 33, "num_statements": 57, "percent_covered": 57.89473684210526, "percent_covered_display": "58", "missing_lines": 24, "excluded_lines": 0}, "missing_lines": [54, 55, 63, 71, 86, 88, 95, 109, 110, 112, 115, 116, 117, 119, 120, 123, 124, 125, 126, 128, 129, 130, 132, 134], "excluded_lines": []}}}, "src/gmailarchiver/cli/commands/validate.py": {"executed_lines": [1, 3, 4, 6, 8, 9, 14, 21, 22, 41, 51, 59, 60, 61, 67, 68, 79, 81, 82, 83, 90, 91, 92, 93, 94, 99, 100, 107, 108, 109, 110, 112, 115, 117, 128, 131, 134, 135, 138, 141, 149, 158, 161, 163, 164, 169, 170, 172, 173, 177, 182, 183, 186, 189, 191, 199, 200, 202], "summary": {"covered_lines": 57, "num_statements": 58, "percent_covered": 98.27586206896552, "percent_covered_display": "98", "missing_lines": 1, "excluded_lines": 0}, "missing_lines": [69], "excluded_lines": [], "functions": {"validate": {"executed_lines": [41], "summary": {"covered_lines": 1, "num_statements": 1, "percent_covered": 100.0, "percent_covered_display": "100", "missing_lines": 0, "excluded_lines": 0}, "missing_lines": [], "excluded_lines": []}, "_run_validate": {"executed_lines": [59, 60, 61, 67, 68, 79, 81, 82, 83, 90, 91, 92, 93, 94, 99, 100, 107, 108, 109, 110, 112], "summary": {"covered_lines": 21, "num_statements": 22, "percent_covered": 95.45454545454545, "percent_covered_display": "95", "missing_lines": 1, "excluded_lines": 0}, "missing_lines": [69], "excluded_lines": []}, "_handle_json_output": {"executed_lines": [117, 128], "summary": {"covered_lines": 2, "num_statements": 2, "percent_covered": 100.0, "percent_covered_display": "100", "missing_lines": 0, "excluded_lines": 0}, "missing_lines": [], "excluded_lines": []}, "_show_success": {"executed_lines": [134, 135, 138, 141], "summary": {"covered_lines": 4, "num_statements": 4, "percent_covered": 100.0, "percent_covered_display": "100", "missing_lines": 0, "excluded_lines": 0}, "missing_lines": [], "excluded_lines": []}, "_show_failure": {"executed_lines": [158, 161, 163, 164, 169, 170, 172, 173, 177, 182, 183, 186], "summary": {"covered_lines": 12, "num_statements": 12, "percent_covered": 100.0, "percent_covered_display": "100", "missing_lines": 0, "excluded_lines": 0}, "missing_lines": [], "excluded_lines": []}, "_build_validation_panel": {"executed_lines": [191, 199, 200, 202], "summary": {"covered_lines": 4, "num_statements": 4, "percent_covered": 100.0, "percent_covered_display": "100", "missing_lines": 0, "excluded_lines": 0}, "missing_lines": [], "excluded_lines": []}, "": {"executed_lines": [1, 3, 4, 6, 8, 9, 14, 21, 22, 51, 115, 131, 149, 189], "summary": {"covered_lines": 13, "num_statements": 13, "percent_covered": 100.0, "percent_covered_display": "100", "missing_lines": 0, "excluded_lines": 0}, "missing_lines": [], "excluded_lines": []}}, "classes": {"": {"executed_lines": [1, 3, 4, 6, 8, 9, 14, 21, 22, 41, 51, 59, 60, 61, 67, 68, 79, 81, 82, 83, 90, 91, 92, 93, 94, 99, 100, 107, 108, 109, 110, 112, 115, 117, 128, 131, 134, 135, 138, 141, 149, 158, 161, 163, 164, 169, 170, 172, 173, 177, 182, 183, 186, 189, 191, 199, 200, 202], "summary": {"covered_lines": 57, "num_statements": 58, "percent_covered": 98.27586206896552, "percent_covered_display": "98", "missing_lines": 1, "excluded_lines": 0}, "missing_lines": [69], "excluded_lines": []}}}, "src/gmailarchiver/cli/commands/verify.py": {"executed_lines": [1, 3, 5, 7, 8, 15, 16, 35, 36, 55, 56], "summary": {"covered_lines": 10, "num_statements": 13, "percent_covered": 76.92307692307692, "percent_covered_display": "77", "missing_lines": 3, "excluded_lines": 0}, "missing_lines": [32, 52, 72], "excluded_lines": [], "functions": {"verify_integrity": {"executed_lines": [], "summary": {"covered_lines": 0, "num_statements": 1, "percent_covered": 0.0, "percent_covered_display": "0", "missing_lines": 1, "excluded_lines": 0}, "missing_lines": [32], "excluded_lines": []}, "verify_consistency": {"executed_lines": [], "summary": {"covered_lines": 0, "num_statements": 1, "percent_covered": 0.0, "percent_covered_display": "0", "missing_lines": 1, "excluded_lines": 0}, "missing_lines": [52], "excluded_lines": []}, "verify_offsets": {"executed_lines": [], "summary": {"covered_lines": 0, "num_statements": 1, "percent_covered": 0.0, "percent_covered_display": "0", "missing_lines": 1, "excluded_lines": 0}, "missing_lines": [72], "excluded_lines": []}, "": {"executed_lines": [1, 3, 5, 7, 8, 15, 16, 35, 36, 55, 56], "summary": {"covered_lines": 10, "num_statements": 10, "percent_covered": 100.0, "percent_covered_display": "100", "missing_lines": 0, "excluded_lines": 0}, "missing_lines": [], "excluded_lines": []}}, "classes": {"": {"executed_lines": [1, 3, 5, 7, 8, 15, 16, 35, 36, 55, 56], "summary": {"covered_lines": 10, "num_statements": 13, "percent_covered": 76.92307692307692, "percent_covered_display": "77", "missing_lines": 3, "excluded_lines": 0}, "missing_lines": [32, 52, 72], "excluded_lines": []}}}, "src/gmailarchiver/cli/consolidate.py": {"executed_lines": [1, 3, 5, 6, 7, 10, 20, 22, 30, 31, 32, 38, 41, 42, 43, 45, 46, 53, 54, 62, 63, 64, 65, 66, 77, 90, 95], "summary": {"covered_lines": 26, "num_statements": 32, "percent_covered": 81.25, "percent_covered_display": "81", "missing_lines": 6, "excluded_lines": 0}, "missing_lines": [23, 51, 67, 68, 69, 74], "excluded_lines": [], "functions": {"consolidate_command": {"executed_lines": [20, 22, 30, 31, 32, 38, 41, 42, 43, 45, 46, 53, 54, 62, 63, 64, 65, 66, 77, 90, 95], "summary": {"covered_lines": 21, "num_statements": 27, "percent_covered": 77.77777777777777, "percent_covered_display": "78", "missing_lines": 6, "excluded_lines": 0}, "missing_lines": [23, 51, 67, 68, 69, 74], "excluded_lines": []}, "": {"executed_lines": [1, 3, 5, 6, 7, 10], "summary": {"covered_lines": 5, "num_statements": 5, "percent_covered": 100.0, "percent_covered_display": "100", "missing_lines": 0, "excluded_lines": 0}, "missing_lines": [], "excluded_lines": []}}, "classes": {"": {"executed_lines": [1, 3, 5, 6, 7, 10, 20, 22, 30, 31, 32, 38, 41, 42, 43, 45, 46, 53, 54, 62, 63, 64, 65, 66, 77, 90, 95], "summary": {"covered_lines": 26, "num_statements": 32, "percent_covered": 81.25, "percent_covered_display": "81", "missing_lines": 6, "excluded_lines": 0}, "missing_lines": [23, 51, 67, 68, 69, 74], "excluded_lines": []}}}, "src/gmailarchiver/cli/dedupe.py": {"executed_lines": [1, 3, 5, 6, 7, 10, 17, 19, 26, 29, 30, 31, 33, 41, 42, 44, 45, 46, 47, 49, 50, 51, 52, 54, 66, 67, 68, 71, 72, 73, 80, 86, 93, 94], "summary": {"covered_lines": 33, "num_statements": 40, "percent_covered": 82.5, "percent_covered_display": "82", "missing_lines": 7, "excluded_lines": 0}, "missing_lines": [20, 34, 39, 56, 57, 58, 63], "excluded_lines": [], "functions": {"dedupe_command": {"executed_lines": [17, 19, 26, 29, 30, 31, 33, 41, 42, 44, 45, 46, 47, 49, 50, 51, 52, 54, 66, 67, 68, 71, 72, 73, 80, 86, 93, 94], "summary": {"covered_lines": 28, "num_statements": 35, "percent_covered": 80.0, "percent_covered_display": "80", "missing_lines": 7, "excluded_lines": 0}, "missing_lines": [20, 34, 39, 56, 57, 58, 63], "excluded_lines": []}, "": {"executed_lines": [1, 3, 5, 6, 7, 10], "summary": {"covered_lines": 5, "num_statements": 5, "percent_covered": 100.0, "percent_covered_display": "100", "missing_lines": 0, "excluded_lines": 0}, "missing_lines": [], "excluded_lines": []}}, "classes": {"": {"executed_lines": [1, 3, 5, 6, 7, 10, 17, 19, 26, 29, 30, 31, 33, 41, 42, 44, 45, 46, 47, 49, 50, 51, 52, 54, 66, 67, 68, 71, 72, 73, 80, 86, 93, 94], "summary": {"covered_lines": 33, "num_statements": 40, "percent_covered": 82.5, "percent_covered_display": "82", "missing_lines": 7, "excluded_lines": 0}, "missing_lines": [20, 34, 39, 56, 57, 58, 63], "excluded_lines": []}}}, "src/gmailarchiver/cli/main.py": {"executed_lines": [1, 3, 5, 8, 10, 16, 19, 20, 27, 28, 31, 32, 43, 47, 51, 54, 55, 56, 57, 58, 61, 62, 63, 64, 65, 72, 73, 74, 75, 78, 79, 80, 81, 82, 83, 84, 85, 88, 89, 90, 91, 92, 96], "summary": {"covered_lines": 42, "num_statements": 44, "percent_covered": 95.45454545454545, "percent_covered_display": "95", "missing_lines": 2, "excluded_lines": 0}, "missing_lines": [11, 12], "excluded_lines": [], "functions": {"version_callback": {"executed_lines": [10], "summary": {"covered_lines": 1, "num_statements": 3, "percent_covered": 33.333333333333336, "percent_covered_display": "33", "missing_lines": 2, "excluded_lines": 0}, "missing_lines": [11, 12], "excluded_lines": []}, "main": {"executed_lines": [43], "summary": {"covered_lines": 1, "num_statements": 1, "percent_covered": 100.0, "percent_covered_display": "100", "missing_lines": 0, "excluded_lines": 0}, "missing_lines": [], "excluded_lines": []}, "_register_commands": {"executed_lines": [51, 54, 55, 56, 57, 58, 61, 62, 63, 64, 65, 72, 73, 74, 75, 78, 79, 80, 81, 82, 83, 84, 85, 88, 89, 90, 91, 92], "summary": {"covered_lines": 28, "num_statements": 28, "percent_covered": 100.0, "percent_covered_display": "100", "missing_lines": 0, "excluded_lines": 0}, "missing_lines": [], "excluded_lines": []}, "": {"executed_lines": [1, 3, 5, 8, 16, 19, 20, 27, 28, 31, 32, 47, 96], "summary": {"covered_lines": 12, "num_statements": 12, "percent_covered": 100.0, "percent_covered_display": "100", "missing_lines": 0, "excluded_lines": 0}, "missing_lines": [], "excluded_lines": []}}, "classes": {"": {"executed_lines": [1, 3, 5, 8, 10, 16, 19, 20, 27, 28, 31, 32, 43, 47, 51, 54, 55, 56, 57, 58, 61, 62, 63, 64, 65, 72, 73, 74, 75, 78, 79, 80, 81, 82, 83, 84, 85, 88, 89, 90, 91, 92, 96], "summary": {"covered_lines": 42, "num_statements": 44, "percent_covered": 95.45454545454545, "percent_covered_display": "95", "missing_lines": 2, "excluded_lines": 0}, "missing_lines": [11, 12], "excluded_lines": []}}}, "src/gmailarchiver/cli/migrate.py": {"executed_lines": [1, 3, 5, 6, 7, 10, 16, 18, 19, 25, 26, 27, 29, 30, 31, 32, 34, 35, 36, 37, 39, 41, 42, 43, 54, 64, 65], "summary": {"covered_lines": 26, "num_statements": 27, "percent_covered": 96.29629629629629, "percent_covered_display": "96", "missing_lines": 1, "excluded_lines": 0}, "missing_lines": [51], "excluded_lines": [], "functions": {"migrate_command": {"executed_lines": [16, 18, 19, 25, 26, 27, 29, 30, 31, 32, 34, 35, 36, 37, 39, 41, 42, 43, 54, 64, 65], "summary": {"covered_lines": 21, "num_statements": 22, "percent_covered": 95.45454545454545, "percent_covered_display": "95", "missing_lines": 1, "excluded_lines": 0}, "missing_lines": [51], "excluded_lines": []}, "": {"executed_lines": [1, 3, 5, 6, 7, 10], "summary": {"covered_lines": 5, "num_statements": 5, "percent_covered": 100.0, "percent_covered_display": "100", "missing_lines": 0, "excluded_lines": 0}, "missing_lines": [], "excluded_lines": []}}, "classes": {"": {"executed_lines": [1, 3, 5, 6, 7, 10, 16, 18, 19, 25, 26, 27, 29, 30, 31, 32, 34, 35, 36, 37, 39, 41, 42, 43, 54, 64, 65], "summary": {"covered_lines": 26, "num_statements": 27, "percent_covered": 96.29629629629629, "percent_covered_display": "96", "missing_lines": 1, "excluded_lines": 0}, "missing_lines": [51], "excluded_lines": []}}}, "src/gmailarchiver/cli/output.py": {"executed_lines": [1, 7, 8, 9, 10, 11, 12, 13, 14, 15, 16, 17, 19, 20, 21, 22, 31, 32, 39, 40, 53, 62, 70, 78, 86, 94, 103, 113, 114, 127, 135, 147, 151, 161, 162, 171, 177, 179, 186, 187, 188, 189, 190, 191, 193, 195, 201, 203, 209, 211, 217, 219, 225, 227, 234, 236, 243, 246, 247, 256, 262, 264, 270, 271, 273, 283, 285, 287, 289, 291, 299, 300, 308, 325, 326, 327, 328, 329, 330, 333, 334, 336, 343, 345, 348, 354, 356, 358, 361, 377, 383, 385, 391, 393, 396, 402, 404, 407, 423, 424, 432, 445, 446, 447, 448, 449, 451, 457, 458, 459, 461, 465, 468, 469, 471, 472, 473, 476, 477, 478, 481, 484, 485, 486, 487, 488, 489, 490, 491, 492, 494, 495, 498, 499, 502, 509, 517, 518, 520, 530, 533, 537, 539, 541, 542, 546, 547, 549, 550, 552, 554, 559, 566, 568, 570, 572, 574, 575, 577, 578, 581, 582, 583, 585, 586, 587, 588, 589, 590, 591, 592, 593, 594, 597, 598, 599, 601, 602, 603, 604, 607, 608, 622, 631, 633, 643, 644, 646, 647, 648, 649, 650, 652, 664, 666, 667, 668, 671, 672, 675, 676, 677, 680, 681, 684, 685, 687, 695, 696, 697, 700, 705, 706, 707, 708, 710, 716, 718, 728, 730, 731, 732, 733, 736, 737, 739, 742, 744, 746, 747, 748, 749, 752, 753, 769, 785, 786, 788, 790, 791, 793, 796, 797, 798, 799, 801, 808, 809, 810, 811, 813, 819, 821, 827, 832, 834, 835, 836, 838, 839, 840, 841, 842, 843, 844, 845, 847, 848, 849, 852, 860, 863, 865, 878, 880, 882, 884, 887, 888, 904, 905, 914, 915, 916, 923, 924, 926, 938, 939, 941, 944, 947, 948, 951, 952, 955, 956, 958, 969, 970, 973, 974, 977, 978, 980, 985, 986, 987, 989, 991, 993, 995, 997, 1006, 1012, 1014, 1015, 1016, 1017, 1019, 1022, 1023, 1034, 1037, 1039, 1046, 1047, 1048, 1049, 1050, 1051, 1053, 1055, 1056, 1057, 1058, 1060, 1079, 1080, 1081, 1082, 1083, 1085, 1087, 1088, 1089, 1090, 1091, 1094, 1096, 1098, 1101, 1102, 1105, 1106, 1109, 1112, 1114, 1117, 1122, 1124, 1130, 1131, 1133, 1135, 1137, 1143, 1144, 1146, 1153, 1154, 1157, 1158, 1161, 1162, 1166, 1167, 1170, 1171, 1173, 1175, 1181, 1182, 1183, 1184, 1186, 1192, 1193, 1195, 1197, 1203, 1204, 1205, 1207, 1209, 1216, 1217, 1219, 1220, 1221, 1223, 1225, 1226, 1228, 1233, 1234, 1243, 1244, 1245, 1246, 1248, 1249, 1251, 1254, 1255, 1256, 1258, 1259, 1260, 1261, 1264, 1265, 1279, 1294, 1295, 1297, 1298, 1299, 1302, 1303, 1306, 1307, 1309, 1311, 1318, 1319, 1321, 1322, 1325, 1326, 1327, 1328, 1329, 1331, 1332, 1356, 1358, 1361, 1362, 1363, 1365, 1366, 1367, 1370, 1385, 1386, 1388, 1389, 1412, 1413, 1414, 1416, 1427, 1428, 1430, 1431, 1441, 1454, 1455, 1458, 1460, 1461, 1463, 1466, 1467, 1468, 1469, 1471, 1472, 1474, 1477, 1478, 1481, 1482, 1483, 1486, 1487, 1489, 1492, 1493, 1494, 1495, 1497, 1499, 1516, 1517, 1525, 1527, 1528, 1530, 1531, 1532, 1534, 1535, 1537, 1539, 1580, 1592, 1596, 1599, 1600, 1601, 1602, 1603, 1604, 1605, 1609, 1613, 1614, 1616, 1627, 1628, 1630, 1632, 1638, 1639, 1640, 1642, 1643, 1645, 1646, 1647, 1648, 1650, 1656, 1658, 1666, 1667, 1670, 1671, 1672, 1673, 1675, 1676, 1677, 1678, 1680, 1681, 1683, 1703, 1704, 1713, 1714, 1715, 1716, 1718, 1719, 1720, 1721, 1723, 1725, 1727, 1728, 1729, 1730, 1732, 1733, 1734, 1736, 1738, 1744, 1745, 1746, 1748, 1751, 1765, 1766, 1773, 1775, 1776, 1779, 1780, 1783, 1806, 1807, 1808, 1809, 1811, 1812, 1813, 1814, 1816, 1817, 1820, 1822, 1823, 1824, 1825, 1826, 1827, 1830, 1831, 1833, 1839, 1840, 1841, 1843, 1849, 1850, 1851, 1853, 1854, 1856, 1858, 1864, 1865, 1866, 1868, 1869, 1871, 1873, 1879, 1880, 1881, 1883, 1884, 1886, 1887, 1889, 1896, 1897, 1899, 1901, 1902, 1910, 1911, 1913, 1914, 1916, 1920, 1921, 1922, 1923, 1925, 1926, 1927, 1929, 1930, 1932, 1933, 1935, 1942, 1943, 1947, 1948, 1949, 1950, 1951, 1954, 1958, 1959, 1960, 1962, 1963], "summary": {"covered_lines": 633, "num_statements": 678, "percent_covered": 93.36283185840708, "percent_covered_display": "93", "missing_lines": 45, "excluded_lines": 0}, "missing_lines": [60, 68, 76, 84, 92, 101, 110, 133, 145, 149, 153, 346, 359, 368, 369, 370, 372, 374, 375, 394, 405, 417, 419, 420, 462, 531, 702, 703, 850, 875, 876, 917, 918, 920, 1099, 1163, 1231, 1581, 1582, 1590, 1593, 1610, 1611, 1749, 1917], "excluded_lines": [], "functions": {"OperationHandle.log": {"executed_lines": [], "summary": {"covered_lines": 0, "num_statements": 1, "percent_covered": 0.0, "percent_covered_display": "0", "missing_lines": 1, "excluded_lines": 0}, "missing_lines": [60], "excluded_lines": []}, "OperationHandle.update_progress": {"executed_lines": [], "summary": {"covered_lines": 0, "num_statements": 1, "percent_covered": 0.0, "percent_covered_display": "0", "missing_lines": 1, "excluded_lines": 0}, "missing_lines": [68], "excluded_lines": []}, "OperationHandle.set_status": {"executed_lines": [], "summary": {"covered_lines": 0, "num_statements": 1, "percent_covered": 0.0, "percent_covered_display": "0", "missing_lines": 1, "excluded_lines": 0}, "missing_lines": [76], "excluded_lines": []}, "OperationHandle.succeed": {"executed_lines": [], "summary": {"covered_lines": 0, "num_statements": 1, "percent_covered": 0.0, "percent_covered_display": "0", "missing_lines": 1, "excluded_lines": 0}, "missing_lines": [84], "excluded_lines": []}, "OperationHandle.fail": {"executed_lines": [], "summary": {"covered_lines": 0, "num_statements": 1, "percent_covered": 0.0, "percent_covered_display": "0", "missing_lines": 1, "excluded_lines": 0}, "missing_lines": [92], "excluded_lines": []}, "OperationHandle.set_total": {"executed_lines": [], "summary": {"covered_lines": 0, "num_statements": 1, "percent_covered": 0.0, "percent_covered_display": "0", "missing_lines": 1, "excluded_lines": 0}, "missing_lines": [101], "excluded_lines": []}, "OperationHandle.complete_pending": {"executed_lines": [], "summary": {"covered_lines": 0, "num_statements": 1, "percent_covered": 0.0, "percent_covered_display": "0", "missing_lines": 1, "excluded_lines": 0}, "missing_lines": [110], "excluded_lines": []}, "OutputHandler.print": {"executed_lines": [], "summary": {"covered_lines": 0, "num_statements": 1, "percent_covered": 0.0, "percent_covered_display": "0", "missing_lines": 1, "excluded_lines": 0}, "missing_lines": [133], "excluded_lines": []}, "OutputHandler.start_operation": {"executed_lines": [], "summary": {"covered_lines": 0, "num_statements": 1, "percent_covered": 0.0, "percent_covered_display": "0", "missing_lines": 1, "excluded_lines": 0}, "missing_lines": [145], "excluded_lines": []}, "OutputHandler.__enter__": {"executed_lines": [], "summary": {"covered_lines": 0, "num_statements": 1, "percent_covered": 0.0, "percent_covered_display": "0", "missing_lines": 1, "excluded_lines": 0}, "missing_lines": [149], "excluded_lines": []}, "OutputHandler.__exit__": {"executed_lines": [], "summary": {"covered_lines": 0, "num_statements": 1, "percent_covered": 0.0, "percent_covered_display": "0", "missing_lines": 1, "excluded_lines": 0}, "missing_lines": [153], "excluded_lines": []}, "StaticOperationHandle.__init__": {"executed_lines": [177], "summary": {"covered_lines": 1, "num_statements": 1, "percent_covered": 100.0, "percent_covered_display": "100", "missing_lines": 0, "excluded_lines": 0}, "missing_lines": [], "excluded_lines": []}, "StaticOperationHandle.log": {"executed_lines": [186, 187, 188, 189, 190, 191, 193], "summary": {"covered_lines": 7, "num_statements": 7, "percent_covered": 100.0, "percent_covered_display": "100", "missing_lines": 0, "excluded_lines": 0}, "missing_lines": [], "excluded_lines": []}, "StaticOperationHandle.update_progress": {"executed_lines": [201], "summary": {"covered_lines": 1, "num_statements": 1, "percent_covered": 100.0, "percent_covered_display": "100", "missing_lines": 0, "excluded_lines": 0}, "missing_lines": [], "excluded_lines": []}, "StaticOperationHandle.set_status": {"executed_lines": [209], "summary": {"covered_lines": 1, "num_statements": 1, "percent_covered": 100.0, "percent_covered_display": "100", "missing_lines": 0, "excluded_lines": 0}, "missing_lines": [], "excluded_lines": []}, "StaticOperationHandle.succeed": {"executed_lines": [217], "summary": {"covered_lines": 1, "num_statements": 1, "percent_covered": 100.0, "percent_covered_display": "100", "missing_lines": 0, "excluded_lines": 0}, "missing_lines": [], "excluded_lines": []}, "StaticOperationHandle.fail": {"executed_lines": [225], "summary": {"covered_lines": 1, "num_statements": 1, "percent_covered": 100.0, "percent_covered_display": "100", "missing_lines": 0, "excluded_lines": 0}, "missing_lines": [], "excluded_lines": []}, "StaticOperationHandle.set_total": {"executed_lines": [234], "summary": {"covered_lines": 1, "num_statements": 1, "percent_covered": 100.0, "percent_covered_display": "100", "missing_lines": 0, "excluded_lines": 0}, "missing_lines": [], "excluded_lines": []}, "StaticOperationHandle.complete_pending": {"executed_lines": [243], "summary": {"covered_lines": 1, "num_statements": 1, "percent_covered": 100.0, "percent_covered_display": "100", "missing_lines": 0, "excluded_lines": 0}, "missing_lines": [], "excluded_lines": []}, "StaticOutputHandler.__init__": {"executed_lines": [262], "summary": {"covered_lines": 1, "num_statements": 1, "percent_covered": 100.0, "percent_covered_display": "100", "missing_lines": 0, "excluded_lines": 0}, "missing_lines": [], "excluded_lines": []}, "StaticOutputHandler.print": {"executed_lines": [270, 271], "summary": {"covered_lines": 2, "num_statements": 2, "percent_covered": 100.0, "percent_covered_display": "100", "missing_lines": 0, "excluded_lines": 0}, "missing_lines": [], "excluded_lines": []}, "StaticOutputHandler.start_operation": {"executed_lines": [283], "summary": {"covered_lines": 1, "num_statements": 1, "percent_covered": 100.0, "percent_covered_display": "100", "missing_lines": 0, "excluded_lines": 0}, "missing_lines": [], "excluded_lines": []}, "StaticOutputHandler.__enter__": {"executed_lines": [287], "summary": {"covered_lines": 1, "num_statements": 1, "percent_covered": 100.0, "percent_covered_display": "100", "missing_lines": 0, "excluded_lines": 0}, "missing_lines": [], "excluded_lines": []}, "StaticOutputHandler.__exit__": {"executed_lines": [291], "summary": {"covered_lines": 1, "num_statements": 1, "percent_covered": 100.0, "percent_covered_display": "100", "missing_lines": 0, "excluded_lines": 0}, "missing_lines": [], "excluded_lines": []}, "LiveOperationHandle.__init__": {"executed_lines": [325, 326, 327, 328, 329, 330, 333, 334], "summary": {"covered_lines": 8, "num_statements": 8, "percent_covered": 100.0, "percent_covered_display": "100", "missing_lines": 0, "excluded_lines": 0}, "missing_lines": [], "excluded_lines": []}, "LiveOperationHandle.log": {"executed_lines": [343, 345], "summary": {"covered_lines": 2, "num_statements": 3, "percent_covered": 66.66666666666667, "percent_covered_display": "67", "missing_lines": 1, "excluded_lines": 0}, "missing_lines": [346], "excluded_lines": []}, "LiveOperationHandle.update_progress": {"executed_lines": [354, 356, 358], "summary": {"covered_lines": 3, "num_statements": 4, "percent_covered": 75.0, "percent_covered_display": "75", "missing_lines": 1, "excluded_lines": 0}, "missing_lines": [359], "excluded_lines": []}, "LiveOperationHandle.set_total": {"executed_lines": [], "summary": {"covered_lines": 0, "num_statements": 6, "percent_covered": 0.0, "percent_covered_display": "0", "missing_lines": 6, "excluded_lines": 0}, "missing_lines": [368, 369, 370, 372, 374, 375], "excluded_lines": []}, "LiveOperationHandle.set_status": {"executed_lines": [383], "summary": {"covered_lines": 1, "num_statements": 1, "percent_covered": 100.0, "percent_covered_display": "100", "missing_lines": 0, "excluded_lines": 0}, "missing_lines": [], "excluded_lines": []}, "LiveOperationHandle.succeed": {"executed_lines": [391, 393], "summary": {"covered_lines": 2, "num_statements": 3, "percent_covered": 66.66666666666667, "percent_covered_display": "67", "missing_lines": 1, "excluded_lines": 0}, "missing_lines": [394], "excluded_lines": []}, "LiveOperationHandle.fail": {"executed_lines": [402, 404], "summary": {"covered_lines": 2, "num_statements": 3, "percent_covered": 66.66666666666667, "percent_covered_display": "67", "missing_lines": 1, "excluded_lines": 0}, "missing_lines": [405], "excluded_lines": []}, "LiveOperationHandle.complete_pending": {"executed_lines": [], "summary": {"covered_lines": 0, "num_statements": 3, "percent_covered": 0.0, "percent_covered_display": "0", "missing_lines": 3, "excluded_lines": 0}, "missing_lines": [417, 419, 420], "excluded_lines": []}, "LiveOutputHandler.__init__": {"executed_lines": [445, 446, 447, 448, 449], "summary": {"covered_lines": 5, "num_statements": 5, "percent_covered": 100.0, "percent_covered_display": "100", "missing_lines": 0, "excluded_lines": 0}, "missing_lines": [], "excluded_lines": []}, "LiveOutputHandler._render_layout": {"executed_lines": [457, 458, 459, 461, 465, 468, 469, 471, 472, 473, 476, 477, 478, 481, 484, 485, 486, 487, 488, 489, 490, 491, 492, 494, 495, 498, 499, 502], "summary": {"covered_lines": 28, "num_statements": 29, "percent_covered": 96.55172413793103, "percent_covered_display": "97", "missing_lines": 1, "excluded_lines": 0}, "missing_lines": [462], "excluded_lines": []}, "LiveOutputHandler.print": {"executed_lines": [517, 518], "summary": {"covered_lines": 2, "num_statements": 2, "percent_covered": 100.0, "percent_covered_display": "100", "missing_lines": 0, "excluded_lines": 0}, "missing_lines": [], "excluded_lines": []}, "LiveOutputHandler.start_operation": {"executed_lines": [530, 533], "summary": {"covered_lines": 2, "num_statements": 3, "percent_covered": 66.66666666666667, "percent_covered_display": "67", "missing_lines": 1, "excluded_lines": 0}, "missing_lines": [531], "excluded_lines": []}, "LiveOutputHandler.__enter__": {"executed_lines": [539, 541, 542, 546, 547, 549, 552, 559, 566, 568, 570], "summary": {"covered_lines": 10, "num_statements": 10, "percent_covered": 100.0, "percent_covered_display": "100", "missing_lines": 0, "excluded_lines": 0}, "missing_lines": [], "excluded_lines": []}, "LiveOutputHandler.__enter__.LiveRenderable.__init__": {"executed_lines": [550], "summary": {"covered_lines": 1, "num_statements": 1, "percent_covered": 100.0, "percent_covered_display": "100", "missing_lines": 0, "excluded_lines": 0}, "missing_lines": [], "excluded_lines": []}, "LiveOutputHandler.__enter__.LiveRenderable.__rich__": {"executed_lines": [554], "summary": {"covered_lines": 1, "num_statements": 1, "percent_covered": 100.0, "percent_covered_display": "100", "missing_lines": 0, "excluded_lines": 0}, "missing_lines": [], "excluded_lines": []}, "LiveOutputHandler.__exit__": {"executed_lines": [574, 575, 577, 578], "summary": {"covered_lines": 4, "num_statements": 4, "percent_covered": 100.0, "percent_covered_display": "100", "missing_lines": 0, "excluded_lines": 0}, "missing_lines": [], "excluded_lines": []}, "LogBuffer.__init__": {"executed_lines": [643, 644, 646, 647, 648, 649, 650], "summary": {"covered_lines": 7, "num_statements": 7, "percent_covered": 100.0, "percent_covered_display": "100", "missing_lines": 0, "excluded_lines": 0}, "missing_lines": [], "excluded_lines": []}, "LogBuffer.add": {"executed_lines": [664, 666, 667, 668, 671, 672, 675, 676, 677, 680, 681, 684, 685], "summary": {"covered_lines": 13, "num_statements": 13, "percent_covered": 100.0, "percent_covered_display": "100", "missing_lines": 0, "excluded_lines": 0}, "missing_lines": [], "excluded_lines": []}, "LogBuffer.render": {"executed_lines": [695, 696, 697, 700, 705, 706, 707, 708], "summary": {"covered_lines": 8, "num_statements": 10, "percent_covered": 80.0, "percent_covered_display": "80", "missing_lines": 2, "excluded_lines": 0}, "missing_lines": [702, 703], "excluded_lines": []}, "LogBuffer.get_all_logs": {"executed_lines": [716], "summary": {"covered_lines": 1, "num_statements": 1, "percent_covered": 100.0, "percent_covered_display": "100", "missing_lines": 0, "excluded_lines": 0}, "missing_lines": [], "excluded_lines": []}, "LogBuffer.complete_pending": {"executed_lines": [728, 730, 731, 732, 733, 736, 737, 739, 742], "summary": {"covered_lines": 9, "num_statements": 9, "percent_covered": 100.0, "percent_covered_display": "100", "missing_lines": 0, "excluded_lines": 0}, "missing_lines": [], "excluded_lines": []}, "LogBuffer.clear": {"executed_lines": [746, 747, 748, 749], "summary": {"covered_lines": 4, "num_statements": 4, "percent_covered": 100.0, "percent_covered_display": "100", "missing_lines": 0, "excluded_lines": 0}, "missing_lines": [], "excluded_lines": []}, "LiveLayoutContext.__init__": {"executed_lines": [785, 786, 788, 790, 791, 793, 796, 797, 798, 799], "summary": {"covered_lines": 10, "num_statements": 10, "percent_covered": 100.0, "percent_covered_display": "100", "missing_lines": 0, "excluded_lines": 0}, "missing_lines": [], "excluded_lines": []}, "LiveLayoutContext.set_progress_total": {"executed_lines": [808, 809, 810, 811], "summary": {"covered_lines": 4, "num_statements": 4, "percent_covered": 100.0, "percent_covered_display": "100", "missing_lines": 0, "excluded_lines": 0}, "missing_lines": [], "excluded_lines": []}, "LiveLayoutContext.update_progress": {"executed_lines": [819], "summary": {"covered_lines": 1, "num_statements": 1, "percent_covered": 100.0, "percent_covered_display": "100", "missing_lines": 0, "excluded_lines": 0}, "missing_lines": [], "excluded_lines": []}, "LiveLayoutContext.get_progress_eta": {"executed_lines": [827, 832, 834, 835, 836, 838, 839, 840, 841, 842, 843, 844, 845, 847, 848, 849], "summary": {"covered_lines": 16, "num_statements": 17, "percent_covered": 94.11764705882354, "percent_covered_display": "94", "missing_lines": 1, "excluded_lines": 0}, "missing_lines": [850], "excluded_lines": []}, "LiveLayoutContext.add_log": {"executed_lines": [860, 863], "summary": {"covered_lines": 2, "num_statements": 2, "percent_covered": 100.0, "percent_covered_display": "100", "missing_lines": 0, "excluded_lines": 0}, "missing_lines": [], "excluded_lines": []}, "LiveLayoutContext.complete_pending": {"executed_lines": [], "summary": {"covered_lines": 0, "num_statements": 2, "percent_covered": 0.0, "percent_covered_display": "0", "missing_lines": 2, "excluded_lines": 0}, "missing_lines": [875, 876], "excluded_lines": []}, "LiveLayoutContext.__enter__": {"executed_lines": [880], "summary": {"covered_lines": 1, "num_statements": 1, "percent_covered": 100.0, "percent_covered_display": "100", "missing_lines": 0, "excluded_lines": 0}, "missing_lines": [], "excluded_lines": []}, "LiveLayoutContext.__exit__": {"executed_lines": [884], "summary": {"covered_lines": 1, "num_statements": 1, "percent_covered": 100.0, "percent_covered_display": "100", "missing_lines": 0, "excluded_lines": 0}, "missing_lines": [], "excluded_lines": []}, "SessionLogger._get_default_log_dir": {"executed_lines": [914, 915, 916, 923, 924], "summary": {"covered_lines": 5, "num_statements": 8, "percent_covered": 62.5, "percent_covered_display": "62", "missing_lines": 3, "excluded_lines": 0}, "missing_lines": [917, 918, 920], "excluded_lines": []}, "SessionLogger.__init__": {"executed_lines": [938, 939, 941, 944, 947, 948, 951, 952, 955, 956], "summary": {"covered_lines": 10, "num_statements": 10, "percent_covered": 100.0, "percent_covered_display": "100", "missing_lines": 0, "excluded_lines": 0}, "missing_lines": [], "excluded_lines": []}, "SessionLogger.write": {"executed_lines": [969, 970, 973, 974, 977, 978], "summary": {"covered_lines": 6, "num_statements": 6, "percent_covered": 100.0, "percent_covered_display": "100", "missing_lines": 0, "excluded_lines": 0}, "missing_lines": [], "excluded_lines": []}, "SessionLogger.close": {"executed_lines": [985, 986, 987], "summary": {"covered_lines": 3, "num_statements": 3, "percent_covered": 100.0, "percent_covered_display": "100", "missing_lines": 0, "excluded_lines": 0}, "missing_lines": [], "excluded_lines": []}, "SessionLogger.__enter__": {"executed_lines": [991], "summary": {"covered_lines": 1, "num_statements": 1, "percent_covered": 100.0, "percent_covered_display": "100", "missing_lines": 0, "excluded_lines": 0}, "missing_lines": [], "excluded_lines": []}, "SessionLogger.__exit__": {"executed_lines": [995], "summary": {"covered_lines": 1, "num_statements": 1, "percent_covered": 100.0, "percent_covered_display": "100", "missing_lines": 0, "excluded_lines": 0}, "missing_lines": [], "excluded_lines": []}, "SessionLogger._cleanup_old_logs": {"executed_lines": [1006, 1012, 1014, 1015, 1016, 1017, 1019], "summary": {"covered_lines": 7, "num_statements": 7, "percent_covered": 100.0, "percent_covered_display": "100", "missing_lines": 0, "excluded_lines": 0}, "missing_lines": [], "excluded_lines": []}, "ProgressTracker.__init__": {"executed_lines": [1046, 1047, 1048, 1049, 1050, 1051], "summary": {"covered_lines": 6, "num_statements": 6, "percent_covered": 100.0, "percent_covered_display": "100", "missing_lines": 0, "excluded_lines": 0}, "missing_lines": [], "excluded_lines": []}, "ProgressTracker.start": {"executed_lines": [1055, 1056, 1057, 1058], "summary": {"covered_lines": 4, "num_statements": 4, "percent_covered": 100.0, "percent_covered_display": "100", "missing_lines": 0, "excluded_lines": 0}, "missing_lines": [], "excluded_lines": []}, "ProgressTracker.update": {"executed_lines": [1079, 1080, 1081, 1082, 1083, 1085, 1087, 1088, 1089, 1090, 1091, 1094], "summary": {"covered_lines": 12, "num_statements": 12, "percent_covered": 100.0, "percent_covered_display": "100", "missing_lines": 0, "excluded_lines": 0}, "missing_lines": [], "excluded_lines": []}, "ProgressTracker._update_rate": {"executed_lines": [1098, 1101, 1102, 1105, 1106, 1109, 1112, 1114, 1117, 1122], "summary": {"covered_lines": 10, "num_statements": 11, "percent_covered": 90.9090909090909, "percent_covered_display": "91", "missing_lines": 1, "excluded_lines": 0}, "missing_lines": [1099], "excluded_lines": []}, "ProgressTracker.get_elapsed": {"executed_lines": [1130, 1131, 1133, 1135], "summary": {"covered_lines": 4, "num_statements": 4, "percent_covered": 100.0, "percent_covered_display": "100", "missing_lines": 0, "excluded_lines": 0}, "missing_lines": [], "excluded_lines": []}, "ProgressTracker.get_elapsed_formatted": {"executed_lines": [1143, 1144], "summary": {"covered_lines": 2, "num_statements": 2, "percent_covered": 100.0, "percent_covered_display": "100", "missing_lines": 0, "excluded_lines": 0}, "missing_lines": [], "excluded_lines": []}, "ProgressTracker.calculate_eta": {"executed_lines": [1153, 1154, 1157, 1158, 1161, 1162, 1166, 1167, 1170, 1171, 1173], "summary": {"covered_lines": 11, "num_statements": 12, "percent_covered": 91.66666666666667, "percent_covered_display": "92", "missing_lines": 1, "excluded_lines": 0}, "missing_lines": [1163], "excluded_lines": []}, "ProgressTracker.get_eta_formatted": {"executed_lines": [1181, 1182, 1183, 1184], "summary": {"covered_lines": 4, "num_statements": 4, "percent_covered": 100.0, "percent_covered_display": "100", "missing_lines": 0, "excluded_lines": 0}, "missing_lines": [], "excluded_lines": []}, "ProgressTracker.get_rate": {"executed_lines": [1192, 1193, 1195], "summary": {"covered_lines": 3, "num_statements": 3, "percent_covered": 100.0, "percent_covered_display": "100", "missing_lines": 0, "excluded_lines": 0}, "missing_lines": [], "excluded_lines": []}, "ProgressTracker.get_rate_formatted": {"executed_lines": [1203, 1204, 1205, 1207], "summary": {"covered_lines": 4, "num_statements": 4, "percent_covered": 100.0, "percent_covered_display": "100", "missing_lines": 0, "excluded_lines": 0}, "missing_lines": [], "excluded_lines": []}, "ProgressTracker.get_progress_string": {"executed_lines": [1216, 1217, 1219, 1220, 1221, 1223, 1225, 1226, 1228], "summary": {"covered_lines": 9, "num_statements": 10, "percent_covered": 90.0, "percent_covered_display": "90", "missing_lines": 1, "excluded_lines": 0}, "missing_lines": [1231], "excluded_lines": []}, "ProgressTracker._format_time": {"executed_lines": [1243, 1244, 1245, 1246, 1248, 1249, 1251], "summary": {"covered_lines": 7, "num_statements": 7, "percent_covered": 100.0, "percent_covered_display": "100", "missing_lines": 0, "excluded_lines": 0}, "missing_lines": [], "excluded_lines": []}, "OutputManager.__init__": {"executed_lines": [1294, 1295, 1297, 1298, 1299, 1302, 1303, 1306, 1307, 1309], "summary": {"covered_lines": 10, "num_statements": 10, "percent_covered": 100.0, "percent_covered_display": "100", "missing_lines": 0, "excluded_lines": 0}, "missing_lines": [], "excluded_lines": []}, "OutputManager.start_operation": {"executed_lines": [1318, 1319, 1321, 1322, 1325, 1326, 1327, 1328, 1329], "summary": {"covered_lines": 9, "num_statements": 9, "percent_covered": 100.0, "percent_covered_display": "100", "missing_lines": 0, "excluded_lines": 0}, "missing_lines": [], "excluded_lines": []}, "OutputManager.progress_context": {"executed_lines": [1356, 1358, 1361, 1362, 1363, 1365, 1366, 1367, 1370, 1385, 1386], "summary": {"covered_lines": 11, "num_statements": 11, "percent_covered": 100.0, "percent_covered_display": "100", "missing_lines": 0, "excluded_lines": 0}, "missing_lines": [], "excluded_lines": []}, "OutputManager.live_layout_context": {"executed_lines": [1412, 1413, 1414], "summary": {"covered_lines": 3, "num_statements": 3, "percent_covered": 100.0, "percent_covered_display": "100", "missing_lines": 0, "excluded_lines": 0}, "missing_lines": [], "excluded_lines": []}, "OutputManager.task_complete": {"executed_lines": [1427, 1428, 1430, 1431], "summary": {"covered_lines": 4, "num_statements": 4, "percent_covered": 100.0, "percent_covered_display": "100", "missing_lines": 0, "excluded_lines": 0}, "missing_lines": [], "excluded_lines": []}, "OutputManager.show_report": {"executed_lines": [1454, 1455, 1458, 1460, 1461, 1463, 1466, 1467, 1468, 1469, 1471, 1472, 1474, 1477, 1478, 1481, 1482, 1483, 1486, 1487, 1489, 1492, 1493, 1494, 1495, 1497], "summary": {"covered_lines": 26, "num_statements": 26, "percent_covered": 100.0, "percent_covered_display": "100", "missing_lines": 0, "excluded_lines": 0}, "missing_lines": [], "excluded_lines": []}, "OutputManager.show_table": {"executed_lines": [1516, 1517, 1525, 1527, 1528, 1530, 1531, 1532, 1534, 1535, 1537], "summary": {"covered_lines": 11, "num_statements": 11, "percent_covered": 100.0, "percent_covered_display": "100", "missing_lines": 0, "excluded_lines": 0}, "missing_lines": [], "excluded_lines": []}, "OutputManager.show_smart_table": {"executed_lines": [1580, 1592, 1596, 1599, 1600, 1601, 1602, 1603, 1604, 1605, 1609, 1613, 1614, 1616, 1627, 1628, 1630], "summary": {"covered_lines": 17, "num_statements": 23, "percent_covered": 73.91304347826087, "percent_covered_display": "74", "missing_lines": 6, "excluded_lines": 0}, "missing_lines": [1581, 1582, 1590, 1593, 1610, 1611], "excluded_lines": []}, "OutputManager.suggest_next_steps": {"executed_lines": [1638, 1639, 1640, 1642, 1643, 1645, 1646, 1647, 1648], "summary": {"covered_lines": 9, "num_statements": 9, "percent_covered": 100.0, "percent_covered_display": "100", "missing_lines": 0, "excluded_lines": 0}, "missing_lines": [], "excluded_lines": []}, "OutputManager.set_json_payload": {"executed_lines": [1656], "summary": {"covered_lines": 1, "num_statements": 1, "percent_covered": 100.0, "percent_covered_display": "100", "missing_lines": 0, "excluded_lines": 0}, "missing_lines": [], "excluded_lines": []}, "OutputManager.error": {"executed_lines": [1666, 1667, 1670, 1671, 1672, 1673, 1675, 1676, 1677, 1678, 1680, 1681], "summary": {"covered_lines": 12, "num_statements": 12, "percent_covered": 100.0, "percent_covered_display": "100", "missing_lines": 0, "excluded_lines": 0}, "missing_lines": [], "excluded_lines": []}, "OutputManager.show_error_panel": {"executed_lines": [1703, 1704, 1713, 1714, 1715, 1716, 1718, 1719, 1720, 1721, 1723, 1725, 1727, 1728, 1729, 1730, 1732, 1733, 1734, 1736, 1738, 1744, 1745, 1746, 1748], "summary": {"covered_lines": 25, "num_statements": 26, "percent_covered": 96.15384615384616, "percent_covered_display": "96", "missing_lines": 1, "excluded_lines": 0}, "missing_lines": [1749], "excluded_lines": []}, "OutputManager.show_validation_report": {"executed_lines": [1765, 1766, 1773, 1775, 1776, 1779, 1780, 1783, 1806, 1807, 1808, 1809, 1811, 1812, 1813, 1814, 1816, 1817, 1820, 1822, 1823, 1824, 1825, 1826, 1827, 1830, 1831, 1833, 1839, 1840, 1841], "summary": {"covered_lines": 31, "num_statements": 31, "percent_covered": 100.0, "percent_covered_display": "100", "missing_lines": 0, "excluded_lines": 0}, "missing_lines": [], "excluded_lines": []}, "OutputManager.success": {"executed_lines": [1849, 1850, 1851, 1853, 1854, 1856], "summary": {"covered_lines": 6, "num_statements": 6, "percent_covered": 100.0, "percent_covered_display": "100", "missing_lines": 0, "excluded_lines": 0}, "missing_lines": [], "excluded_lines": []}, "OutputManager.warning": {"executed_lines": [1864, 1865, 1866, 1868, 1869, 1871], "summary": {"covered_lines": 6, "num_statements": 6, "percent_covered": 100.0, "percent_covered_display": "100", "missing_lines": 0, "excluded_lines": 0}, "missing_lines": [], "excluded_lines": []}, "OutputManager.info": {"executed_lines": [1879, 1880, 1881, 1883, 1884, 1886, 1887], "summary": {"covered_lines": 7, "num_statements": 7, "percent_covered": 100.0, "percent_covered_display": "100", "missing_lines": 0, "excluded_lines": 0}, "missing_lines": [], "excluded_lines": []}, "OutputManager.end_operation": {"executed_lines": [1896, 1897, 1899, 1901, 1902, 1910, 1911, 1913, 1914, 1916, 1920, 1921, 1922, 1923, 1925, 1926, 1927, 1929, 1930, 1932, 1933], "summary": {"covered_lines": 21, "num_statements": 22, "percent_covered": 95.45454545454545, "percent_covered_display": "95", "missing_lines": 1, "excluded_lines": 0}, "missing_lines": [1917], "excluded_lines": []}, "OutputManager._flush_json": {"executed_lines": [1942, 1943, 1947, 1948, 1949, 1950, 1951, 1954, 1958, 1959, 1960, 1962, 1963], "summary": {"covered_lines": 13, "num_statements": 13, "percent_covered": 100.0, "percent_covered_display": "100", "missing_lines": 0, "excluded_lines": 0}, "missing_lines": [], "excluded_lines": []}, "": {"executed_lines": [1, 7, 8, 9, 10, 11, 12, 13, 14, 15, 16, 17, 19, 20, 21, 22, 31, 32, 39, 40, 53, 62, 70, 78, 86, 94, 103, 113, 114, 127, 135, 147, 151, 161, 162, 171, 179, 195, 203, 
[...]
rcent_covered_display": "83", "missing_lines": 1, "excluded_lines": 0}, "missing_lines": [489], "excluded_lines": []}, "": {"executed_lines": [1, 13, 14, 15, 16, 17, 19, 21, 24, 25, 27, 28, 29, 30, 31, 32, 34, 40, 43, 48, 51, 52, 59, 60, 65, 66, 72, 73, 74, 75, 76, 77, 81, 109, 110, 133, 136, 139, 141, 151, 207, 211, 225, 234, 243, 263, 288, 313, 396, 411, 444, 445, 456, 457, 466, 467, 469, 479, 480], "summary": {"covered_lines": 54, "num_statements": 54, "percent_covered": 100.0, "percent_covered_display": "100", "missing_lines": 0, "excluded_lines": 0}, "missing_lines": [], "excluded_lines": []}}, "classes": {"SchemaVersion": {"executed_lines": [35, 36, 37, 38, 41, 44, 45, 46, 49, 54, 55, 56, 57, 62], "summary": {"covered_lines": 14, "num_statements": 14, "percent_covered": 100.0, "percent_covered_display": "100", "missing_lines": 0, "excluded_lines": 0}, "missing_lines": [], "excluded_lines": []}, "SchemaCapability": {"executed_lines": [], "summary": {"covered_lines": 0, "num_statements": 0, "percent_covered": 100.0, "percent_covered_display": "100", "missing_lines": 0, "excluded_lines": 0}, "missing_lines": [], "excluded_lines": []}, "SchemaManager": {"executed_lines": [147, 148, 149, 159, 160, 162, 163, 164, 166, 167, 168, 171, 174, 175, 176, 177, 178, 179, 182, 185, 191, 194, 195, 196, 199, 200, 202, 203, 204, 205, 209, 220, 221, 223, 231, 232, 240, 241, 256, 257, 258, 260, 261, 272, 274, 275, 281, 282, 297, 298, 300, 301, 302, 303, 304, 306, 307, 331, 333, 336, 344, 350, 351, 353, 355, 356, 357, 358, 361, 362, 364, 365, 366, 369, 372, 373, 375, 376, 377, 379, 381, 382, 384, 385, 387, 398, 399, 401, 402, 408, 409, 413, 414, 417, 434, 435, 441, 442, 454, 463], "summary": {"covered_lines": 100, "num_statements": 109, "percent_covered": 91.74311926605505, "percent_covered_display": "92", "missing_lines": 9, "excluded_lines": 0}, "missing_lines": [187, 188, 334, 337, 345, 346, 347, 389, 390], "excluded_lines": []}, "SchemaVersionError": {"executed_lines": [475, 476, 477, 482, 483, 485, 486, 487], "summary": {"covered_lines": 8, "num_statements": 9, "percent_covered": 88.88888888888889, "percent_covered_display": "89", "missing_lines": 1, "excluded_lines": 0}, "missing_lines": [489], "excluded_lines": []}, "": {"executed_lines": [1, 13, 14, 15, 16, 17, 19, 21, 24, 25, 27, 28, 29, 30, 31, 32, 34, 40, 43, 48, 51, 52, 59, 60, 65, 66, 72, 73, 74, 75, 76, 77, 81, 109, 110, 133, 136, 139, 141, 151, 207, 211, 225, 234, 243, 263, 288, 313, 396, 411, 444, 445, 456, 457, 466, 467, 469, 479, 480], "summary": {"covered_lines": 54, "num_statements": 54, "percent_covered": 100.0, "percent_covered_display": "100", "missing_lines": 0, "excluded_lines": 0}, "missing_lines": [], "excluded_lines": []}}}, "src/gmailarchiver/shared/__init__.py": {"executed_lines": [1, 13, 20, 25, 32, 34], "summary": {"covered_lines": 5, "num_statements": 5, "percent_covered": 100.0, "percent_covered_display": "100", "missing_lines": 0, "excluded_lines": 0}, "missing_lines": [], "excluded_lines": [], "functions": {"": {"executed_lines": [1, 13, 20, 25, 32, 34], "summary": {"covered_lines": 5, "num_statements": 5, "percent_covered": 100.0, "percent_covered_display": "100", "missing_lines": 0, "excluded_lines": 0}, "missing_lines": [], "excluded_lines": []}}, "classes": {"": {"executed_lines": [1, 13, 20, 25, 32, 34], "summary": {"covered_lines": 5, "num_statements": 5, "percent_covered": 100.0, "percent_covered_display": "100", "missing_lines": 0, "excluded_lines": 0}, "missing_lines": [], "excluded_lines": []}}}, "src/gmailarchiver/shared/input_validator.py": {"executed_lines": [1, 3, 4, 7, 8, 11, 35, 36, 38, 42, 43, 44, 45, 51, 52, 54, 57, 81, 82, 84, 87, 89, 90, 92, 93, 94, 95, 98, 99, 100, 108, 109, 110, 111, 112, 113, 114, 115, 116, 118, 121, 134, 135, 137, 139, 140, 141, 146, 149, 171, 172, 175, 179, 182, 185, 186, 189, 190, 191, 192, 193, 195, 197], "summary": {"covered_lines": 61, "num_statements": 61, "percent_covered": 100.0, "percent_covered_display": "100", "missing_lines": 0, "excluded_lines": 0}, "missing_lines": [], "excluded_lines": [], "functions": {"validate_gmail_query": {"executed_lines": [35, 36, 38, 42, 43, 44, 45, 51, 52, 54], "summary": {"covered_lines": 10, "num_statements": 10, "percent_covered": 100.0, "percent_covered_display": "100", "missing_lines": 0, "excluded_lines": 0}, "missing_lines": [], "excluded_lines": []}, "validate_age_expression": {"executed_lines": [81, 82, 84, 87, 89, 90, 92, 93, 94, 95, 98, 99, 100, 108, 109, 110, 111, 112, 113, 114, 115, 116, 118], "summary": {"covered_lines": 23, "num_statements": 23, "percent_covered": 100.0, "percent_covered_display": "100", "missing_lines": 0, "excluded_lines": 0}, "missing_lines": [], "excluded_lines": []}, "validate_compression_format": {"executed_lines": [134, 135, 137, 139, 140, 141, 146], "summary": {"covered_lines": 7, "num_statements": 7, "percent_covered": 100.0, "percent_covered_display": "100", "missing_lines": 0, "excluded_lines": 0}, "missing_lines": [], "excluded_lines": []}, "sanitize_filename": {"executed_lines": [171, 172, 175, 179, 182, 185, 186, 189, 190, 191, 192, 193, 195, 197], "summary": {"covered_lines": 14, "num_statements": 14, "percent_covered": 100.0, "percent_covered_display": "100", "missing_lines": 0, "excluded_lines": 0}, "missing_lines": [], "excluded_lines": []}, "": {"executed_lines": [1, 3, 4, 7, 8, 11, 57, 121, 149], "summary": {"covered_lines": 7, "num_statements": 7, "percent_covered": 100.0, "percent_covered_display": "100", "missing_lines": 0, "excluded_lines": 0}, "missing_lines": [], "excluded_lines": []}}, "classes": {"InvalidInputError": {"executed_lines": [], "summary": {"covered_lines": 0, "num_statements": 0, "percent_covered": 100.0, "percent_covered_display": "100", "missing_lines": 0, "excluded_lines": 0}, "missing_lines": [], "excluded_lines": []}, "": {"executed_lines": [1, 3, 4, 7, 8, 11, 35, 36, 38, 42, 43, 44, 45, 51, 52, 54, 57, 81, 82, 84, 87, 89, 90, 92, 93, 94, 95, 98, 99, 100, 108, 109, 110, 111, 112, 113, 114, 115, 116, 118, 121, 134, 135, 137, 139, 140, 141, 146, 149, 171, 172, 175, 179, 182, 185, 186, 189, 190, 191, 192, 193, 195, 197], "summary": {"covered_lines": 61, "num_statements": 61, "percent_covered": 100.0, "percent_covered_display": "100", "missing_lines": 0, "excluded_lines": 0}, "missing_lines": [], "excluded_lines": []}}}, "src/gmailarchiver/shared/path_validator.py": {"executed_lines": [1, 3, 6, 7, 10, 39, 40, 43, 44, 46, 49, 53, 54, 57, 61, 64, 65, 66, 71, 74, 93, 96, 98], "summary": {"covered_lines": 21, "num_statements": 21, "percent_covered": 100.0, "percent_covered_display": "100", "missing_lines": 0, "excluded_lines": 0}, "missing_lines": [], "excluded_lines": [], "functions": {"validate_file_path": {"executed_lines": [39, 40, 43, 44, 46, 49, 53, 54, 57, 61, 64, 65, 66, 71], "summary": {"covered_lines": 14, "num_statements": 14, "percent_covered": 100.0, "percent_covered_display": "100", "missing_lines": 0, "excluded_lines": 0}, "missing_lines": [], "excluded_lines": []}, "validate_file_path_for_writing": {"executed_lines": [93, 96, 98], "summary": {"covered_lines": 3, "num_statements": 3, "percent_covered": 100.0, "percent_covered_display": "100", "missing_lines": 0, "excluded_lines": 0}, "missing_lines": [], "excluded_lines": []}, "": {"executed_lines": [1, 3, 6, 7, 10, 74], "summary": {"covered_lines": 4, "num_statements": 4, "percent_covered": 100.0, "percent_covered_display": "100", "missing_lines": 0, "excluded_lines": 0}, "missing_lines": [], "excluded_lines": []}}, "classes": {"PathTraversalError": {"executed_lines": [], "summary": {"covered_lines": 0, "num_statements": 0, "percent_covered": 100.0, "percent_covered_display": "100", "missing_lines": 0, "excluded_lines": 0}, "missing_lines": [], "excluded_lines": []}, "": {"executed_lines": [1, 3, 6, 7, 10, 39, 40, 43, 44, 46, 49, 53, 54, 57, 61, 64, 65, 66, 71, 74, 93, 96, 98], "summary": {"covered_lines": 21, "num_statements": 21, "percent_covered": 100.0, "percent_covered_display": "100", "missing_lines": 0, "excluded_lines": 0}, "missing_lines": [], "excluded_lines": []}}}, "src/gmailarchiver/shared/protocols.py": {"executed_lines": [1, 7, 8, 11, 12, 18, 26, 34, 42, 51, 52, 58, 73, 74, 76, 84, 93, 101, 112, 121, 131, 143, 144, 146, 150, 152, 153, 154, 156, 159, 160, 162, 164, 166, 168, 170, 172, 174, 176, 178, 180, 182, 184, 186, 188, 191, 192, 194, 196, 198, 200, 202, 204, 206, 208, 210, 211, 212, 214], "summary": {"covered_lines": 52, "num_statements": 52, "percent_covered": 100.0, "percent_covered_display": "100", "missing_lines": 0, "excluded_lines": 12}, "missing_lines": [], "excluded_lines": [24, 32, 40, 48, 70, 82, 91, 99, 110, 119, 129, 140], "functions": {"ProgressReporter.info": {"executed_lines": [], "summary": {"covered_lines": 0, "num_statements": 0, "percent_covered": 100.0, "percent_covered_display": "100", "missing_lines": 0, "excluded_lines": 1}, "missing_lines": [], "excluded_lines": [24]}, "ProgressReporter.warning": {"executed_lines": [], "summary": {"covered_lines": 0, "num_statements": 0, "percent_covered": 100.0, "percent_covered_display": "100", "missing_lines": 0, "excluded_lines": 1}, "missing_lines": [], "excluded_lines": [32]}, "ProgressReporter.error": {"executed_lines": [], "summary": {"covered_lines": 0, "num_statements": 0, "percent_covered": 100.0, "percent_covered_display": "100", "missing_lines": 0, "excluded_lines": 1}, "missing_lines": [], "excluded_lines": [40]}, "ProgressReporter.task_sequence": {"executed_lines": [], "summary": {"covered_lines": 0, "num_statements": 0, "percent_covered": 100.0, "percent_covered_display": "100", "missing_lines": 0, "excluded_lines": 1}, "missing_lines": [], "excluded_lines": [48]}, "TaskSequence.task": {"executed_lines": [], "summary": {"covered_lines": 0, "num_statements": 0, "percent_covered": 100.0, "percent_covered_display": "100", "missing_lines": 0, "excluded_lines": 1}, "missing_lines": [], "excluded_lines": [70]}, "TaskHandle.complete": {"executed_lines": [], "summary": {"covered_lines": 0, "num_statements": 0, "percent_covered": 100.0, "percent_covered_display": "100", "missing_lines": 0, "excluded_lines": 1}, "missing_lines": [], "excluded_lines": [82]}, "TaskHandle.fail": {"executed_lines": [], "summary": {"covered_lines": 0, "num_statements": 0, "percent_covered": 100.0, "percent_covered_display": "100", "missing_lines": 0, "excluded_lines": 1}, "missing_lines": [], "excluded_lines": [91]}, "TaskHandle.advance": {"executed_lines": [], "summary": {"covered_lines": 0, "num_statements": 0, "percent_covered": 100.0, "percent_covered_display": "100", "missing_lines": 0, "excluded_lines": 1}, "missing_lines": [], "excluded_lines": [99]}, "TaskHandle.log": {"executed_lines": [], "summary": {"covered_lines": 0, "num_statements": 0, "percent_covered": 100.0, "percent_covered_display": "100", "missing_lines": 0, "excluded_lines": 1}, "missing_lines": [], "excluded_lines": [110]}, "TaskHandle.set_total": {"executed_lines": [], "summary": {"covered_lines": 0, "num_statements": 0, "percent_covered": 100.0, "percent_covered_display": "100", "missing_lines": 0, "excluded_lines": 1}, "missing_lines": [], "excluded_lines": [119]}, "TaskHandle.set_status": {"executed_lines": [], "summary": {"covered_lines": 0, "num_statements": 0, "percent_covered": 100.0, "percent_covered_display": "100", "missing_lines": 0, "excluded_lines": 1}, "missing_lines": [], "excluded_lines": [129]}, "TaskHandle.warn": {"executed_lines": [], "summary": {"covered_lines": 0, "num_statements": 0, "percent_covered": 100.0, "percent_covered_display": "100", "missing_lines": 0, "excluded_lines": 1}, "missing_lines": [], "excluded_lines": [140]}, "NoOpTaskSequence.task": {"executed_lines": [150, 152, 153, 156], "summary": {"covered_lines": 4, "num_statements": 4, "percent_covered": 100.0, "percent_covered_display": "100", "missing_lines": 0, "excluded_lines": 0}, "missing_lines": [], "excluded_lines": []}, "NoOpTaskSequence.task._task": {"executed_lines": [154], "summary": {"covered_lines": 1, "num_statements": 1, "percent_covered": 100.0, "percent_covered_display": "100", "missing_lines": 0, "excluded_lines": 0}, "missing_lines": [], "excluded_lines": []}, "NoOpTaskHandle.complete": {"executed_lines": [164], "summary": {"covered_lines": 1, "num_statements": 1, "percent_covered": 100.0, "percent_covered_display": "100", "missing_lines": 0, "excluded_lines": 0}, "missing_lines": [], "excluded_lines": []}, "NoOpTaskHandle.fail": {"executed_lines": [168], "summary": {"covered_lines": 1, "num_statements": 1, "percent_covered": 100.0, "percent_covered_display": "100", "missing_lines": 0, "excluded_lines": 0}, "missing_lines": [], "excluded_lines": []}, "NoOpTaskHandle.advance": {"executed_lines": [172], "summary": {"covered_lines": 1, "num_statements": 1, "percent_covered": 100.0, "percent_covered_display": "100", "missing_lines": 0, "excluded_lines": 0}, "missing_lines": [], "excluded_lines": []}, "NoOpTaskHandle.log": {"executed_lines": [176], "summary": {"covered_lines": 1, "num_statements": 1, "percent_covered": 100.0, "percent_covered_display": "100", "missing_lines": 0, "excluded_lines": 0}, "missing_lines": [], "excluded_lines": []}, "NoOpTaskHandle.set_total": {"executed_lines": [180], "summary": {"covered_lines": 1, "num_statements": 1, "percent_covered": 100.0, "percent_covered_display": "100", "missing_lines": 0, "excluded_lines": 0}, "missing_lines": [], "excluded_lines": []}, "NoOpTaskHandle.set_status": {"executed_lines": [184], "summary": {"covered_lines": 1, "num_statements": 1, "percent_covered": 100.0, "percent_covered_display": "100", "missing_lines": 0, "excluded_lines": 0}, "missing_lines": [], "excluded_lines": []}, "NoOpTaskHandle.warn": {"executed_lines": [188], "summary": {"covered_lines": 1, "num_statements": 1, "percent_covered": 100.0, "percent_covered_display": "100", "missing_lines": 0, "excluded_lines": 0}, "missing_lines": [], "excluded_lines": []}, "NoOpProgressReporter.info": {"executed_lines": [196], "summary": {"covered_lines": 1, "num_statements": 1, "percent_covered": 100.0, "percent_covered_display": "100", "missing_lines": 0, "excluded_lines": 0}, "missing_lines": [], "excluded_lines": []}, "NoOpProgressReporter.warning": {"executed_lines": [200], "summary": {"covered_lines": 1, "num_statements": 1, "percent_covered": 100.0, "percent_covered_display": "100", "missing_lines": 0, "excluded_lines": 0}, "missing_lines": [], "excluded_lines": []}, "NoOpProgressReporter.error": {"executed_lines": [204], "summary": {"covered_lines": 1, "num_statements": 1, "percent_covered": 100.0, "percent_covered_display": "100", "missing_lines": 0, "excluded_lines": 0}, "missing_lines": [], "excluded_lines": []}, "NoOpProgressReporter.task_sequence": {"executed_lines": [208, 210, 211, 214], "summary": {"covered_lines": 4, "num_statements": 4, "percent_covered": 100.0, "percent_covered_display": "100", "missing_lines": 0, "excluded_lines": 0}, "missing_lines": [], "excluded_lines": []}, "NoOpProgressReporter.task_sequence._sequence": {"executed_lines": [212], "summary": {"covered_lines": 1, "num_statements": 1, "percent_covered": 100.0, "percent_covered_display": "100", "missing_lines": 0, "excluded_lines": 0}, "missing_lines": [], "excluded_lines": []}, "": {"executed_lines": [1, 7, 8, 11, 12, 18, 26, 34, 42, 51, 52, 58, 73, 74, 76, 84, 93, 101, 112, 121, 131, 143, 144, 146, 159, 160, 162, 166, 170, 174, 178, 182, 186, 191, 192, 194, 198, 202, 206], "summary": {"covered_lines": 32, "num_statements": 32, "percent_covered": 100.0, "percent_covered_display": "100", "missing_lines": 0, "excluded_lines": 0}, "missing_lines": [], "excluded_lines": []}}, "classes": {"ProgressReporter": {"executed_lines": [], "summary": {"covered_lines": 0, "num_statements": 0, "percent_covered": 100.0, "percent_covered_display": "100", "missing_lines": 0, "excluded_lines": 4}, "missing_lines": [], "excluded_lines": [24, 32, 40, 48]}, "TaskSequence": {"executed_lines": [], "summary": {"covered_lines": 0, "num_statements": 0, "percent_covered": 100.0, "percent_covered_display": "100", "missing_lines": 0, "excluded_lines": 1}, "missing_lines": [], "excluded_lines": [70]}, "TaskHandle": {"executed_lines": [], "summary": {"covered_lines": 0, "num_statements": 0, "percent_covered": 100.0, "percent_covered_display": "100", "missing_lines": 0, "excluded_lines": 7}, "missing_lines": [], "excluded_lines": [82, 91, 99, 110, 119, 129, 140]}, "NoOpTaskSequence": {"executed_lines": [150, 152, 153, 154, 156], "summary": {"covered_lines": 5, "num_statements": 5, "percent_covered": 100.0, "percent_covered_display": "100", "missing_lines": 0, "excluded_lines": 0}, "missing_lines": [], "excluded_lines": []}, "NoOpTaskHandle": {"executed_lines": [164, 168, 172, 176, 180, 184, 188], "summary": {"covered_lines": 7, "num_statements": 7, "percent_covered": 100.0, "percent_covered_display": "100", "missing_lines": 0, "excluded_lines": 0}, "missing_lines": [], "excluded_lines": []}, "NoOpProgressReporter": {"executed_lines": [196, 200, 204, 208, 210, 211, 212, 214], "summary": {"covered_lines": 8, "num_statements": 8, "percent_covered": 100.0, "percent_covered_display": "100", "missing_lines": 0, "excluded_lines": 0}, "missing_lines": [], "excluded_lines": []}, "": {"executed_lines": [1, 7, 8, 11, 12, 18, 26, 34, 42, 51, 52, 58, 73, 74, 76, 84, 93, 101, 112, 121, 131, 143, 144, 146, 159, 160, 162, 166, 170, 174, 178, 182, 186, 191, 192, 194, 198, 202, 206], "summary": {"covered_lines": 32, "num_statements": 32, "percent_covered": 100.0, "percent_covered_display": "100", "missing_lines": 0, "excluded_lines": 0}, "missing_lines": [], "excluded_lines": []}}}, "src/gmailarchiver/shared/utils.py": {"executed_lines": [1, 3, 4, 5, 7, 10, 34, 35, 36, 38, 41, 42, 43, 50, 51, 53, 54, 55, 56, 57, 58, 59, 60, 65, 80, 83, 99, 100, 101, 102, 103, 104, 107, 122], "summary": {"covered_lines": 33, "num_statements": 34, "percent_covered": 97.05882352941177, "percent_covered_display": "97", "missing_lines": 1, "excluded_lines": 0}, "missing_lines": [62], "excluded_lines": [], "functions": {"parse_age": {"executed_lines": [34, 35, 36, 38, 41, 42, 43, 50, 51, 53, 54, 55, 56, 57, 58, 59, 60], "summary": {"covered_lines": 17, "num_statements": 18, "percent_covered": 94.44444444444444, "percent_covered_display": "94", "missing_lines": 1, "excluded_lines": 0}, "missing_lines": [62], "excluded_lines": []}, "datetime_to_gmail_query": {"executed_lines": [80], "summary": {"covered_lines": 1, "num_statements": 1, "percent_covered": 100.0, "percent_covered_display": "100", "missing_lines": 0, "excluded_lines": 0}, "missing_lines": [], "excluded_lines": []}, "format_bytes": {"executed_lines": [99, 100, 101, 102, 103, 104], "summary": {"covered_lines": 6, "num_statements": 6, "percent_covered": 100.0, "percent_covered_display": "100", "missing_lines": 0, "excluded_lines": 0}, "missing_lines": [], "excluded_lines": []}, "chunk_list": {"executed_lines": [122], "summary": {"covered_lines": 1, "num_statements": 1, "percent_covered": 100.0, "percent_covered_display": "100", "missing_lines": 0, "excluded_lines": 0}, "missing_lines": [], "excluded_lines": []}, "": {"executed_lines": [1, 3, 4, 5, 7, 10, 65, 83, 107], "summary": {"covered_lines": 8, "num_statements": 8, "percent_covered": 100.0, "percent_covered_display": "100", "missing_lines": 0, "excluded_lines": 0}, "missing_lines": [], "excluded_lines": []}}, "classes": {"": {"executed_lines": [1, 3, 4, 5, 7, 10, 34, 35, 36, 38, 41, 42, 43, 50, 51, 53, 54, 55, 56, 57, 58, 59, 60, 65, 80, 83, 99, 100, 101, 102, 103, 104, 107, 122], "summary": {"covered_lines": 33, "num_statements": 34, "percent_covered": 97.05882352941177, "percent_covered_display": "97", "missing_lines": 1, "excluded_lines": 0}, "missing_lines": [62], "excluded_lines": []}}}}, "totals": {"covered_lines": 7911, "num_statements": 8361, "percent_covered": 94.6178686759957, "percent_covered_display": "95", "missing_lines": 450, "excluded_lines": 79}}