{"meta": {"format": 3, "version": "7.11.3", "timestamp": "2025-11-24T16:56:57.355000", "branch_coverage": false, "show_contexts": false}, "files": {"src/gmailarchiver/__init__.py": {"executed_lines": [1, 3, 4], "summary": {"covered_lines": 2, "num_statements": 4, "percent_covered": 50.0, "percent_covered_display": "50", "missing_lines": 2, "excluded_lines": 0}, "missing_lines": [5, 6], "excluded_lines": [], "functions": {"": {"executed_lines": [1, 3, 4], "summary": {"covered_lines": 2, "num_statements": 4, "percent_covered": 50.0, "percent_covered_display": "50", "missing_lines": 2, "excluded_lines": 0}, "missing_lines": [5, 6], "excluded_lines": []}}, "classes": {"": {"executed_lines": [1, 3, 4], "summary": {"covered_lines": 2, "num_statements": 4, "percent_covered": 50.0, "percent_covered_display": "50", "missing_lines": 2, "excluded_lines": 0}, "missing_lines": [5, 6], "excluded_lines": []}}}, "src/gmailarchiver/_output_search.py": {"executed_lines": [1, 3, 4, 7, 17, 18, 19, 20, 21, 22, 25, 37, 38, 39, 50, 51, 52, 53, 56, 72, 75, 76, 77, 80, 82, 84, 85, 86, 87, 89, 90, 91, 92, 93, 94, 97, 98, 100, 101, 102, 105, 106, 109, 111, 121], "summary": {"covered_lines": 44, "num_statements": 47, "percent_covered": 93.61702127659575, "percent_covered_display": "94", "missing_lines": 3, "excluded_lines": 0}, "missing_lines": [73, 103, 107], "excluded_lines": [], "functions": {"_truncate_preview": {"executed_lines": [17, 18, 19, 20, 21, 22], "summary": {"covered_lines": 6, "num_statements": 6, "percent_covered": 100.0, "percent_covered_display": "100", "missing_lines": 0, "excluded_lines": 0}, "missing_lines": [], "excluded_lines": []}, "display_search_results_json": {"executed_lines": [37, 38, 39, 50, 51, 52, 53], "summary": {"covered_lines": 7, "num_statements": 7, "percent_covered": 100.0, "percent_covered_display": "100", "missing_lines": 0, "excluded_lines": 0}, "missing_lines": [], "excluded_lines": []}, "display_search_results_rich": {"executed_lines": [72, 75, 76, 77, 80, 82, 84, 85, 86, 87, 89, 90, 91, 92, 93, 94, 97, 98, 100, 101, 102, 105, 106, 109, 111, 121], "summary": {"covered_lines": 26, "num_statements": 29, "percent_covered": 89.65517241379311, "percent_covered_display": "90", "missing_lines": 3, "excluded_lines": 0}, "missing_lines": [73, 103, 107], "excluded_lines": []}, "": {"executed_lines": [1, 3, 4, 7, 25, 56], "summary": {"covered_lines": 5, "num_statements": 5, "percent_covered": 100.0, "percent_covered_display": "100", "missing_lines": 0, "excluded_lines": 0}, "missing_lines": [], "excluded_lines": []}}, "classes": {"": {"executed_lines": [1, 3, 4, 7, 17, 18, 19, 20, 21, 22, 25, 37, 38, 39, 50, 51, 52, 53, 56, 72, 75, 76, 77, 80, 82, 84, 85, 86, 87, 89, 90, 91, 92, 93, 94, 97, 98, 100, 101, 102, 105, 106, 109, 111, 121], "summary": {"covered_lines": 44, "num_statements": 47, "percent_covered": 93.61702127659575, "percent_covered_display": "94", "missing_lines": 3, "excluded_lines": 0}, "missing_lines": [73, 103, 107], "excluded_lines": []}}}, "src/gmailarchiver/_version.py": {"executed_lines": [4, 13, 14, 21, 22, 24, 25, 26, 27, 28, 29, 31, 32, 34], "summary": {"covered_lines": 13, "num_statements": 13, "percent_covered": 100.0, "percent_covered_display": "100", "missing_lines": 0, "excluded_lines": 5}, "missing_lines": [], "excluded_lines": [14, 15, 16, 18, 19], "functions": {"": {"executed_lines": [4, 13, 14, 21, 22, 24, 25, 26, 27, 28, 29, 31, 32, 34], "summary": {"covered_lines": 13, "num_statements": 13, "percent_covered": 100.0, "percent_covered_display": "100", "missing_lines": 0, "excluded_lines": 5}, "missing_lines": [], "excluded_lines": [14, 15, 16, 18, 19]}}, "classes": {"": {"executed_lines": [4, 13, 14, 21, 22, 24, 25, 26, 27, 28, 29, 31, 32, 34], "summary": {"covered_lines": 13, "num_statements": 13, "percent_covered": 100.0, "percent_covered_display": "100", "missing_lines": 0, "excluded_lines": 5}, "missing_lines": [], "excluded_lines": [14, 15, 16, 18, 19]}}}, "src/gmailarchiver/archiver.py": {"executed_lines": [1, 3, 4, 5, 6, 7, 8, 9, 10, 11, 13, 21, 22, 23, 24, 25, 26, 27, 30, 31, 33, 47, 48, 49, 50, 51, 53, 60, 62, 64, 66, 67, 69, 72, 74, 99, 100, 102, 103, 105, 106, 109, 113, 114, 115, 117, 118, 119, 126, 129, 130, 133, 134, 135, 141, 142, 143, 144, 146, 148, 149, 150, 152, 153, 155, 156, 157, 164, 165, 166, 167, 168, 175, 185, 193, 212, 214, 219, 220, 223, 225, 227, 244, 245, 246, 248, 250, 257, 263, 264, 265, 267, 270, 273, 274, 275, 276, 279, 288, 290, 292, 293, 294, 296, 299, 300, 303, 304, 305, 306, 307, 308, 309, 311, 317, 334, 335, 338, 339, 344, 345, 347, 348, 349, 351, 358, 364, 365, 367, 370, 373, 374, 375, 381, 384, 391, 394, 395, 396, 397, 398, 399, 400, 403, 404, 408, 427, 428, 430, 434, 435, 436, 437, 438, 439, 440, 441, 444, 445, 447, 448, 449, 453, 454, 457, 458, 459, 460, 461, 462, 463, 465, 471, 485, 487, 488, 489, 490, 491, 492, 493, 494, 495, 498, 499, 500, 502, 507, 522, 523, 524, 525, 527, 537, 539, 540, 542, 543, 544, 545, 546, 548, 559, 561, 562, 563, 564, 565, 566, 567, 568, 569, 573, 574, 575, 576, 577, 578, 580, 582, 597, 598, 599, 600, 602, 603, 604, 606], "summary": {"covered_lines": 226, "num_statements": 242, "percent_covered": 93.38842975206612, "percent_covered_display": "93", "missing_lines": 16, "excluded_lines": 0}, "missing_lines": [63, 65, 340, 341, 376, 377, 378, 385, 386, 387, 388, 405, 406, 450, 570, 571], "excluded_lines": [], "functions": {"GmailArchiver.__init__": {"executed_lines": [47, 48, 49, 50, 51], "summary": {"covered_lines": 5, "num_statements": 5, "percent_covered": 100.0, "percent_covered_display": "100", "missing_lines": 0, "excluded_lines": 0}, "missing_lines": [], "excluded_lines": []}, "GmailArchiver._log": {"executed_lines": [60, 62, 64, 66, 67, 69, 72], "summary": {"covered_lines": 7, "num_statements": 9, "percent_covered": 77.77777777777777, "percent_covered_display": "78", "missing_lines": 2, "excluded_lines": 0}, "missing_lines": [63, 65], "excluded_lines": []}, "GmailArchiver.archive": {"executed_lines": [99, 100, 102, 103, 105, 106, 109, 113, 114, 115, 117, 118, 119, 126, 129, 130, 133, 134, 135, 141, 142, 143, 144, 146, 148, 149, 150, 152, 153, 155, 156, 157, 164, 165, 166, 167, 168, 175, 185], "summary": {"covered_lines": 39, "num_statements": 39, "percent_covered": 100.0, "percent_covered_display": "100", "missing_lines": 0, "excluded_lines": 0}, "missing_lines": [], "excluded_lines": []}, "GmailArchiver._archive_messages": {"executed_lines": [212, 214, 219, 220, 223, 225], "summary": {"covered_lines": 6, "num_statements": 6, "percent_covered": 100.0, "percent_covered_display": "100", "missing_lines": 0, "excluded_lines": 0}, "missing_lines": [], "excluded_lines": []}, "GmailArchiver._archive_messages_hybrid_storage": {"executed_lines": [244, 245, 246, 248, 250, 257, 263, 264, 265, 267, 270, 273, 274, 275, 276, 279, 288, 290, 292, 293, 294, 296, 299, 300, 303, 304, 305, 306, 307, 308, 309, 311], "summary": {"covered_lines": 32, "num_statements": 32, "percent_covered": 100.0, "percent_covered_display": "100", "missing_lines": 0, "excluded_lines": 0}, "missing_lines": [], "excluded_lines": []}, "GmailArchiver._archive_messages_legacy": {"executed_lines": [334, 335, 338, 339, 344, 345, 347, 348, 349, 351, 358, 364, 365, 367, 370, 373, 374, 375, 381, 384, 391, 394, 395, 396, 397, 398, 399, 400, 403, 404, 408, 427, 428, 430, 434, 435, 436, 437, 438, 439, 440, 441, 444, 445, 447, 448, 449, 453, 454, 457, 458, 459, 460, 461, 462, 463, 465], "summary": {"covered_lines": 57, "num_statements": 69, "percent_covered": 82.6086956521739, "percent_covered_display": "83", "missing_lines": 12, "excluded_lines": 0}, "missing_lines": [340, 341, 376, 377, 378, 385, 386, 387, 388, 405, 406, 450], "excluded_lines": []}, "GmailArchiver._compress_archive": {"executed_lines": [485, 487, 488, 489, 490, 491, 492, 493, 494, 495, 498, 499, 500, 502], "summary": {"covered_lines": 14, "num_statements": 14, "percent_covered": 100.0, "percent_covered_display": "100", "missing_lines": 0, "excluded_lines": 0}, "missing_lines": [], "excluded_lines": []}, "GmailArchiver.validate_archive": {"executed_lines": [522, 523, 524, 525], "summary": {"covered_lines": 4, "num_statements": 4, "percent_covered": 100.0, "percent_covered_display": "100", "missing_lines": 0, "excluded_lines": 0}, "missing_lines": [], "excluded_lines": []}, "GmailArchiver._extract_rfc_message_id": {"executed_lines": [537, 539, 540, 542, 543, 544, 545, 546], "summary": {"covered_lines": 8, "num_statements": 8, "percent_covered": 100.0, "percent_covered_display": "100", "missing_lines": 0, "excluded_lines": 0}, "missing_lines": [], "excluded_lines": []}, "GmailArchiver._extract_body_preview": {"executed_lines": [559, 561, 562, 563, 564, 565, 566, 567, 568, 569, 573, 574, 575, 576, 577, 578, 580], "summary": {"covered_lines": 17, "num_statements": 19, "percent_covered": 89.47368421052632, "percent_covered_display": "89", "missing_lines": 2, "excluded_lines": 0}, "missing_lines": [570, 571], "excluded_lines": []}, "GmailArchiver.delete_archived_messages": {"executed_lines": [597, 598, 599, 600, 602, 603, 604, 606], "summary": {"covered_lines": 8, "num_statements": 8, "percent_covered": 100.0, "percent_covered_display": "100", "missing_lines": 0, "excluded_lines": 0}, "missing_lines": [], "excluded_lines": []}, "": {"executed_lines": [1, 3, 4, 5, 6, 7, 8, 9, 10, 11, 13, 21, 22, 23, 24, 25, 26, 27, 30, 31, 33, 53, 74, 193, 227, 317, 471, 507, 527, 548, 582], "summary": {"covered_lines": 29, "num_statements": 29, "percent_covered": 100.0, "percent_covered_display": "100", "missing_lines": 0, "excluded_lines": 0}, "missing_lines": [], "excluded_lines": []}}, "classes": {"GmailArchiver": {"executed_lines": [47, 48, 49, 50, 51, 60, 62, 64, 66, 67, 69, 72, 99, 100, 102, 103, 105, 106, 109, 113, 114, 115, 117, 118, 119, 126, 129, 130, 133, 134, 135, 141, 142, 143, 144, 146, 148, 149, 150, 152, 153, 155, 156, 157, 164, 165, 166, 167, 168, 175, 185, 212, 214, 219, 220, 223, 225, 244, 245, 246, 248, 250, 257, 263, 264, 265, 267, 270, 273, 274, 275, 276, 279, 288, 290, 292, 293, 294, 296, 299, 300, 303, 304, 305, 306, 307, 308, 309, 311, 334, 335, 338, 339, 344, 345, 347, 348, 349, 351, 358, 364, 365, 367, 370, 373, 374, 375, 381, 384, 391, 394, 395, 396, 397, 398, 399, 400, 403, 404, 408, 427, 428, 430, 434, 435, 436, 437, 438, 439, 440, 441, 444, 445, 447, 448, 449, 453, 454, 457, 458, 459, 460, 461, 462, 463, 465, 485, 487, 488, 489, 490, 491, 492, 493, 494, 495, 498, 499, 500, 502, 522, 523, 524, 525, 537, 539, 540, 542, 543, 544, 545, 546, 559, 561, 562, 563, 564, 565, 566, 567, 568, 569, 573, 574, 575, 576, 577, 578, 580, 597, 598, 599, 600, 602, 603, 604, 606], "summary": {"covered_lines": 197, "num_statements": 213, "percent_covered": 92.48826291079813, "percent_covered_display": "92", "missing_lines": 16, "excluded_lines": 0}, "missing_lines": [63, 65, 340, 341, 376, 377, 378, 385, 386, 387, 388, 405, 406, 450, 570, 571], "excluded_lines": []}, "": {"executed_lines": [1, 3, 4, 5, 6, 7, 8, 9, 10, 11, 13, 21, 22, 23, 24, 25, 26, 27, 30, 31, 33, 53, 74, 193, 227, 317, 471, 507, 527, 548, 582], "summary": {"covered_lines": 29, "num_statements": 29, "percent_covered": 100.0, "percent_covered_display": "100", "missing_lines": 0, "excluded_lines": 0}, "missing_lines": [], "excluded_lines": []}}}, "src/gmailarchiver/auth.py": {"executed_lines": [1, 3, 4, 5, 6, 8, 9, 10, 12, 14, 20, 23, 26, 27, 30, 39, 42, 43, 45, 48, 51, 52, 54, 57, 58, 66, 89, 90, 92, 93, 95, 98, 99, 101, 102, 104, 106, 107, 109, 116, 118, 119, 120, 122, 123, 125, 128, 130, 150, 151, 152, 153, 154, 155, 156, 157, 158, 161, 162, 164, 165, 166, 167, 168, 169, 170, 173, 174, 175, 181, 182, 183, 184, 185, 186, 187, 188, 189, 190, 191, 193, 194, 199, 205, 206, 207, 208, 211, 212, 213, 214, 215, 216, 217, 219, 221, 222, 224, 226, 246, 247, 249, 250, 253, 254, 257, 259, 261, 262, 263], "summary": {"covered_lines": 108, "num_statements": 111, "percent_covered": 97.29729729729729, "percent_covered_display": "97", "missing_lines": 3, "excluded_lines": 0}, "missing_lines": [44, 46, 121], "excluded_lines": [], "functions": {"_get_bundled_credentials_path": {"executed_lines": [26, 27], "summary": {"covered_lines": 2, "num_statements": 2, "percent_covered": 100.0, "percent_covered_display": "100", "missing_lines": 0, "excluded_lines": 0}, "missing_lines": [], "excluded_lines": []}, "_get_default_token_path": {"executed_lines": [39, 42, 43, 45, 48, 51, 52, 54], "summary": {"covered_lines": 8, "num_statements": 10, "percent_covered": 80.0, "percent_covered_display": "80", "missing_lines": 2, "excluded_lines": 0}, "missing_lines": [44, 46], "excluded_lines": []}, "GmailAuthenticator.__init__": {"executed_lines": [89, 90, 92, 93, 95, 98, 99, 101, 102, 104, 106, 107], "summary": {"covered_lines": 12, "num_statements": 12, "percent_covered": 100.0, "percent_covered_display": "100", "missing_lines": 0, "excluded_lines": 0}, "missing_lines": [], "excluded_lines": []}, "GmailAuthenticator._log": {"executed_lines": [116, 118, 119, 120, 122, 123, 125, 128], "summary": {"covered_lines": 8, "num_statements": 9, "percent_covered": 88.88888888888889, "percent_covered_display": "89", "missing_lines": 1, "excluded_lines": 0}, "missing_lines": [121], "excluded_lines": []}, "GmailAuthenticator.authenticate": {"executed_lines": [150, 151, 152, 153, 154, 155, 156, 157, 158, 161, 162, 164, 165, 166, 167, 168, 169, 170, 173, 174, 175, 181, 182, 183, 184, 185, 186, 187, 188, 189, 190, 191, 193, 194, 199, 205, 206, 207, 208, 211, 212, 213, 214, 215, 216, 217, 219], "summary": {"covered_lines": 47, "num_statements": 47, "percent_covered": 100.0, "percent_covered_display": "100", "missing_lines": 0, "excluded_lines": 0}, "missing_lines": [], "excluded_lines": []}, "GmailAuthenticator.credentials": {"executed_lines": [224], "summary": {"covered_lines": 1, "num_statements": 1, "percent_covered": 100.0, "percent_covered_display": "100", "missing_lines": 0, "excluded_lines": 0}, "missing_lines": [], "excluded_lines": []}, "GmailAuthenticator.validate_scopes": {"executed_lines": [246, 247, 249, 250, 253, 254, 257], "summary": {"covered_lines": 7, "num_statements": 7, "percent_covered": 100.0, "percent_covered_display": "100", "missing_lines": 0, "excluded_lines": 0}, "missing_lines": [], "excluded_lines": []}, "GmailAuthenticator.revoke": {"executed_lines": [261, 262, 263], "summary": {"covered_lines": 3, "num_statements": 3, "percent_covered": 100.0, "percent_covered_display": "100", "missing_lines": 0, "excluded_lines": 0}, "missing_lines": [], "excluded_lines": []}, "": {"executed_lines": [1, 3, 4, 5, 6, 8, 9, 10, 12, 14, 20, 23, 30, 57, 58, 66, 109, 130, 221, 222, 226, 259], "summary": {"covered_lines": 20, "num_statements": 20, "percent_covered": 100.0, "percent_covered_display": "100", "missing_lines": 0, "excluded_lines": 0}, "missing_lines": [], "excluded_lines": []}}, "classes": {"GmailAuthenticator": {"executed_lines": [89, 90, 92, 93, 95, 98, 99, 101, 102, 104, 106, 107, 116, 118, 119, 120, 122, 123, 125, 128, 150, 151, 152, 153, 154, 155, 156, 157, 158, 161, 162, 164, 165, 166, 167, 168, 169, 170, 173, 174, 175, 181, 182, 183, 184, 185, 186, 187, 188, 189, 190, 191, 193, 194, 199, 205, 206, 207, 208, 211, 212, 213, 214, 215, 216, 217, 219, 224, 246, 247, 249, 250, 253, 254, 257, 261, 262, 263], "summary": {"covered_lines": 78, "num_statements": 79, "percent_covered": 98.73417721518987, "percent_covered_display": "99", "missing_lines": 1, "excluded_lines": 0}, "missing_lines": [121], "excluded_lines": []}, "": {"executed_lines": [1, 3, 4, 5, 6, 8, 9, 10, 12, 14, 20, 23, 26, 27, 30, 39, 42, 43, 45, 48, 51, 52, 54, 57, 58, 66, 109, 130, 221, 222, 226, 259], "summary": {"covered_lines": 30, "num_statements": 32, "percent_covered": 93.75, "percent_covered_display": "94", "missing_lines": 2, "excluded_lines": 0}, "missing_lines": [44, 46], "excluded_lines": []}}}, "src/gmailarchiver/compressor.py": {"executed_lines": [1, 3, 4, 5, 6, 7, 8, 9, 10, 11, 12, 14, 16, 19, 20, 21, 23, 24, 25, 26, 27, 28, 29, 30, 31, 34, 35, 36, 38, 39, 40, 41, 42, 43, 44, 45, 46, 47, 48, 49, 50, 53, 54, 56, 62, 64, 88, 91, 92, 94, 95, 96, 101, 102, 103, 104, 107, 108, 109, 110, 111, 112, 114, 116, 117, 118, 126, 128, 130, 131, 133, 134, 135, 137, 140, 141, 143, 145, 146, 149, 150, 151, 156, 168, 169, 174, 186, 187, 188, 190, 192, 214, 217, 218, 219, 232, 233, 235, 237, 238, 239, 241, 252, 253, 254, 257, 259, 260, 263, 264, 266, 267, 269, 270, 272, 282, 283, 285, 287, 289, 297, 298, 301, 302, 303, 304, 306, 308, 310, 311, 312, 313, 314, 315, 319, 328, 329, 330, 331, 332, 333, 334, 335, 336, 337, 338, 339, 343, 354, 356, 357, 358, 359, 360, 361, 362, 363, 364, 370, 371, 373, 375, 376, 377, 378, 379, 380, 381, 382, 383, 384, 385, 386, 389, 391, 392, 394, 397, 398, 404, 416, 417, 419, 423, 424, 426, 427, 429, 430, 431, 432, 433, 436, 437, 438, 440, 445, 448, 451, 452, 454, 456, 457, 459, 469, 471, 478, 488, 489], "summary": {"covered_lines": 194, "num_statements": 206, "percent_covered": 94.1747572815534, "percent_covered_display": "94", "missing_lines": 12, "excluded_lines": 0}, "missing_lines": [286, 317, 341, 366, 400, 401, 402, 420, 434, 435, 472, 473], "excluded_lines": [], "functions": {"ArchiveCompressor.__init__": {"executed_lines": [62], "summary": {"covered_lines": 1, "num_statements": 1, "percent_covered": 100.0, "percent_covered_display": "100", "missing_lines": 0, "excluded_lines": 0}, "missing_lines": [], "excluded_lines": []}, "ArchiveCompressor.compress": {"executed_lines": [88, 91, 92, 94, 95, 96, 101, 102, 103, 104, 107, 108, 109, 110, 111, 112, 114, 116, 117, 118, 126, 128, 130, 131, 133, 134, 135, 137, 140, 141, 143, 145, 146, 149, 150, 151, 156, 168, 169, 174, 186, 187, 188, 190], "summary": {"covered_lines": 44, "num_statements": 44, "percent_covered": 100.0, "percent_covered_display": "100", "missing_lines": 0, "excluded_lines": 0}, "missing_lines": [], "excluded_lines": []}, "ArchiveCompressor._compress_file": {"executed_lines": [214, 217, 218, 219, 232, 233, 235, 237, 238, 239, 241, 252, 253, 254, 257, 259, 260, 263, 264, 266, 267, 269, 270, 272, 282, 283, 285, 287], "summary": {"covered_lines": 28, "num_statements": 29, "percent_covered": 96.55172413793103, "percent_covered_display": "97", "missing_lines": 1, "excluded_lines": 0}, "missing_lines": [286], "excluded_lines": []}, "ArchiveCompressor._is_compressed": {"executed_lines": [297, 298, 301, 302, 303, 304, 306], "summary": {"covered_lines": 7, "num_statements": 7, "percent_covered": 100.0, "percent_covered_display": "100", "missing_lines": 0, "excluded_lines": 0}, "missing_lines": [], "excluded_lines": []}, "ArchiveCompressor._get_extension": {"executed_lines": [310, 311, 312, 313, 314, 315], "summary": {"covered_lines": 6, "num_statements": 7, "percent_covered": 85.71428571428571, "percent_covered_display": "86", "missing_lines": 1, "excluded_lines": 0}, "missing_lines": [317], "excluded_lines": []}, "ArchiveCompressor._compress_file_to_dest": {"executed_lines": [328, 329, 330, 331, 332, 333, 334, 335, 336, 337, 338, 339], "summary": {"covered_lines": 12, "num_statements": 13, "percent_covered": 92.3076923076923, "percent_covered_display": "92", "missing_lines": 1, "excluded_lines": 0}, "missing_lines": [341], "excluded_lines": []}, "ArchiveCompressor._verify_compressed_file": {"executed_lines": [354, 356, 357, 358, 359, 360, 361, 362, 363, 364, 370, 371, 373, 375, 376, 377, 378, 379, 380, 381, 382, 383, 384, 385, 386, 389, 391, 392, 394, 397, 398], "summary": {"covered_lines": 31, "num_statements": 35, "percent_covered": 88.57142857142857, "percent_covered_display": "89", "missing_lines": 4, "excluded_lines": 0}, "missing_lines": [366, 400, 401, 402], "excluded_lines": []}, "ArchiveCompressor._estimate_compressed_size": {"executed_lines": [416, 417, 419, 423, 424, 426, 427, 429, 430, 431, 432, 433, 436, 437, 438, 440, 445, 448, 451, 452, 454, 456, 457], "summary": {"covered_lines": 23, "num_statements": 26, "percent_covered": 88.46153846153847, "percent_covered_display": "88", "missing_lines": 3, "excluded_lines": 0}, "missing_lines": [420, 434, 435], "excluded_lines": []}, "ArchiveCompressor._update_database_paths": {"executed_lines": [469, 471, 478, 488, 489], "summary": {"covered_lines": 5, "num_statements": 7, "percent_covered": 71.42857142857143, "percent_covered_display": "71", "missing_lines": 2, "excluded_lines": 0}, "missing_lines": [472, 473], "excluded_lines": []}, "": {"executed_lines": [1, 3, 4, 5, 6, 7, 8, 9, 10, 11, 12, 14, 16, 19, 20, 21, 23, 24, 25, 26, 27, 28, 29, 30, 31, 34, 35, 36, 38, 39, 40, 41, 42, 43, 44, 45, 46, 47, 48, 49, 50, 53, 54, 56, 64, 192, 289, 308, 319, 343, 404, 459], "summary": {"covered_lines": 37, "num_statements": 37, "percent_covered": 100.0, "percent_covered_display": "100", "missing_lines": 0, "excluded_lines": 0}, "missing_lines": [], "excluded_lines": []}}, "classes": {"CompressionResult": {"executed_lines": [], "summary": {"covered_lines": 0, "num_statements": 0, "percent_covered": 100.0, "percent_covered_display": "100", "missing_lines": 0, "excluded_lines": 0}, "missing_lines": [], "excluded_lines": []}, "CompressionSummary": {"executed_lines": [], "summary": {"covered_lines": 0, "num_statements": 0, "percent_covered": 100.0, "percent_covered_display": "100", "missing_lines": 0, "excluded_lines": 0}, "missing_lines": [], "excluded_lines": []}, "ArchiveCompressor": {"executed_lines": [62, 88, 91, 92, 94, 95, 96, 101, 102, 103, 104, 107, 108, 109, 110, 111, 112, 114, 116, 117, 118, 126, 128, 130, 131, 133, 134, 135, 137, 140, 141, 143, 145, 146, 149, 150, 151, 156, 168, 169, 174, 186, 187, 188, 190, 214, 217, 218, 219, 232, 233, 235, 237, 238, 239, 241, 252, 253, 254, 257, 259, 260, 263, 264, 266, 267, 269, 270, 272, 282, 283, 285, 287, 297, 298, 301, 302, 303, 304, 306, 310, 311, 312, 313, 314, 315, 328, 329, 330, 331, 332, 333, 334, 335, 336, 337, 338, 339, 354, 356, 357, 358, 359, 360, 361, 362, 363, 364, 370, 371, 373, 375, 376, 377, 378, 379, 380, 381, 382, 383, 384, 385, 386, 389, 391, 392, 394, 397, 398, 416, 417, 419, 423, 424, 426, 427, 429, 430, 431, 432, 433, 436, 437, 438, 440, 445, 448, 451, 452, 454, 456, 457, 469, 471, 478, 488, 489], "summary": {"covered_lines": 157, "num_statements": 169, "percent_covered": 92.89940828402366, "percent_covered_display": "93", "missing_lines": 12, "excluded_lines": 0}, "missing_lines": [286, 317, 341, 366, 400, 401, 402, 420, 434, 435, 472, 473], "excluded_lines": []}, "": {"executed_lines": [1, 3, 4, 5, 6, 7, 8, 9, 10, 11, 12, 14, 16, 19, 20, 21, 23, 24, 25, 26, 27, 28, 29, 30, 31, 34, 35, 36, 38, 39, 40, 41, 42, 43, 44, 45, 46, 47, 48, 49, 50, 53, 54, 56, 64, 192, 289, 308, 319, 343, 404, 459], "summary": {"covered_lines": 37, "num_statements": 37, "percent_covered": 100.0, "percent_covered_display": "100", "missing_lines": 0, "excluded_lines": 0}, "missing_lines": [], "excluded_lines": []}}}, "src/gmailarchiver/config/__init__.py": {"executed_lines": [], "summary": {"covered_lines": 0, "num_statements": 0, "percent_covered": 100.0, "percent_covered_display": "100", "missing_lines": 0, "excluded_lines": 0}, "missing_lines": [], "excluded_lines": [], "functions": {"": {"executed_lines": [], "summary": {"covered_lines": 0, "num_statements": 0, "percent_covered": 100.0, "percent_covered_display": "100", "missing_lines": 0, "excluded_lines": 0}, "missing_lines": [], "excluded_lines": []}}, "classes": {"": {"executed_lines": [], "summary": {"covered_lines": 0, "num_statements": 0, "percent_covered": 100.0, "percent_covered_display": "100", "missing_lines": 0, "excluded_lines": 0}, "missing_lines": [], "excluded_lines": []}}}, "src/gmailarchiver/consolidator.py": {"executed_lines": [1, 3, 4, 5, 6, 7, 9, 10, 13, 14, 15, 17, 18, 19, 20, 21, 22, 23, 24, 27, 28, 30, 32, 34, 62, 65, 66, 68, 69, 70, 74, 75, 78, 79, 80, 83, 84, 86, 88, 89, 92, 93, 96, 97, 98, 99, 104, 109, 119, 124, 126, 127, 129, 144, 146, 148, 149, 150, 151, 153, 155, 158, 159, 160, 163, 165, 175, 176, 177, 178, 179, 180, 183, 184, 185, 187, 188, 190, 193, 195, 196, 200, 201, 202, 204, 206, 207, 210, 211, 212, 214], "summary": {"covered_lines": 80, "num_statements": 84, "percent_covered": 95.23809523809524, "percent_covered_display": "95", "missing_lines": 4, "excluded_lines": 0}, "missing_lines": [139, 141, 142, 197], "excluded_lines": [], "functions": {"ArchiveConsolidator.__init__": {"executed_lines": [32], "summary": {"covered_lines": 1, "num_statements": 1, "percent_covered": 100.0, "percent_covered_display": "100", "missing_lines": 0, "excluded_lines": 0}, "missing_lines": [], "excluded_lines": []}, "ArchiveConsolidator.consolidate": {"executed_lines": [62, 65, 66, 68, 69, 70, 74, 75, 78, 79, 80, 83, 84, 86, 88, 89, 92, 93, 96, 97, 98, 99, 104, 109, 119, 124, 126, 127, 129, 144], "summary": {"covered_lines": 30, "num_statements": 33, "percent_covered": 90.9090909090909, "percent_covered_display": "91", "missing_lines": 3, "excluded_lines": 0}, "missing_lines": [139, 141, 142], "excluded_lines": []}, "ArchiveConsolidator._parse_date": {"executed_lines": [148, 149, 150, 151, 153], "summary": {"covered_lines": 5, "num_statements": 5, "percent_covered": 100.0, "percent_covered_display": "100", "missing_lines": 0, "excluded_lines": 0}, "missing_lines": [], "excluded_lines": []}, "ArchiveConsolidator._sort_messages": {"executed_lines": [158, 159, 160, 163], "summary": {"covered_lines": 4, "num_statements": 4, "percent_covered": 100.0, "percent_covered_display": "100", "missing_lines": 0, "excluded_lines": 0}, "missing_lines": [], "excluded_lines": []}, "ArchiveConsolidator._deduplicate_messages": {"executed_lines": [175, 176, 177, 178, 179, 180, 183, 184, 185, 187, 188, 190, 193, 195, 196, 200, 201, 202, 204, 206, 207, 210, 211, 212, 214], "summary": {"covered_lines": 25, "num_statements": 26, "percent_covered": 96.15384615384616, "percent_covered_display": "96", "missing_lines": 1, "excluded_lines": 0}, "missing_lines": [197], "excluded_lines": []}, "": {"executed_lines": [1, 3, 4, 5, 6, 7, 9, 10, 13, 14, 15, 17, 18, 19, 20, 21, 22, 23, 24, 27, 28, 30, 34, 146, 155, 165], "summary": {"covered_lines": 15, "num_statements": 15, "percent_covered": 100.0, "percent_covered_display": "100", "missing_lines": 0, "excluded_lines": 0}, "missing_lines": [], "excluded_lines": []}}, "classes": {"ConsolidationResult": {"executed_lines": [], "summary": {"covered_lines": 0, "num_statements": 0, "percent_covered": 100.0, "percent_covered_display": "100", "missing_lines": 0, "excluded_lines": 0}, "missing_lines": [], "excluded_lines": []}, "ArchiveConsolidator": {"executed_lines": [32, 62, 65, 66, 68, 69, 70, 74, 75, 78, 79, 80, 83, 84, 86, 88, 89, 92, 93, 96, 97, 98, 99, 104, 109, 119, 124, 126, 127, 129, 144, 148, 149, 150, 151, 153, 158, 159, 160, 163, 175, 176, 177, 178, 179, 180, 183, 184, 185, 187, 188, 190, 193, 195, 196, 200, 201, 202, 204, 206, 207, 210, 211, 212, 214], "summary": {"covered_lines": 65, "num_statements": 69, "percent_covered": 94.20289855072464, "percent_covered_display": "94", "missing_lines": 4, "excluded_lines": 0}, "missing_lines": [139, 141, 142, 197], "excluded_lines": []}, "": {"executed_lines": [1, 3, 4, 5, 6, 7, 9, 10, 13, 14, 15, 17, 18, 19, 20, 21, 22, 23, 24, 27, 28, 30, 34, 146, 155, 165], "summary": {"covered_lines": 15, "num_statements": 15, "percent_covered": 100.0, "percent_covered_display": "100", "missing_lines": 0, "excluded_lines": 0}, "missing_lines": [], "excluded_lines": []}}}, "src/gmailarchiver/db_manager.py": {"executed_lines": [1, 14, 16, 17, 18, 19, 20, 21, 22, 24, 27, 28, 30, 33, 34, 36, 39, 40, 48, 64, 67, 68, 69, 71, 72, 74, 75, 76, 77, 78, 79, 80, 81, 83, 90, 91, 93, 94, 96, 104, 107, 108, 110, 112, 135, 143, 144, 147, 160, 167, 178, 185, 197, 203, 216, 224, 229, 230, 236, 238, 248, 251, 252, 258, 259, 260, 269, 270, 271, 275, 277, 279, 281, 283, 285, 287, 291, 340, 341, 372, 373, 379, 381, 385, 395, 405, 406, 408, 418, 428, 429, 431, 441, 448, 449, 451, 461, 473, 477, 484, 492, 494, 506, 507, 514, 533, 534, 536, 537, 539, 541, 542, 543, 544, 548, 551, 556, 562, 583, 584, 597, 607, 608, 610, 613, 618, 628, 638, 647, 649, 651, 654, 656, 658, 664, 665, 666, 669, 675, 676, 677, 680, 686, 687, 688, 691, 699, 700, 701, 705, 706, 707, 708, 709, 710, 716, 718, 734, 739, 741, 747, 749, 755, 757, 758, 760, 763, 764, 766, 769, 775, 777, 783, 786, 787, 799, 811, 817, 820, 830, 833, 839, 840, 842, 844, 851, 858, 862, 863, 879, 880, 881, 882, 883, 884, 885, 887, 908, 910, 931, 933, 952, 954, 956, 958, 959, 960, 962, 964, 966, 968, 969, 970, 972], "summary": {"covered_lines": 210, "num_statements": 223, "percent_covered": 94.17040358744394, "percent_covered_display": "94", "missing_lines": 13, "excluded_lines": 3}, "missing_lines": [232, 233, 234, 382, 383, 511, 512, 557, 558, 594, 595, 633, 634], "excluded_lines": [712, 713, 714], "functions": {"DBManager.__init__": {"executed_lines": [64, 67, 68, 69, 71, 72, 74, 75, 76, 77, 78, 79, 80, 81], "summary": {"covered_lines": 14, "num_statements": 14, "percent_covered": 100.0, "percent_covered_display": "100", "missing_lines": 0, "excluded_lines": 0}, "missing_lines": [], "excluded_lines": []}, "DBManager._connect": {"executed_lines": [90, 91, 93, 94], "summary": {"covered_lines": 4, "num_statements": 4, "percent_covered": 100.0, "percent_covered_display": "100", "missing_lines": 0, "excluded_lines": 0}, "missing_lines": [], "excluded_lines": []}, "DBManager._create_new_database": {"executed_lines": [104, 107, 108, 110, 112, 135, 143, 144, 147, 160, 167, 178, 185, 197, 203, 216, 224, 229, 230, 236], "summary": {"covered_lines": 20, "num_statements": 23, "percent_covered": 86.95652173913044, "percent_covered_display": "87", "missing_lines": 3, "excluded_lines": 0}, "missing_lines": [232, 233, 234], "excluded_lines": []}, "DBManager._validate_schema_version": {"executed_lines": [248, 251, 252, 258, 259, 260, 269, 270, 271, 275], "summary": {"covered_lines": 10, "num_statements": 10, "percent_covered": 100.0, "percent_covered_display": "100", "missing_lines": 0, "excluded_lines": 0}, "missing_lines": [], "excluded_lines": []}, "DBManager.close": {"executed_lines": [279], "summary": {"covered_lines": 1, "num_statements": 1, "percent_covered": 100.0, "percent_covered_display": "100", "missing_lines": 0, "excluded_lines": 0}, "missing_lines": [], "excluded_lines": []}, "DBManager.commit": {"executed_lines": [283], "summary": {"covered_lines": 1, "num_statements": 1, "percent_covered": 100.0, "percent_covered_display": "100", "missing_lines": 0, "excluded_lines": 0}, "missing_lines": [], "excluded_lines": []}, "DBManager.rollback": {"executed_lines": [287], "summary": {"covered_lines": 1, "num_statements": 1, "percent_covered": 100.0, "percent_covered_display": "100", "missing_lines": 0, "excluded_lines": 0}, "missing_lines": [], "excluded_lines": []}, "DBManager.record_archived_message": {"executed_lines": [340, 341, 372, 373, 379, 381], "summary": {"covered_lines": 6, "num_statements": 8, "percent_covered": 75.0, "percent_covered_display": "75", "missing_lines": 2, "excluded_lines": 0}, "missing_lines": [382, 383], "excluded_lines": []}, "DBManager.get_message_by_gmail_id": {"executed_lines": [395, 405, 406], "summary": {"covered_lines": 3, "num_statements": 3, "percent_covered": 100.0, "percent_covered_display": "100", "missing_lines": 0, "excluded_lines": 0}, "missing_lines": [], "excluded_lines": []}, "DBManager.get_message_by_rfc_message_id": {"executed_lines": [418, 428, 429], "summary": {"covered_lines": 3, "num_statements": 3, "percent_covered": 100.0, "percent_covered_display": "100", "missing_lines": 0, "excluded_lines": 0}, "missing_lines": [], "excluded_lines": []}, "DBManager.get_message_location": {"executed_lines": [441, 448, 449], "summary": {"covered_lines": 3, "num_statements": 3, "percent_covered": 100.0, "percent_covered_display": "100", "missing_lines": 0, "excluded_lines": 0}, "missing_lines": [], "excluded_lines": []}, "DBManager.get_all_messages_for_archive": {"executed_lines": [461, 473], "summary": {"covered_lines": 2, "num_statements": 2, "percent_covered": 100.0, "percent_covered_display": "100", "missing_lines": 0, "excluded_lines": 0}, "missing_lines": [], "excluded_lines": []}, "DBManager.find_duplicates": {"executed_lines": [484, 492], "summary": {"covered_lines": 2, "num_statements": 2, "percent_covered": 100.0, "percent_covered_display": "100", "missing_lines": 0, "excluded_lines": 0}, "missing_lines": [], "excluded_lines": []}, "DBManager.delete_message": {"executed_lines": [506, 507], "summary": {"covered_lines": 2, "num_statements": 4, "percent_covered": 50.0, "percent_covered_display": "50", "missing_lines": 2, "excluded_lines": 0}, "missing_lines": [511, 512], "excluded_lines": []}, "DBManager.remove_duplicate_records": {"executed_lines": [533, 534, 536, 537, 539, 541, 542, 543, 544, 548, 551, 556], "summary": {"covered_lines": 12, "num_statements": 14, "percent_covered": 85.71428571428571, "percent_covered_display": "86", "missing_lines": 2, "excluded_lines": 0}, "missing_lines": [557, 558], "excluded_lines": []}, "DBManager.update_archive_location": {"executed_lines": [583, 584], "summary": {"covered_lines": 2, "num_statements": 4, "percent_covered": 50.0, "percent_covered_display": "50", "missing_lines": 2, "excluded_lines": 0}, "missing_lines": [594, 595], "excluded_lines": []}, "DBManager.bulk_update_archive_locations": {"executed_lines": [607, 608, 610, 613, 618, 628], "summary": {"covered_lines": 6, "num_statements": 8, "percent_covered": 75.0, "percent_covered_display": "75", "missing_lines": 2, "excluded_lines": 0}, "missing_lines": [633, 634], "excluded_lines": []}, "DBManager.verify_database_integrity": {"executed_lines": [647, 649, 651, 654, 656, 658, 664, 665, 666, 669, 675, 676, 677, 680, 686, 687, 688, 691, 699, 700, 701, 705, 706, 707, 708, 709, 710, 716], "summary": {"covered_lines": 28, "num_statements": 28, "percent_covered": 100.0, "percent_covered_display": "100", "missing_lines": 0, "excluded_lines": 3}, "missing_lines": [], "excluded_lines": [712, 713, 714]}, "DBManager.repair_database": {"executed_lines": [734, 739, 741, 747, 749, 755, 757, 758, 760, 763, 764, 766, 769, 775, 777, 783, 786, 787, 799, 811, 817, 820, 830, 833, 839, 840, 842], "summary": {"covered_lines": 27, "num_statements": 27, "percent_covered": 100.0, "percent_covered_display": "100", "missing_lines": 0, "excluded_lines": 0}, "missing_lines": [], "excluded_lines": []}, "DBManager.get_messages_with_invalid_offsets": {"executed_lines": [851, 858], "summary": {"covered_lines": 2, "num_statements": 2, "percent_covered": 100.0, "percent_covered_display": "100", "missing_lines": 0, "excluded_lines": 0}, "missing_lines": [], "excluded_lines": []}, "DBManager._transaction": {"executed_lines": [879, 880, 881, 882, 883, 884, 885], "summary": {"covered_lines": 7, "num_statements": 7, "percent_covered": 100.0, "percent_covered_display": "100", "missing_lines": 0, "excluded_lines": 0}, "missing_lines": [], "excluded_lines": []}, "DBManager.record_archive_run": {"executed_lines": [908], "summary": {"covered_lines": 1, "num_statements": 1, "percent_covered": 100.0, "percent_covered_display": "100", "missing_lines": 0, "excluded_lines": 0}, "missing_lines": [], "excluded_lines": []}, "DBManager._record_archive_run": {"executed_lines": [931, 933], "summary": {"covered_lines": 2, "num_statements": 2, "percent_covered": 100.0, "percent_covered_display": "100", "missing_lines": 0, "excluded_lines": 0}, "missing_lines": [], "excluded_lines": []}, "DBManager.__enter__": {"executed_lines": [954], "summary": {"covered_lines": 1, "num_statements": 1, "percent_covered": 100.0, "percent_covered_display": "100", "missing_lines": 0, "excluded_lines": 0}, "missing_lines": [], "excluded_lines": []}, "DBManager.__exit__": {"executed_lines": [958, 959, 960, 962, 964], "summary": {"covered_lines": 5, "num_statements": 5, "percent_covered": 100.0, "percent_covered_display": "100", "missing_lines": 0, "excluded_lines": 0}, "missing_lines": [], "excluded_lines": []}, "DBManager.__del__": {"executed_lines": [968, 969, 970, 972], "summary": {"covered_lines": 4, "num_statements": 4, "percent_covered": 100.0, "percent_covered_display": "100", "missing_lines": 0, "excluded_lines": 0}, "missing_lines": [], "excluded_lines": []}, "": {"executed_lines": [1, 14, 16, 17, 18, 19, 20, 21, 22, 24, 27, 28, 30, 33, 34, 36, 39, 40, 48, 83, 96, 238, 277, 281, 285, 291, 385, 408, 431, 451, 477, 494, 514, 562, 597, 638, 718, 844, 862, 863, 887, 910, 952, 956, 966], "summary": {"covered_lines": 41, "num_statements": 41, "percent_covered": 100.0, "percent_covered_display": "100", "missing_lines": 0, "excluded_lines": 0}, "missing_lines": [], "excluded_lines": []}}, "classes": {"DBManagerError": {"executed_lines": [], "summary": {"covered_lines": 0, "num_statements": 0, "percent_covered": 100.0, "percent_covered_display": "100", "missing_lines": 0, "excluded_lines": 0}, "missing_lines": [], "excluded_lines": []}, "SchemaValidationError": {"executed_lines": [], "summary": {"covered_lines": 0, "num_statements": 0, "percent_covered": 100.0, "percent_covered_display": "100", "missing_lines": 0, "excluded_lines": 0}, "missing_lines": [], "excluded_lines": []}, "DBManager": {"executed_lines": [64, 67, 68, 69, 71, 72, 74, 75, 76, 77, 78, 79, 80, 81, 90, 91, 93, 94, 104, 107, 108, 110, 112, 135, 143, 144, 147, 160, 167, 178, 185, 197, 203, 216, 224, 229, 230, 236, 248, 251, 252, 258, 259, 260, 269, 270, 271, 275, 279, 283, 287, 340, 341, 372, 373, 379, 381, 395, 405, 406, 418, 428, 429, 441, 448, 449, 461, 473, 484, 492, 506, 507, 533, 534, 536, 537, 539, 541, 542, 543, 544, 548, 551, 556, 583, 584, 607, 608, 610, 613, 618, 628, 647, 649, 651, 654, 656, 658, 664, 665, 666, 669, 675, 676, 677, 680, 686, 687, 688, 691, 699, 700, 701, 705, 706, 707, 708, 709, 710, 716, 734, 739, 741, 747, 749, 755, 757, 758, 760, 763, 764, 766, 769, 775, 777, 783, 786, 787, 799, 811, 817, 820, 830, 833, 839, 840, 842, 851, 858, 879, 880, 881, 882, 883, 884, 885, 908, 931, 933, 954, 958, 959, 960, 962, 964, 968, 969, 970, 972], "summary": {"covered_lines": 169, "num_statements": 182, "percent_covered": 92.85714285714286, "percent_covered_display": "93", "missing_lines": 13, "excluded_lines": 3}, "missing_lines": [232, 233, 234, 382, 383, 511, 512, 557, 558, 594, 595, 633, 634], "excluded_lines": [712, 713, 714]}, "": {"executed_lines": [1, 14, 16, 17, 18, 19, 20, 21, 22, 24, 27, 28, 30, 33, 34, 36, 39, 40, 48, 83, 96, 238, 277, 281, 285, 291, 385, 408, 431, 451, 477, 494, 514, 562, 597, 638, 718, 844, 862, 863, 887, 910, 952, 956, 966], "summary": {"covered_lines": 41, "num_statements": 41, "percent_covered": 100.0, "percent_covered_display": "100", "missing_lines": 0, "excluded_lines": 0}, "missing_lines": [], "excluded_lines": []}}}, "src/gmailarchiver/deduplicator.py": {"executed_lines": [1, 3, 5, 6, 7, 8, 11, 12, 13, 16, 17, 18, 20, 21, 22, 23, 24, 25, 28, 29, 30, 32, 33, 34, 35, 36, 37, 40, 41, 42, 44, 45, 46, 47, 50, 51, 58, 69, 71, 72, 74, 77, 78, 79, 80, 85, 92, 95, 98, 99, 100, 101, 103, 106, 109, 113, 114, 118, 128, 133, 141, 143, 144, 147, 149, 150, 158, 159, 161, 163, 172, 174, 176, 186, 190, 191, 193, 194, 204, 205, 206, 210, 211, 213, 215, 218, 219, 222, 223, 228, 229, 231, 240, 260, 261, 262, 267, 268, 276, 277, 279, 281, 283, 284, 286, 287, 288, 290, 291, 297, 298, 299, 300, 302, 303, 306, 307, 311, 312, 316, 318, 325, 327, 328, 329, 331, 333, 335, 337, 339, 341, 342, 343, 344], "summary": {"covered_lines": 128, "num_statements": 135, "percent_covered": 94.81481481481481, "percent_covered_display": "95", "missing_lines": 7, "excluded_lines": 0}, "missing_lines": [93, 107, 116, 129, 187, 294, 308], "excluded_lines": [], "functions": {"MessageDeduplicator.__init__": {"executed_lines": [69, 71, 72, 74, 77, 78, 79, 80], "summary": {"covered_lines": 8, "num_statements": 8, "percent_covered": 100.0, "percent_covered_display": "100", "missing_lines": 0, "excluded_lines": 0}, "missing_lines": [], "excluded_lines": []}, "MessageDeduplicator._detect_schema_version": {"executed_lines": [92, 95, 98, 99, 100, 101, 103, 106, 109, 113, 114], "summary": {"covered_lines": 11, "num_statements": 14, "percent_covered": 78.57142857142857, "percent_covered_display": "79", "missing_lines": 3, "excluded_lines": 0}, "missing_lines": [93, 107, 116], "excluded_lines": []}, "MessageDeduplicator.find_duplicates": {"executed_lines": [128, 133, 141, 143, 144, 147, 149, 150, 158, 159, 161, 163, 172, 174], "summary": {"covered_lines": 14, "num_statements": 15, "percent_covered": 93.33333333333333, "percent_covered_display": "93", "missing_lines": 1, "excluded_lines": 0}, "missing_lines": [129], "excluded_lines": []}, "MessageDeduplicator.generate_report": {"executed_lines": [186, 190, 191, 193, 194, 204, 205, 206, 210, 211, 213, 215, 218, 219, 222, 223, 228, 229, 231], "summary": {"covered_lines": 19, "num_statements": 20, "percent_covered": 95.0, "percent_covered_display": "95", "missing_lines": 1, "excluded_lines": 0}, "missing_lines": [187], "excluded_lines": []}, "MessageDeduplicator.deduplicate": {"executed_lines": [260, 261, 262, 267, 268, 276, 277, 279, 281, 283, 284, 286, 287, 288, 290, 291, 297, 298, 299, 300, 302, 303, 306, 307, 311, 312, 316, 318], "summary": {"covered_lines": 28, "num_statements": 30, "percent_covered": 93.33333333333333, "percent_covered_display": "93", "missing_lines": 2, "excluded_lines": 0}, "missing_lines": [294, 308], "excluded_lines": []}, "MessageDeduplicator.close": {"executed_lines": [327, 328, 329], "summary": {"covered_lines": 3, "num_statements": 3, "percent_covered": 100.0, "percent_covered_display": "100", "missing_lines": 0, "excluded_lines": 0}, "missing_lines": [], "excluded_lines": []}, "MessageDeduplicator.__enter__": {"executed_lines": [333], "summary": {"covered_lines": 1, "num_statements": 1, "percent_covered": 100.0, "percent_covered_display": "100", "missing_lines": 0, "excluded_lines": 0}, "missing_lines": [], "excluded_lines": []}, "MessageDeduplicator.__exit__": {"executed_lines": [337], "summary": {"covered_lines": 1, "num_statements": 1, "percent_covered": 100.0, "percent_covered_display": "100", "missing_lines": 0, "excluded_lines": 0}, "missing_lines": [], "excluded_lines": []}, "MessageDeduplicator.__del__": {"executed_lines": [341, 342, 343, 344], "summary": {"covered_lines": 4, "num_statements": 4, "percent_covered": 100.0, "percent_covered_display": "100", "missing_lines": 0, "excluded_lines": 0}, "missing_lines": [], "excluded_lines": []}, "": {"executed_lines": [1, 3, 5, 6, 7, 8, 11, 12, 13, 16, 17, 18, 20, 21, 22, 23, 24, 25, 28, 29, 30, 32, 33, 34, 35, 36, 37, 40, 41, 42, 44, 45, 46, 47, 50, 51, 58, 85, 118, 176, 240, 325, 331, 335, 339], "summary": {"covered_lines": 39, "num_statements": 39, "percent_covered": 100.0, "percent_covered_display": "100", "missing_lines": 0, "excluded_lines": 0}, "missing_lines": [], "excluded_lines": []}}, "classes": {"DeduplicationError": {"executed_lines": [], "summary": {"covered_lines": 0, "num_statements": 0, "percent_covered": 100.0, "percent_covered_display": "100", "missing_lines": 0, "excluded_lines": 0}, "missing_lines": [], "excluded_lines": []}, "MessageInfo": {"executed_lines": [], "summary": {"covered_lines": 0, "num_statements": 0, "percent_covered": 100.0, "percent_covered_display": "100", "missing_lines": 0, "excluded_lines": 0}, "missing_lines": [], "excluded_lines": []}, "DeduplicationReport": {"executed_lines": [], "summary": {"covered_lines": 0, "num_statements": 0, "percent_covered": 100.0, "percent_covered_display": "100", "missing_lines": 0, "excluded_lines": 0}, "missing_lines": [], "excluded_lines": []}, "DeduplicationResult": {"executed_lines": [], "summary": {"covered_lines": 0, "num_statements": 0, "percent_covered": 100.0, "percent_covered_display": "100", "missing_lines": 0, "excluded_lines": 0}, "missing_lines": [], "excluded_lines": []}, "MessageDeduplicator": {"executed_lines": [69, 71, 72, 74, 77, 78, 79, 80, 92, 95, 98, 99, 100, 101, 103, 106, 109, 113, 114, 128, 133, 141, 143, 144, 147, 149, 150, 158, 159, 161, 163, 172, 174, 186, 190, 191, 193, 194, 204, 205, 206, 210, 211, 213, 215, 218, 219, 222, 223, 228, 229, 231, 260, 261, 262, 267, 268, 276, 277, 279, 281, 283, 284, 286, 287, 288, 290, 291, 297, 298, 299, 300, 302, 303, 306, 307, 311, 312, 316, 318, 327, 328, 329, 333, 337, 341, 342, 343, 344], "summary": {"covered_lines": 89, "num_statements": 96, "percent_covered": 92.70833333333333, "percent_covered_display": "93", "missing_lines": 7, "excluded_lines": 0}, "missing_lines": [93, 107, 116, 129, 187, 294, 308], "excluded_lines": []}, "": {"executed_lines": [1, 3, 5, 6, 7, 8, 11, 12, 13, 16, 17, 18, 20, 21, 22, 23, 24, 25, 28, 29, 30, 32, 33, 34, 35, 36, 37, 40, 41, 42, 44, 45, 46, 47, 50, 51, 58, 85, 118, 176, 240, 325, 331, 335, 339], "summary": {"covered_lines": 39, "num_statements": 39, "percent_covered": 100.0, "percent_covered_display": "100", "missing_lines": 0, "excluded_lines": 0}, "missing_lines": [], "excluded_lines": []}}}, "src/gmailarchiver/doctor.py": {"executed_lines": [1, 11, 12, 13, 14, 15, 16, 17, 18, 19, 20, 21, 22, 24, 26, 29, 30, 32, 33, 34, 37, 38, 39, 41, 42, 43, 44, 45, 48, 49, 50, 52, 53, 54, 57, 58, 59, 61, 62, 63, 64, 65, 66, 68, 70, 89, 90, 92, 102, 103, 104, 105, 107, 109, 110, 112, 113, 114, 115, 116, 118, 120, 121, 122, 123, 124, 126, 132, 135, 136, 137, 138, 141, 142, 143, 144, 147, 148, 149, 150, 153, 154, 155, 158, 159, 160, 161, 163, 166, 170, 179, 185, 188, 190, 191, 193, 195, 197, 198, 202, 208, 210, 211, 218, 219, 227, 228, 236, 237, 238, 240, 241, 247, 248, 256, 262, 263, 270, 272, 273, 274, 281, 282, 283, 285, 286, 300, 301, 308, 310, 311, 312, 319, 321, 325, 326, 337, 341, 343, 348, 349, 350, 351, 352, 354, 355, 377, 379, 380, 381, 388, 390, 394, 395, 403, 404, 406, 407, 415, 417, 418, 425, 444, 451, 453, 454, 455, 456, 459, 460, 462, 463, 465, 466, 472, 473, 488, 490, 498, 499, 500, 501, 502, 503, 505, 506, 513, 521, 523, 525, 526, 534, 535, 536, 540, 542, 544, 545, 551, 552, 576, 578, 579, 581, 583, 584, 591, 609, 611, 612, 613, 614, 615, 617, 619, 620, 621, 623, 624, 631, 632, 639, 645, 646, 653, 655, 656, 657, 664, 666, 667, 674, 680, 681, 688, 690, 691, 692, 694, 697, 699, 700, 707, 714, 715, 722, 724, 725, 727, 728, 735, 741, 742, 753, 761, 762, 764, 767, 768, 769, 770, 772, 774, 786, 788, 789, 790, 796, 802, 806, 808, 809, 815, 817, 819, 831, 833, 834, 837, 839, 840, 842, 843, 844, 845, 846, 847, 849, 861, 863, 864], "summary": {"covered_lines": 273, "num_statements": 295, "percent_covered": 92.54237288135593, "percent_covered_display": "93", "missing_lines": 22, "excluded_lines": 0}, "missing_lines": [194, 196, 229, 293, 362, 369, 370, 432, 433, 481, 560, 567, 568, 597, 598, 779, 780, 824, 825, 835, 854, 855], "excluded_lines": [], "functions": {"DoctorReport.to_dict": {"executed_lines": [70], "summary": {"covered_lines": 1, "num_statements": 1, "percent_covered": 100.0, "percent_covered_display": "100", "missing_lines": 0, "excluded_lines": 0}, "missing_lines": [], "excluded_lines": []}, "Doctor.__init__": {"executed_lines": [102, 103, 104, 105], "summary": {"covered_lines": 4, "num_statements": 4, "percent_covered": 100.0, "percent_covered_display": "100", "missing_lines": 0, "excluded_lines": 0}, "missing_lines": [], "excluded_lines": []}, "Doctor._get_connection": {"executed_lines": [109, 110, 112, 113, 114, 115, 116, 118, 120, 121, 122, 123, 124], "summary": {"covered_lines": 13, "num_statements": 13, "percent_covered": 100.0, "percent_covered_display": "100", "missing_lines": 0, "excluded_lines": 0}, "missing_lines": [], "excluded_lines": []}, "Doctor.run_diagnostics": {"executed_lines": [132, 135, 136, 137, 138, 141, 142, 143, 144, 147, 148, 149, 150, 153, 154, 155, 158, 159, 160, 161, 163, 166, 170], "summary": {"covered_lines": 23, "num_statements": 23, "percent_covered": 100.0, "percent_covered_display": "100", "missing_lines": 0, "excluded_lines": 0}, "missing_lines": [], "excluded_lines": []}, "Doctor.run_auto_fix": {"executed_lines": [185, 188, 190, 191, 193, 195, 197, 198, 202], "summary": {"covered_lines": 9, "num_statements": 11, "percent_covered": 81.81818181818181, "percent_covered_display": "82", "missing_lines": 2, "excluded_lines": 0}, "missing_lines": [194, 196], "excluded_lines": []}, "Doctor.check_database_schema": {"executed_lines": [210, 211, 218, 219, 227, 228, 236, 237, 238, 240, 241, 247, 248, 256, 262, 263], "summary": {"covered_lines": 16, "num_statements": 17, "percent_covered": 94.11764705882354, "percent_covered_display": "94", "missing_lines": 1, "excluded_lines": 0}, "missing_lines": [229], "excluded_lines": []}, "Doctor.check_database_integrity": {"executed_lines": [272, 273, 274, 281, 282, 283, 285, 286, 300, 301], "summary": {"covered_lines": 10, "num_statements": 11, "percent_covered": 90.9090909090909, "percent_covered_display": "91", "missing_lines": 1, "excluded_lines": 0}, "missing_lines": [293], "excluded_lines": []}, "Doctor.check_orphaned_fts": {"executed_lines": [310, 311, 312, 319, 321, 325, 326, 337, 341, 343, 348, 349, 350, 351, 352, 354, 355], "summary": {"covered_lines": 17, "num_statements": 20, "percent_covered": 85.0, "percent_covered_display": "85", "missing_lines": 3, "excluded_lines": 0}, "missing_lines": [362, 369, 370], "excluded_lines": []}, "Doctor.check_archive_files_exist": {"executed_lines": [379, 380, 381, 388, 390, 394, 395, 403, 404, 406, 407, 415, 417, 418, 425], "summary": {"covered_lines": 15, "num_statements": 17, "percent_covered": 88.23529411764706, "percent_covered_display": "88", "missing_lines": 2, "excluded_lines": 0}, "missing_lines": [432, 433], "excluded_lines": []}, "Doctor.check_python_version": {"executed_lines": [451, 453, 454, 455, 456, 459, 460, 462, 463, 465, 466, 472, 473], "summary": {"covered_lines": 13, "num_statements": 14, "percent_covered": 92.85714285714286, "percent_covered_display": "93", "missing_lines": 1, "excluded_lines": 0}, "missing_lines": [481], "excluded_lines": []}, "Doctor.check_dependencies": {"executed_lines": [490, 498, 499, 500, 501, 502, 503, 505, 506, 513], "summary": {"covered_lines": 10, "num_statements": 10, "percent_covered": 100.0, "percent_covered_display": "100", "missing_lines": 0, "excluded_lines": 0}, "missing_lines": [], "excluded_lines": []}, "Doctor.check_oauth_token": {"executed_lines": [523, 525, 526, 534, 535, 536, 540, 542, 544, 545, 551, 552], "summary": {"covered_lines": 12, "num_statements": 15, "percent_covered": 80.0, "percent_covered_display": "80", "missing_lines": 3, "excluded_lines": 0}, "missing_lines": [560, 567, 568], "excluded_lines": []}, "Doctor.check_credentials_file": {"executed_lines": [578, 579, 581, 583, 584, 591], "summary": {"covered_lines": 6, "num_statements": 8, "percent_covered": 75.0, "percent_covered_display": "75", "missing_lines": 2, "excluded_lines": 0}, "missing_lines": [597, 598], "excluded_lines": []}, "Doctor.check_disk_space": {"executed_lines": [611, 612, 613, 614, 615, 617, 619, 620, 621, 623, 624, 631, 632, 639, 645, 646], "summary": {"covered_lines": 16, "num_statements": 16, "percent_covered": 100.0, "percent_covered_display": "100", "missing_lines": 0, "excluded_lines": 0}, "missing_lines": [], "excluded_lines": []}, "Doctor.check_write_permissions": {"executed_lines": [655, 656, 657, 664, 666, 667, 674, 680, 681], "summary": {"covered_lines": 9, "num_statements": 9, "percent_covered": 100.0, "percent_covered_display": "100", "missing_lines": 0, "excluded_lines": 0}, "missing_lines": [], "excluded_lines": []}, "Doctor.check_stale_locks": {"executed_lines": [690, 691, 692, 694, 697, 699, 700, 707, 714, 715], "summary": {"covered_lines": 10, "num_statements": 10, "percent_covered": 100.0, "percent_covered_display": "100", "missing_lines": 0, "excluded_lines": 0}, "missing_lines": [], "excluded_lines": []}, "Doctor.check_temp_directory": {"executed_lines": [724, 725, 727, 728, 735, 741, 742], "summary": {"covered_lines": 7, "num_statements": 7, "percent_covered": 100.0, "percent_covered_display": "100", "missing_lines": 0, "excluded_lines": 0}, "missing_lines": [], "excluded_lines": []}, "Doctor.fix_missing_database": {"executed_lines": [761, 762, 764, 767, 768, 769, 770, 772, 774], "summary": {"covered_lines": 9, "num_statements": 11, "percent_covered": 81.81818181818181, "percent_covered_display": "82", "missing_lines": 2, "excluded_lines": 0}, "missing_lines": [779, 780], "excluded_lines": []}, "Doctor.fix_orphaned_fts": {"executed_lines": [788, 789, 790, 796, 802, 806, 808, 809, 815, 817, 819], "summary": {"covered_lines": 11, "num_statements": 13, "percent_covered": 84.61538461538461, "percent_covered_display": "85", "missing_lines": 2, "excluded_lines": 0}, "missing_lines": [824, 825], "excluded_lines": []}, "Doctor.fix_stale_locks": {"executed_lines": [833, 834, 837, 839, 840, 842, 843, 844, 845, 846, 847, 849], "summary": {"covered_lines": 12, "num_statements": 15, "percent_covered": 80.0, "percent_covered_display": "80", "missing_lines": 3, "excluded_lines": 0}, "missing_lines": [835, 854, 855], "excluded_lines": []}, "Doctor.__del__": {"executed_lines": [863, 864], "summary": {"covered_lines": 2, "num_statements": 2, "percent_covered": 100.0, "percent_covered_display": "100", "missing_lines": 0, "excluded_lines": 0}, "missing_lines": [], "excluded_lines": []}, "": {"executed_lines": [1, 11, 12, 13, 14, 15, 16, 17, 18, 19, 20, 21, 22, 24, 26, 29, 30, 32, 33, 34, 37, 38, 39, 41, 42, 43, 44, 45, 48, 49, 50, 52, 53, 54, 57, 58, 59, 61, 62, 63, 64, 65, 66, 68, 89, 90, 92, 107, 126, 179, 208, 270, 308, 377, 444, 488, 521, 576, 609, 653, 688, 722, 753, 786, 831, 861], "summary": {"covered_lines": 48, "num_statements": 48, "percent_covered": 100.0, "percent_covered_display": "100", "missing_lines": 0, "excluded_lines": 0}, "missing_lines": [], "excluded_lines": []}}, "classes": {"CheckSeverity": {"executed_lines": [], "summary": {"covered_lines": 0, "num_statements": 0, "percent_covered": 100.0, "percent_covered_display": "100", "missing_lines": 0, "excluded_lines": 0}, "missing_lines": [], "excluded_lines": []}, "CheckResult": {"executed_lines": [], "summary": {"covered_lines": 0, "num_statements": 0, "percent_covered": 100.0, "percent_covered_display": "100", "missing_lines": 0, "excluded_lines": 0}, "missing_lines": [], "excluded_lines": []}, "FixResult": {"executed_lines": [], "summary": {"covered_lines": 0, "num_statements": 0, "percent_covered": 100.0, "percent_covered_display": "100", "missing_lines": 0, "excluded_lines": 0}, "missing_lines": [], "excluded_lines": []}, "DoctorReport": {"executed_lines": [70], "summary": {"covered_lines": 1, "num_statements": 1, "percent_covered": 100.0, "percent_covered_display": "100", "missing_lines": 0, "excluded_lines": 0}, "missing_lines": [], "excluded_lines": []}, "Doctor": {"executed_lines": [102, 103, 104, 105, 109, 110, 112, 113, 114, 115, 116, 118, 120, 121, 122, 123, 124, 132, 135, 136, 137, 138, 141, 142, 143, 144, 147, 148, 149, 150, 153, 154, 155, 158, 159, 160, 161, 163, 166, 170, 185, 188, 190, 191, 193, 195, 197, 198, 202, 210, 211, 218, 219, 227, 228, 236, 237, 238, 240, 241, 247, 248, 256, 262, 263, 272, 273, 274, 281, 282, 283, 285, 286, 300, 301, 310, 311, 312, 319, 321, 325, 326, 337, 341, 343, 348, 349, 350, 351, 352, 354, 355, 379, 380, 381, 388, 390, 394, 395, 403, 404, 406, 407, 415, 417, 418, 425, 451, 453, 454, 455, 456, 459, 460, 462, 463, 465, 466, 472, 473, 490, 498, 499, 500, 501, 502, 503, 505, 506, 513, 523, 525, 526, 534, 535, 536, 540, 542, 544, 545, 551, 552, 578, 579, 581, 583, 584, 591, 611, 612, 613, 614, 615, 617, 619, 620, 621, 623, 624, 631, 632, 639, 645, 646, 655, 656, 657, 664, 666, 667, 674, 680, 681, 690, 691, 692, 694, 697, 699, 700, 707, 714, 715, 724, 725, 727, 728, 735, 741, 742, 761, 762, 764, 767, 768, 769, 770, 772, 774, 788, 789, 790, 796, 802, 806, 808, 809, 815, 817, 819, 833, 834, 837, 839, 840, 842, 843, 844, 845, 846, 847, 849, 863, 864], "summary": {"covered_lines": 224, "num_statements": 246, "percent_covered": 91.0569105691057, "percent_covered_display": "91", "missing_lines": 22, "excluded_lines": 0}, "missing_lines": [194, 196, 229, 293, 362, 369, 370, 432, 433, 481, 560, 567, 568, 597, 598, 779, 780, 824, 825, 835, 854, 855], "excluded_lines": []}, "": {"executed_lines": [1, 11, 12, 13, 14, 15, 16, 17, 18, 19, 20, 21, 22, 24, 26, 29, 30, 32, 33, 34, 37, 38, 39, 41, 42, 43, 44, 45, 48, 49, 50, 52, 53, 54, 57, 58, 59, 61, 62, 63, 64, 65, 66, 68, 89, 90, 92, 107, 126, 179, 208, 270, 308, 377, 444, 488, 521, 576, 609, 653, 688, 722, 753, 786, 831, 861], "summary": {"covered_lines": 48, "num_statements": 48, "percent_covered": 100.0, "percent_covered_display": "100", "missing_lines": 0, "excluded_lines": 0}, "missing_lines": [], "excluded_lines": []}}}, "src/gmailarchiver/extractor.py": {"executed_lines": [1, 7, 8, 9, 10, 11, 12, 14, 17, 18, 20, 21, 22, 25, 26, 28, 31, 32, 34, 44, 45, 46, 48, 50, 67, 68, 69, 71, 72, 74, 91, 92, 93, 95, 96, 97, 99, 101, 119, 120, 122, 124, 125, 127, 130, 131, 133, 134, 135, 137, 139, 161, 162, 163, 166, 168, 169, 171, 176, 177, 178, 181, 182, 183, 184, 185, 188, 190, 192, 193, 195, 216, 219, 220, 221, 222, 236, 237, 238, 240, 242, 243, 247, 257, 258, 259, 260, 261, 262, 263, 264, 266, 268, 270, 272, 274, 276], "summary": {"covered_lines": 90, "num_statements": 97, "percent_covered": 92.78350515463917, "percent_covered_display": "93", "missing_lines": 7, "excluded_lines": 0}, "missing_lines": [223, 225, 226, 227, 228, 229, 233], "excluded_lines": [], "functions": {"MessageExtractor.__init__": {"executed_lines": [44, 45, 46, 48], "summary": {"covered_lines": 4, "num_statements": 4, "percent_covered": 100.0, "percent_covered_display": "100", "missing_lines": 0, "excluded_lines": 0}, "missing_lines": [], "excluded_lines": []}, "MessageExtractor.extract_by_gmail_id": {"executed_lines": [67, 68, 69, 71, 72], "summary": {"covered_lines": 5, "num_statements": 5, "percent_covered": 100.0, "percent_covered_display": "100", "missing_lines": 0, "excluded_lines": 0}, "missing_lines": [], "excluded_lines": []}, "MessageExtractor.extract_by_rfc_message_id": {"executed_lines": [91, 92, 93, 95, 96, 97, 99], "summary": {"covered_lines": 7, "num_statements": 7, "percent_covered": 100.0, "percent_covered_display": "100", "missing_lines": 0, "excluded_lines": 0}, "missing_lines": [], "excluded_lines": []}, "MessageExtractor.batch_extract": {"executed_lines": [119, 120, 122, 124, 125, 127, 130, 131, 133, 134, 135, 137], "summary": {"covered_lines": 12, "num_statements": 12, "percent_covered": 100.0, "percent_covered_display": "100", "missing_lines": 0, "excluded_lines": 0}, "missing_lines": [], "excluded_lines": []}, "MessageExtractor._extract_from_archive": {"executed_lines": [161, 162, 163, 166, 168, 169, 171, 176, 177, 178, 181, 182, 183, 184, 185, 188, 190, 192, 193], "summary": {"covered_lines": 19, "num_statements": 19, "percent_covered": 100.0, "percent_covered_display": "100", "missing_lines": 0, "excluded_lines": 0}, "missing_lines": [], "excluded_lines": []}, "MessageExtractor._extract_from_compressed": {"executed_lines": [216, 219, 220, 221, 222, 236, 237, 238, 240, 242, 243], "summary": {"covered_lines": 11, "num_statements": 18, "percent_covered": 61.111111111111114, "percent_covered_display": "61", "missing_lines": 7, "excluded_lines": 0}, "missing_lines": [223, 225, 226, 227, 228, 229, 233], "excluded_lines": []}, "MessageExtractor._get_compression_format": {"executed_lines": [257, 258, 259, 260, 261, 262, 263, 264], "summary": {"covered_lines": 8, "num_statements": 8, "percent_covered": 100.0, "percent_covered_display": "100", "missing_lines": 0, "excluded_lines": 0}, "missing_lines": [], "excluded_lines": []}, "MessageExtractor.close": {"executed_lines": [268], "summary": {"covered_lines": 1, "num_statements": 1, "percent_covered": 100.0, "percent_covered_display": "100", "missing_lines": 0, "excluded_lines": 0}, "missing_lines": [], "excluded_lines": []}, "MessageExtractor.__enter__": {"executed_lines": [272], "summary": {"covered_lines": 1, "num_statements": 1, "percent_covered": 100.0, "percent_covered_display": "100", "missing_lines": 0, "excluded_lines": 0}, "missing_lines": [], "excluded_lines": []}, "MessageExtractor.__exit__": {"executed_lines": [276], "summary": {"covered_lines": 1, "num_statements": 1, "percent_covered": 100.0, "percent_covered_display": "100", "missing_lines": 0, "excluded_lines": 0}, "missing_lines": [], "excluded_lines": []}, "": {"executed_lines": [1, 7, 8, 9, 10, 11, 12, 14, 17, 18, 20, 21, 22, 25, 26, 28, 31, 32, 34, 50, 74, 101, 139, 195, 247, 266, 270, 274], "summary": {"covered_lines": 21, "num_statements": 21, "percent_covered": 100.0, "percent_covered_display": "100", "missing_lines": 0, "excluded_lines": 0}, "missing_lines": [], "excluded_lines": []}}, "classes": {"ExtractStats": {"executed_lines": [], "summary": {"covered_lines": 0, "num_statements": 0, "percent_covered": 100.0, "percent_covered_display": "100", "missing_lines": 0, "excluded_lines": 0}, "missing_lines": [], "excluded_lines": []}, "ExtractorError": {"executed_lines": [], "summary": {"covered_lines": 0, "num_statements": 0, "percent_covered": 100.0, "percent_covered_display": "100", "missing_lines": 0, "excluded_lines": 0}, "missing_lines": [], "excluded_lines": []}, "MessageExtractor": {"executed_lines": [44, 45, 46, 48, 67, 68, 69, 71, 72, 91, 92, 93, 95, 96, 97, 99, 119, 120, 122, 124, 125, 127, 130, 131, 133, 134, 135, 137, 161, 162, 163, 166, 168, 169, 171, 176, 177, 178, 181, 182, 183, 184, 185, 188, 190, 192, 193, 216, 219, 220, 221, 222, 236, 237, 238, 240, 242, 243, 257, 258, 259, 260, 261, 262, 263, 264, 268, 272, 276], "summary": {"covered_lines": 69, "num_statements": 76, "percent_covered": 90.78947368421052, "percent_covered_display": "91", "missing_lines": 7, "excluded_lines": 0}, "missing_lines": [223, 225, 226, 227, 228, 229, 233], "excluded_lines": []}, "": {"executed_lines": [1, 7, 8, 9, 10, 11, 12, 14, 17, 18, 20, 21, 22, 25, 26, 28, 31, 32, 34, 50, 74, 101, 139, 195, 247, 266, 270, 274], "summary": {"covered_lines": 21, "num_statements": 21, "percent_covered": 100.0, "percent_covered_display": "100", "missing_lines": 0, "excluded_lines": 0}, "missing_lines": [], "excluded_lines": []}}}, "src/gmailarchiver/gmail_client.py": {"executed_lines": [1, 3, 4, 5, 6, 7, 8, 10, 11, 12, 14, 15, 17, 20, 21, 23, 39, 40, 41, 42, 43, 45, 59, 61, 62, 64, 65, 66, 75, 76, 78, 79, 80, 82, 83, 85, 88, 90, 101, 109, 128, 129, 130, 131, 133, 138, 140, 142, 143, 145, 147, 148, 158, 161, 162, 163, 165, 168, 170, 180, 181, 184, 186, 196, 198, 199, 201, 206, 207, 209, 210, 219, 220, 223, 225, 227, 240, 242, 243, 249, 250, 252, 265, 266, 267, 268, 270, 271, 273, 275, 278, 279, 280, 281], "summary": {"covered_lines": 92, "num_statements": 94, "percent_covered": 97.87234042553192, "percent_covered_display": "98", "missing_lines": 2, "excluded_lines": 0}, "missing_lines": [86, 283], "excluded_lines": [], "functions": {"GmailClient.__init__": {"executed_lines": [39, 40, 41, 42, 43], "summary": {"covered_lines": 5, "num_statements": 5, "percent_covered": 100.0, "percent_covered_display": "100", "missing_lines": 0, "excluded_lines": 0}, "missing_lines": [], "excluded_lines": []}, "GmailClient.list_messages": {"executed_lines": [59, 61, 62, 64, 65, 66, 75, 76, 78, 79, 80, 82, 83, 85, 88], "summary": {"covered_lines": 15, "num_statements": 16, "percent_covered": 93.75, "percent_covered_display": "94", "missing_lines": 1, "excluded_lines": 0}, "missing_lines": [86], "excluded_lines": []}, "GmailClient.get_message": {"executed_lines": [101], "summary": {"covered_lines": 1, "num_statements": 1, "percent_covered": 100.0, "percent_covered_display": "100", "missing_lines": 0, "excluded_lines": 0}, "missing_lines": [], "excluded_lines": []}, "GmailClient.get_messages_batch": {"executed_lines": [128, 129, 130, 131, 133, 147, 148, 158, 161, 162, 163, 165, 168], "summary": {"covered_lines": 13, "num_statements": 13, "percent_covered": 100.0, "percent_covered_display": "100", "missing_lines": 0, "excluded_lines": 0}, "missing_lines": [], "excluded_lines": []}, "GmailClient.get_messages_batch.callback": {"executed_lines": [138, 140, 142, 143, 145], "summary": {"covered_lines": 5, "num_statements": 5, "percent_covered": 100.0, "percent_covered_display": "100", "missing_lines": 0, "excluded_lines": 0}, "missing_lines": [], "excluded_lines": []}, "GmailClient.decode_message_raw": {"executed_lines": [180, 181, 184], "summary": {"covered_lines": 3, "num_statements": 3, "percent_covered": 100.0, "percent_covered_display": "100", "missing_lines": 0, "excluded_lines": 0}, "missing_lines": [], "excluded_lines": []}, "GmailClient.trash_messages": {"executed_lines": [196, 198, 199, 201, 209, 210, 219, 220, 223, 225], "summary": {"covered_lines": 10, "num_statements": 10, "percent_covered": 100.0, "percent_covered_display": "100", "missing_lines": 0, "excluded_lines": 0}, "missing_lines": [], "excluded_lines": []}, "GmailClient.trash_messages.callback": {"executed_lines": [206, 207], "summary": {"covered_lines": 2, "num_statements": 2, "percent_covered": 100.0, "percent_covered_display": "100", "missing_lines": 0, "excluded_lines": 0}, "missing_lines": [], "excluded_lines": []}, "GmailClient.delete_messages_permanent": {"executed_lines": [240, 242, 243, 249, 250], "summary": {"covered_lines": 5, "num_statements": 5, "percent_covered": 100.0, "percent_covered_display": "100", "missing_lines": 0, "excluded_lines": 0}, "missing_lines": [], "excluded_lines": []}, "GmailClient._execute_with_retry": {"executed_lines": [265, 266, 267, 268, 270, 271, 273, 275, 278, 279, 280, 281], "summary": {"covered_lines": 12, "num_statements": 13, "percent_covered": 92.3076923076923, "percent_covered_display": "92", "missing_lines": 1, "excluded_lines": 0}, "missing_lines": [283], "excluded_lines": []}, "": {"executed_lines": [1, 3, 4, 5, 6, 7, 8, 10, 11, 12, 14, 15, 17, 20, 21, 23, 45, 90, 109, 170, 186, 227, 252], "summary": {"covered_lines": 21, "num_statements": 21, "percent_covered": 100.0, "percent_covered_display": "100", "missing_lines": 0, "excluded_lines": 0}, "missing_lines": [], "excluded_lines": []}}, "classes": {"GmailClient": {"executed_lines": [39, 40, 41, 42, 43, 59, 61, 62, 64, 65, 66, 75, 76, 78, 79, 80, 82, 83, 85, 88, 101, 128, 129, 130, 131, 133, 138, 140, 142, 143, 145, 147, 148, 158, 161, 162, 163, 165, 168, 180, 181, 184, 196, 198, 199, 201, 206, 207, 209, 210, 219, 220, 223, 225, 240, 242, 243, 249, 250, 265, 266, 267, 268, 270, 271, 273, 275, 278, 279, 280, 281], "summary": {"covered_lines": 71, "num_statements": 73, "percent_covered": 97.26027397260275, "percent_covered_display": "97", "missing_lines": 2, "excluded_lines": 0}, "missing_lines": [86, 283], "excluded_lines": []}, "": {"executed_lines": [1, 3, 4, 5, 6, 7, 8, 10, 11, 12, 14, 15, 17, 20, 21, 23, 45, 90, 109, 170, 186, 227, 252], "summary": {"covered_lines": 21, "num_statements": 21, "percent_covered": 100.0, "percent_covered_display": "100", "missing_lines": 0, "excluded_lines": 0}, "missing_lines": [], "excluded_lines": []}}}, "src/gmailarchiver/hybrid_storage.py": {"executed_lines": [1, 15, 17, 18, 19, 20, 21, 22, 23, 24, 25, 26, 27, 28, 29, 30, 31, 33, 35, 38, 39, 41, 44, 45, 47, 50, 51, 52, 54, 55, 56, 57, 58, 61, 62, 81, 88, 89, 90, 94, 129, 130, 131, 134, 137, 138, 143, 145, 146, 147, 151, 152, 153, 154, 159, 160, 161, 164, 167, 170, 171, 172, 173, 175, 176, 179, 180, 181, 182, 184, 187, 188, 191, 192, 193, 195, 200, 203, 204, 206, 225, 226, 227, 229, 230, 231, 234, 235, 238, 239, 241, 246, 248, 250, 251, 252, 253, 254, 255, 256, 258, 260, 261, 262, 263, 264, 265, 268, 273, 279, 280, 281, 282, 283, 284, 285, 286, 287, 289, 290, 291, 292, 293, 297, 321, 323, 346, 349, 351, 353, 354, 356, 357, 359, 360, 361, 362, 365, 366, 367, 368, 373, 374, 377, 378, 379, 380, 384, 386, 387, 388, 391, 392, 393, 395, 398, 399, 400, 401, 403, 404, 407, 409, 411, 412, 413, 417, 423, 424, 425, 428, 429, 430, 431, 433, 451, 453, 454, 455, 458, 461, 466, 467, 473, 503, 506, 508, 510, 513, 514, 515, 518, 519, 520, 521, 524, 527, 528, 532, 533, 535, 536, 537, 538, 541, 542, 543, 544, 549, 550, 554, 555, 556, 557, 563, 565, 566, 567, 570, 571, 572, 573, 575, 578, 579, 580, 581, 583, 584, 590, 591, 596, 597, 607, 608, 610, 612, 617, 625, 627, 628, 629, 630, 631, 632, 635, 641, 643, 645, 646, 647, 648, 649, 650, 653, 654, 655, 657, 658, 660, 666, 678, 689, 690, 691, 693, 696, 697, 699, 701, 704, 706, 707, 708, 709, 710, 711, 712, 716, 718, 720, 721, 724, 725, 726, 727, 728, 733, 734, 742, 743, 745, 761, 762, 764, 767, 768, 769, 772, 774, 775, 777, 778, 779, 780, 784, 785, 787, 789, 790, 792, 793, 794, 795, 798, 799, 803, 806, 807, 812, 816, 819, 836, 839, 840, 841, 844, 846, 847, 848, 856, 857, 859, 861, 862, 864, 865, 866, 867, 869, 872, 873, 879, 880, 885, 889, 890, 894, 906, 908, 909, 912, 917, 920, 921, 922, 925, 927, 928, 931, 932, 933, 934, 935, 939, 940, 942, 943, 944, 945, 946, 949, 950, 955, 958, 960, 973, 974, 976, 978, 990, 991, 992, 994, 995, 997, 998, 999, 1001, 1002, 1004, 1006, 1016, 1017, 1019, 1020, 1021, 1022, 1023, 1025, 1038, 1040, 1041, 1042, 1043, 1044, 1045, 1046, 1049, 1050, 1052, 1053, 1054, 1055, 1056, 1057, 1059, 1061, 1071, 1073, 1083, 1084, 1085, 1086, 1087, 1088, 1089, 1090, 1092, 1106, 1107, 1108, 1109, 1110, 1111, 1112, 1113, 1114, 1115, 1116, 1117, 1119, 1123, 1137, 1138, 1139, 1140, 1141, 1142, 1143, 1144, 1145, 1146, 1147, 1148, 1150, 1156, 1158, 1160, 1162, 1164, 1166, 1168, 1170, 1171, 1172, 1173, 1174, 1175, 1176, 1177, 1178], "summary": {"covered_lines": 467, "num_statements": 506, "percent_covered": 92.29249011857708, "percent_covered_display": "92", "missing_lines": 39, "excluded_lines": 0}, "missing_lines": [141, 162, 163, 370, 382, 405, 414, 415, 426, 427, 546, 561, 585, 636, 637, 638, 639, 640, 656, 667, 668, 669, 670, 671, 672, 673, 674, 735, 736, 776, 817, 849, 850, 851, 852, 874, 881, 1047, 1048], "excluded_lines": [], "functions": {"HybridStorage.__init__": {"executed_lines": [88, 89, 90], "summary": {"covered_lines": 3, "num_statements": 3, "percent_covered": 100.0, "percent_covered_display": "100", "missing_lines": 0, "excluded_lines": 0}, "missing_lines": [], "excluded_lines": []}, "HybridStorage.archive_message": {"executed_lines": [129, 130, 131, 134, 137, 138, 143, 145, 146, 147, 151, 152, 153, 154, 159, 160, 161, 164, 167, 170, 171, 172, 173, 175, 176, 179, 180, 181, 182, 184, 187, 188, 191, 192, 193, 195, 200, 203, 204, 206, 225, 226, 227, 229, 230, 231, 234, 235, 238, 239, 241, 246, 248, 250, 251, 252, 253, 254, 255, 256, 258, 260, 261, 262, 263, 264, 265, 268, 273, 279, 280, 281, 282, 283, 284, 285, 286, 287, 289, 290, 291, 292, 293], "summary": {"covered_lines": 83, "num_statements": 86, "percent_covered": 96.51162790697674, "percent_covered_display": "97", "missing_lines": 3, "excluded_lines": 0}, "missing_lines": [141, 162, 163], "excluded_lines": []}, "HybridStorage.read_messages_from_archives": {"executed_lines": [321], "summary": {"covered_lines": 1, "num_statements": 1, "percent_covered": 100.0, "percent_covered_display": "100", "missing_lines": 0, "excluded_lines": 0}, "missing_lines": [], "excluded_lines": []}, "HybridStorage.bulk_write_messages": {"executed_lines": [346, 349, 351, 353, 354, 356, 357, 359, 360, 361, 362, 365, 366, 367, 368, 373, 374, 377, 378, 379, 380, 384, 386, 387, 388, 391, 392, 393, 395, 398, 399, 400, 401, 403, 404, 407, 409, 411, 412, 413, 417, 423, 424, 425, 428, 429, 430, 431], "summary": {"covered_lines": 48, "num_statements": 55, "percent_covered": 87.27272727272727, "percent_covered_display": "87", "missing_lines": 7, "excluded_lines": 0}, "missing_lines": [370, 382, 405, 414, 415, 426, 427], "excluded_lines": []}, "HybridStorage.bulk_update_archive_locations_with_dedup": {"executed_lines": [451, 453, 454, 455, 458, 461, 466, 467], "summary": {"covered_lines": 8, "num_statements": 8, "percent_covered": 100.0, "percent_covered_display": "100", "missing_lines": 0, "excluded_lines": 0}, "missing_lines": [], "excluded_lines": []}, "HybridStorage.consolidate_archives": {"executed_lines": [503, 506, 508, 510, 513, 514, 515, 518, 519, 520, 521, 524, 527, 528, 532, 533, 535, 536, 537, 538, 541, 542, 543, 544, 549, 550, 554, 555, 556, 557, 563, 565, 566, 567, 570, 571, 572, 573, 575, 578, 579, 580, 581, 583, 584, 590, 591, 596, 597, 607, 608, 610, 612, 617, 625, 627, 628, 629, 630, 631, 632, 635, 641, 643, 645, 646, 647, 648, 649, 650, 653, 654, 655, 657, 658, 660, 666], "summary": {"covered_lines": 77, "num_statements": 94, "percent_covered": 81.91489361702128, "percent_covered_display": "82", "missing_lines": 17, "excluded_lines": 0}, "missing_lines": [546, 561, 585, 636, 637, 638, 639, 640, 656, 667, 668, 669, 670, 671, 672, 673, 674], "excluded_lines": []}, "HybridStorage._validate_message_consistency": {"executed_lines": [689, 690, 691, 693, 696, 697, 699, 701, 704, 706, 707, 708, 709, 710, 711, 712, 716, 718, 720, 721, 724, 725, 726, 727, 728, 733, 734, 742, 743], "summary": {"covered_lines": 29, "num_statements": 31, "percent_covered": 93.54838709677419, "percent_covered_display": "94", "missing_lines": 2, "excluded_lines": 0}, "missing_lines": [735, 736], "excluded_lines": []}, "HybridStorage._validate_archive_consistency": {"executed_lines": [761, 762, 764, 767, 768, 769, 772, 774, 775, 777, 778, 779, 780, 784, 785, 787, 789, 790, 792, 793, 794, 795, 798, 799, 803, 806, 807, 812, 816], "summary": {"covered_lines": 29, "num_statements": 31, "percent_covered": 93.54838709677419, "percent_covered_display": "94", "missing_lines": 2, "excluded_lines": 0}, "missing_lines": [776, 817], "excluded_lines": []}, "HybridStorage._validate_consolidation_output": {"executed_lines": [836, 839, 840, 841, 844, 846, 847, 848, 856, 857, 859, 861, 862, 864, 865, 866, 867, 869, 872, 873, 879, 880, 885, 889, 890], "summary": {"covered_lines": 25, "num_statements": 31, "percent_covered": 80.64516129032258, "percent_covered_display": "81", "missing_lines": 6, "excluded_lines": 0}, "missing_lines": [849, 850, 851, 852, 874, 881], "excluded_lines": []}, "HybridStorage._collect_messages": {"executed_lines": [906, 908, 909, 912, 917, 920, 921, 922, 925, 927, 928, 931, 932, 933, 934, 935, 939, 940, 942, 943, 944, 945, 946, 949, 950, 955, 958, 960, 973, 974, 976], "summary": {"covered_lines": 31, "num_statements": 31, "percent_covered": 100.0, "percent_covered_display": "100", "missing_lines": 0, "excluded_lines": 0}, "missing_lines": [], "excluded_lines": []}, "HybridStorage._deduplicate_messages": {"executed_lines": [990, 991, 992, 994, 995, 997, 998, 999, 1001, 1002, 1004], "summary": {"covered_lines": 11, "num_statements": 11, "percent_covered": 100.0, "percent_covered_display": "100", "missing_lines": 0, "excluded_lines": 0}, "missing_lines": [], "excluded_lines": []}, "HybridStorage._extract_rfc_message_id": {"executed_lines": [1016, 1017, 1019, 1020, 1021, 1022, 1023], "summary": {"covered_lines": 7, "num_statements": 7, "percent_covered": 100.0, "percent_covered_display": "100", "missing_lines": 0, "excluded_lines": 0}, "missing_lines": [], "excluded_lines": []}, "HybridStorage._extract_body_preview": {"executed_lines": [1038, 1040, 1041, 1042, 1043, 1044, 1045, 1046, 1049, 1050, 1052, 1053, 1054, 1055, 1056, 1057, 1059], "summary": {"covered_lines": 17, "num_statements": 19, "percent_covered": 89.47368421052632, "percent_covered_display": "89", "missing_lines": 2, "excluded_lines": 0}, "missing_lines": [1047, 1048], "excluded_lines": []}, "HybridStorage._compute_checksum": {"executed_lines": [1071], "summary": {"covered_lines": 1, "num_statements": 1, "percent_covered": 100.0, "percent_covered_display": "100", "missing_lines": 0, "excluded_lines": 0}, "missing_lines": [], "excluded_lines": []}, "HybridStorage._detect_compression": {"executed_lines": [1083, 1084, 1085, 1086, 1087, 1088, 1089, 1090], "summary": {"covered_lines": 8, "num_statements": 8, "percent_covered": 100.0, "percent_covered_display": "100", "missing_lines": 0, "excluded_lines": 0}, "missing_lines": [], "excluded_lines": []}, "HybridStorage._compress_file": {"executed_lines": [1106, 1107, 1108, 1109, 1110, 1111, 1112, 1113, 1114, 1115, 1116, 1117, 1119], "summary": {"covered_lines": 13, "num_statements": 13, "percent_covered": 100.0, "percent_covered_display": "100", "missing_lines": 0, "excluded_lines": 0}, "missing_lines": [], "excluded_lines": []}, "HybridStorage._decompress_file": {"executed_lines": [1137, 1138, 1139, 1140, 1141, 1142, 1143, 1144, 1145, 1146, 1147, 1148, 1150], "summary": {"covered_lines": 13, "num_statements": 13, "percent_covered": 100.0, "percent_covered_display": "100", "missing_lines": 0, "excluded_lines": 0}, "missing_lines": [], "excluded_lines": []}, "HybridStorage.__enter__": {"executed_lines": [1158], "summary": {"covered_lines": 1, "num_statements": 1, "percent_covered": 100.0, "percent_covered_display": "100", "missing_lines": 0, "excluded_lines": 0}, "missing_lines": [], "excluded_lines": []}, "HybridStorage.__exit__": {"executed_lines": [1162], "summary": {"covered_lines": 1, "num_statements": 1, "percent_covered": 100.0, "percent_covered_display": "100", "missing_lines": 0, "excluded_lines": 0}, "missing_lines": [], "excluded_lines": []}, "HybridStorage.__del__": {"executed_lines": [1166], "summary": {"covered_lines": 1, "num_statements": 1, "percent_covered": 100.0, "percent_covered_display": "100", "missing_lines": 0, "excluded_lines": 0}, "missing_lines": [], "excluded_lines": []}, "HybridStorage._cleanup_staging_area": {"executed_lines": [1170, 1171, 1172, 1173, 1174, 1175, 1176, 1177, 1178], "summary": {"covered_lines": 9, "num_statements": 9, "percent_covered": 100.0, "percent_covered_display": "100", "missing_lines": 0, "excluded_lines": 0}, "missing_lines": [], "excluded_lines": []}, "": {"executed_lines": [1, 15, 17, 18, 19, 20, 21, 22, 23, 24, 25, 26, 27, 28, 29, 30, 31, 33, 35, 38, 39, 41, 44, 45, 47, 50, 51, 52, 54, 55, 56, 57, 58, 61, 62, 81, 94, 297, 323, 433, 473, 678, 745, 819, 894, 978, 1006, 1025, 1061, 1073, 1092, 1123, 1156, 1160, 1164, 1168], "summary": {"covered_lines": 51, "num_statements": 51, "percent_covered": 100.0, "percent_covered_display": "100", "missing_lines": 0, "excluded_lines": 0}, "missing_lines": [], "excluded_lines": []}}, "classes": {"IntegrityError": {"executed_lines": [], "summary": {"covered_lines": 0, "num_statements": 0, "percent_covered": 100.0, "percent_covered_display": "100", "missing_lines": 0, "excluded_lines": 0}, "missing_lines": [], "excluded_lines": []}, "HybridStorageError": {"executed_lines": [], "summary": {"covered_lines": 0, "num_statements": 0, "percent_covered": 100.0, "percent_covered_display": "100", "missing_lines": 0, "excluded_lines": 0}, "missing_lines": [], "excluded_lines": []}, "ConsolidationResult": {"executed_lines": [], "summary": {"covered_lines": 0, "num_statements": 0, "percent_covered": 100.0, "percent_covered_display": "100", "missing_lines": 0, "excluded_lines": 0}, "missing_lines": [], "excluded_lines": []}, "HybridStorage": {"executed_lines": [88, 89, 90, 129, 130, 131, 134, 137, 138, 143, 145, 146, 147, 151, 152, 153, 154, 159, 160, 161, 164, 167, 170, 171, 172, 173, 175, 176, 179, 180, 181, 182, 184, 187, 188, 191, 192, 193, 195, 200, 203, 204, 206, 225, 226, 227, 229, 230, 231, 234, 235, 238, 239, 241, 246, 248, 250, 251, 252, 253, 254, 255, 256, 258, 260, 261, 262, 263, 264, 265, 268, 273, 279, 280, 281, 282, 283, 284, 285, 286, 287, 289, 290, 291, 292, 293, 321, 346, 349, 351, 353, 354, 356, 357, 359, 360, 361, 362, 365, 366, 367, 368, 373, 374, 377, 378, 379, 380, 384, 386, 387, 388, 391, 392, 393, 395, 398, 399, 400, 401, 403, 404, 407, 409, 411, 412, 413, 417, 423, 424, 425, 428, 429, 430, 431, 451, 453, 454, 455, 458, 461, 466, 467, 503, 506, 508, 510, 513, 514, 515, 518, 519, 520, 521, 524, 527, 528, 532, 533, 535, 536, 537
[...]
], "summary": {"covered_lines": 31, "num_statements": 31, "percent_covered": 100.0, "percent_covered_display": "100", "missing_lines": 0, "excluded_lines": 0}, "missing_lines": [], "excluded_lines": []}, "SearchEngine.close": {"executed_lines": [512], "summary": {"covered_lines": 1, "num_statements": 1, "percent_covered": 100.0, "percent_covered_display": "100", "missing_lines": 0, "excluded_lines": 0}, "missing_lines": [], "excluded_lines": []}, "SearchEngine.__enter__": {"executed_lines": [516], "summary": {"covered_lines": 1, "num_statements": 1, "percent_covered": 100.0, "percent_covered_display": "100", "missing_lines": 0, "excluded_lines": 0}, "missing_lines": [], "excluded_lines": []}, "SearchEngine.__exit__": {"executed_lines": [520], "summary": {"covered_lines": 1, "num_statements": 1, "percent_covered": 100.0, "percent_covered_display": "100", "missing_lines": 0, "excluded_lines": 0}, "missing_lines": [], "excluded_lines": []}, "": {"executed_lines": [1, 21, 22, 23, 24, 25, 28, 29, 30, 32, 33, 34, 35, 36, 37, 38, 39, 40, 41, 44, 45, 46, 48, 49, 50, 51, 54, 55, 58, 60, 85, 169, 257, 351, 449, 510, 514, 518], "summary": {"covered_lines": 20, "num_statements": 20, "percent_covered": 100.0, "percent_covered_display": "100", "missing_lines": 0, "excluded_lines": 0}, "missing_lines": [], "excluded_lines": []}}, "classes": {"MessageSearchResult": {"executed_lines": [], "summary": {"covered_lines": 0, "num_statements": 0, "percent_covered": 100.0, "percent_covered_display": "100", "missing_lines": 0, "excluded_lines": 0}, "missing_lines": [], "excluded_lines": []}, "SearchResults": {"executed_lines": [], "summary": {"covered_lines": 0, "num_statements": 0, "percent_covered": 100.0, "percent_covered_display": "100", "missing_lines": 0, "excluded_lines": 0}, "missing_lines": [], "excluded_lines": []}, "SearchEngine": {"executed_lines": [70, 71, 72, 74, 75, 76, 79, 82, 110, 113, 116, 117, 118, 119, 120, 121, 124, 125, 126, 127, 128, 129, 132, 134, 137, 139, 151, 154, 164, 165, 167, 189, 192, 193, 194, 198, 200, 203, 207, 219, 220, 221, 223, 239, 241, 282, 285, 286, 288, 289, 290, 292, 293, 294, 296, 297, 298, 300, 301, 302, 304, 305, 306, 309, 311, 321, 323, 324, 326, 342, 344, 378, 381, 382, 384, 385, 386, 388, 392, 394, 396, 397, 398, 400, 405, 407, 419, 421, 422, 424, 440, 442, 459, 469, 470, 471, 472, 473, 476, 477, 478, 479, 481, 482, 483, 484, 486, 487, 488, 489, 491, 493, 494, 495, 496, 498, 499, 500, 501, 504, 505, 506, 508, 512, 516, 520], "summary": {"covered_lines": 126, "num_statements": 135, "percent_covered": 93.33333333333333, "percent_covered_display": "93", "missing_lines": 9, "excluded_lines": 0}, "missing_lines": [83, 195, 247, 249, 250, 389, 390, 401, 402], "excluded_lines": []}, "": {"executed_lines": [1, 21, 22, 23, 24, 25, 28, 29, 30, 32, 33, 34, 35, 36, 37, 38, 39, 40, 41, 44, 45, 46, 48, 49, 50, 51, 54, 55, 58, 60, 85, 169, 257, 351, 449, 510, 514, 518], "summary": {"covered_lines": 20, "num_statements": 20, "percent_covered": 100.0, "percent_covered_display": "100", "missing_lines": 0, "excluded_lines": 0}, "missing_lines": [], "excluded_lines": []}}}, "src/gmailarchiver/state.py": {"executed_lines": [1, 3, 4, 5, 7, 10, 11, 13, 25, 28, 29, 30, 31, 32, 34, 41, 44, 45, 46, 47, 49, 52, 55, 58, 59, 61, 63, 65, 77, 87, 89, 99, 100, 104, 106, 147, 150, 151, 154, 155, 157, 184, 199, 216, 227, 229, 236, 237, 238, 239, 241, 251, 258, 259, 260, 267, 269, 276, 277, 278, 280, 290, 291, 295, 297, 298, 305, 307, 314, 316, 318, 320, 322, 324, 332, 334, 337, 338, 340, 342, 343], "summary": {"covered_lines": 79, "num_statements": 83, "percent_covered": 95.18072289156626, "percent_covered_display": "95", "missing_lines": 4, "excluded_lines": 0}, "missing_lines": [26, 53, 344, 345], "excluded_lines": [], "functions": {"ArchiveState.__init__": {"executed_lines": [25, 28, 29, 30, 31, 32], "summary": {"covered_lines": 6, "num_statements": 7, "percent_covered": 85.71428571428571, "percent_covered_display": "86", "missing_lines": 1, "excluded_lines": 0}, "missing_lines": [26], "excluded_lines": []}, "ArchiveState._detect_schema_version": {"executed_lines": [41, 44, 45, 46, 47, 49, 52, 55, 58, 59, 61], "summary": {"covered_lines": 11, "num_statements": 12, "percent_covered": 91.66666666666667, "percent_covered_display": "92", "missing_lines": 1, "excluded_lines": 0}, "missing_lines": [53], "excluded_lines": []}, "ArchiveState._create_tables": {"executed_lines": [65, 77, 87], "summary": {"covered_lines": 3, "num_statements": 3, "percent_covered": 100.0, "percent_covered_display": "100", "missing_lines": 0, "excluded_lines": 0}, "missing_lines": [], "excluded_lines": []}, "ArchiveState.is_archived": {"executed_lines": [99, 100, 104], "summary": {"covered_lines": 3, "num_statements": 3, "percent_covered": 100.0, "percent_covered_display": "100", "missing_lines": 0, "excluded_lines": 0}, "missing_lines": [], "excluded_lines": []}, "ArchiveState.mark_archived": {"executed_lines": [147, 150, 151, 154, 155, 157, 184], "summary": {"covered_lines": 7, "num_statements": 7, "percent_covered": 100.0, "percent_covered_display": "100", "missing_lines": 0, "excluded_lines": 0}, "missing_lines": [], "excluded_lines": []}, "ArchiveState.record_archive_run": {"executed_lines": [216, 227], "summary": {"covered_lines": 2, "num_statements": 2, "percent_covered": 100.0, "percent_covered_display": "100", "missing_lines": 0, "excluded_lines": 0}, "missing_lines": [], "excluded_lines": []}, "ArchiveState.get_archived_count": {"executed_lines": [236, 237, 238, 239], "summary": {"covered_lines": 4, "num_statements": 4, "percent_covered": 100.0, "percent_covered_display": "100", "missing_lines": 0, "excluded_lines": 0}, "missing_lines": [], "excluded_lines": []}, "ArchiveState.get_archive_runs": {"executed_lines": [251, 258, 259, 260, 267], "summary": {"covered_lines": 5, "num_statements": 5, "percent_covered": 100.0, "percent_covered_display": "100", "missing_lines": 0, "excluded_lines": 0}, "missing_lines": [], "excluded_lines": []}, "ArchiveState.get_archived_message_ids": {"executed_lines": [276, 277, 278], "summary": {"covered_lines": 3, "num_statements": 3, "percent_covered": 100.0, "percent_covered_display": "100", "missing_lines": 0, "excluded_lines": 0}, "missing_lines": [], "excluded_lines": []}, "ArchiveState.get_archived_message_ids_for_file": {"executed_lines": [290, 291, 295], "summary": {"covered_lines": 3, "num_statements": 3, "percent_covered": 100.0, "percent_covered_display": "100", "missing_lines": 0, "excluded_lines": 0}, "missing_lines": [], "excluded_lines": []}, "ArchiveState.schema_version": {"executed_lines": [305], "summary": {"covered_lines": 1, "num_statements": 1, "percent_covered": 100.0, "percent_covered_display": "100", "missing_lines": 0, "excluded_lines": 0}, "missing_lines": [], "excluded_lines": []}, "ArchiveState.needs_migration": {"executed_lines": [314], "summary": {"covered_lines": 1, "num_statements": 1, "percent_covered": 100.0, "percent_covered_display": "100", "missing_lines": 0, "excluded_lines": 0}, "missing_lines": [], "excluded_lines": []}, "ArchiveState.close": {"executed_lines": [318], "summary": {"covered_lines": 1, "num_statements": 1, "percent_covered": 100.0, "percent_covered_display": "100", "missing_lines": 0, "excluded_lines": 0}, "missing_lines": [], "excluded_lines": []}, "ArchiveState.__enter__": {"executed_lines": [322], "summary": {"covered_lines": 1, "num_statements": 1, "percent_covered": 100.0, "percent_covered_display": "100", "missing_lines": 0, "excluded_lines": 0}, "missing_lines": [], "excluded_lines": []}, "ArchiveState.__exit__": {"executed_lines": [332, 334, 337, 338], "summary": {"covered_lines": 4, "num_statements": 4, "percent_covered": 100.0, "percent_covered_display": "100", "missing_lines": 0, "excluded_lines": 0}, "missing_lines": [], "excluded_lines": []}, "ArchiveState.__del__": {"executed_lines": [342, 343], "summary": {"covered_lines": 2, "num_statements": 4, "percent_covered": 50.0, "percent_covered_display": "50", "missing_lines": 2, "excluded_lines": 0}, "missing_lines": [344, 345], "excluded_lines": []}, "": {"executed_lines": [1, 3, 4, 5, 7, 10, 11, 13, 34, 63, 89, 106, 199, 229, 241, 269, 280, 297, 298, 307, 316, 320, 324, 340], "summary": {"covered_lines": 22, "num_statements": 22, "percent_covered": 100.0, "percent_covered_display": "100", "missing_lines": 0, "excluded_lines": 0}, "missing_lines": [], "excluded_lines": []}}, "classes": {"ArchiveState": {"executed_lines": [25, 28, 29, 30, 31, 32, 41, 44, 45, 46, 47, 49, 52, 55, 58, 59, 61, 65, 77, 87, 99, 100, 104, 147, 150, 151, 154, 155, 157, 184, 216, 227, 236, 237, 238, 239, 251, 258, 259, 260, 267, 276, 277, 278, 290, 291, 295, 305, 314, 318, 322, 332, 334, 337, 338, 342, 343], "summary": {"covered_lines": 57, "num_statements": 61, "percent_covered": 93.44262295081967, "percent_covered_display": "93", "missing_lines": 4, "excluded_lines": 0}, "missing_lines": [26, 53, 344, 345], "excluded_lines": []}, "": {"executed_lines": [1, 3, 4, 5, 7, 10, 11, 13, 34, 63, 89, 106, 199, 229, 241, 269, 280, 297, 298, 307, 316, 320, 324, 340], "summary": {"covered_lines": 22, "num_statements": 22, "percent_covered": 100.0, "percent_covered_display": "100", "missing_lines": 0, "excluded_lines": 0}, "missing_lines": [], "excluded_lines": []}}}, "src/gmailarchiver/utils.py": {"executed_lines": [1, 3, 4, 5, 7, 10, 34, 35, 36, 38, 41, 42, 43, 50, 51, 53, 54, 55, 56, 57, 58, 59, 60, 65, 80, 83, 99, 100, 101, 102, 103, 107, 122], "summary": {"covered_lines": 32, "num_statements": 34, "percent_covered": 94.11764705882354, "percent_covered_display": "94", "missing_lines": 2, "excluded_lines": 0}, "missing_lines": [62, 104], "excluded_lines": [], "functions": {"parse_age": {"executed_lines": [34, 35, 36, 38, 41, 42, 43, 50, 51, 53, 54, 55, 56, 57, 58, 59, 60], "summary": {"covered_lines": 17, "num_statements": 18, "percent_covered": 94.44444444444444, "percent_covered_display": "94", "missing_lines": 1, "excluded_lines": 0}, "missing_lines": [62], "excluded_lines": []}, "datetime_to_gmail_query": {"executed_lines": [80], "summary": {"covered_lines": 1, "num_statements": 1, "percent_covered": 100.0, "percent_covered_display": "100", "missing_lines": 0, "excluded_lines": 0}, "missing_lines": [], "excluded_lines": []}, "format_bytes": {"executed_lines": [99, 100, 101, 102, 103], "summary": {"covered_lines": 5, "num_statements": 6, "percent_covered": 83.33333333333333, "percent_covered_display": "83", "missing_lines": 1, "excluded_lines": 0}, "missing_lines": [104], "excluded_lines": []}, "chunk_list": {"executed_lines": [122], "summary": {"covered_lines": 1, "num_statements": 1, "percent_covered": 100.0, "percent_covered_display": "100", "missing_lines": 0, "excluded_lines": 0}, "missing_lines": [], "excluded_lines": []}, "": {"executed_lines": [1, 3, 4, 5, 7, 10, 65, 83, 107], "summary": {"covered_lines": 8, "num_statements": 8, "percent_covered": 100.0, "percent_covered_display": "100", "missing_lines": 0, "excluded_lines": 0}, "missing_lines": [], "excluded_lines": []}}, "classes": {"": {"executed_lines": [1, 3, 4, 5, 7, 10, 34, 35, 36, 38, 41, 42, 43, 50, 51, 53, 54, 55, 56, 57, 58, 59, 60, 65, 80, 83, 99, 100, 101, 102, 103, 107, 122], "summary": {"covered_lines": 32, "num_statements": 34, "percent_covered": 94.11764705882354, "percent_covered_display": "94", "missing_lines": 2, "excluded_lines": 0}, "missing_lines": [62, 104], "excluded_lines": []}}}, "src/gmailarchiver/validator.py": {"executed_lines": [1, 3, 4, 5, 6, 7, 8, 9, 10, 11, 12, 13, 14, 15, 18, 19, 20, 22, 23, 24, 25, 26, 27, 30, 31, 32, 34, 35, 36, 37, 38, 39, 40, 41, 44, 45, 47, 61, 62, 63, 64, 66, 73, 75, 76, 77, 78, 79, 80, 82, 85, 87, 94, 97, 98, 101, 102, 104, 105, 106, 107, 108, 109, 110, 111, 112, 113, 114, 115, 116, 119, 121, 124, 125, 127, 142, 151, 154, 156, 158, 159, 160, 161, 163, 164, 166, 172, 173, 174, 175, 177, 178, 180, 181, 182, 183, 184, 185, 188, 189, 190, 191, 193, 194, 195, 196, 203, 204, 207, 208, 209, 211, 213, 214, 216, 219, 220, 222, 225, 226, 228, 229, 231, 232, 234, 235, 237, 238, 239, 248, 253, 254, 256, 258, 259, 261, 264, 265, 268, 275, 278, 281, 291, 293, 295, 296, 297, 298, 299, 300, 301, 302, 304, 307, 308, 313, 323, 324, 325, 326, 327, 328, 329, 331, 341, 343, 350, 351, 352, 354, 361, 362, 363, 365, 366, 367, 368, 370, 371, 372, 374, 375, 377, 384, 385, 387, 388, 390, 393, 394, 397, 400, 401, 403, 405, 407, 414, 417, 418, 426, 427, 430, 432, 433, 434, 442, 443, 445, 446, 447, 448, 450, 451, 452, 454, 456, 459, 460, 461, 462, 466, 469, 472, 475, 476, 477, 482, 490, 494, 504, 505, 507, 514, 517, 528, 534, 536, 538, 539, 540, 541, 542, 543, 546, 548, 550, 551, 553, 560, 563, 564, 567, 568, 571, 575, 578, 582, 585, 586, 587, 589, 590, 592, 593, 595, 600, 602, 605, 613, 617], "summary": {"covered_lines": 255, "num_statements": 266, "percent_covered": 95.86466165413533, "percent_covered_display": "96", "missing_lines": 11, "excluded_lines": 0}, "missing_lines": [279, 309, 310, 311, 484, 485, 486, 529, 530, 531, 618], "excluded_lines": [], "functions": {"ArchiveValidator.__init__": {"executed_lines": [61, 62, 63, 64], "summary": {"covered_lines": 4, "num_statements": 4, "percent_covered": 100.0, "percent_covered_display": "100", "missing_lines": 0, "excluded_lines": 0}, "missing_lines": [], "excluded_lines": []}, "ArchiveValidator._log": {"executed_lines": [73, 75, 76, 77, 78, 79, 80, 82, 85], "summary": {"covered_lines": 9, "num_statements": 9, "percent_covered": 100.0, "percent_covered_display": "100", "missing_lines": 0, "excluded_lines": 0}, "missing_lines": [], "excluded_lines": []}, "ArchiveValidator._get_mbox_path": {"executed_lines": [94, 97, 98, 101, 102, 104, 105, 106, 107, 108, 109, 110, 111, 112, 113, 114, 115, 116, 119, 121, 124, 125], "summary": {"covered_lines": 22, "num_statements": 22, "percent_covered": 100.0, "percent_covered_display": "100", "missing_lines": 0, "excluded_lines": 0}, "missing_lines": [], "excluded_lines": []}, "ArchiveValidator.validate_comprehensive": {"executed_lines": [142, 151, 154, 156, 158, 159, 160, 161, 163, 164, 166, 172, 173, 174, 175, 177, 178, 180, 181, 182, 183, 184, 185, 188, 189, 190, 191, 193, 194, 195, 196, 203, 204, 207, 208, 209, 211, 213, 214, 216, 219, 220, 222, 225, 226, 228, 229, 231, 232, 234, 235, 237, 238, 239, 248, 253, 254, 256, 258, 259, 261, 264, 265, 268, 275, 278], "summary": {"covered_lines": 66, "num_statements": 67, "percent_covered": 98.50746268656717, "percent_covered_display": "99", "missing_lines": 1, "excluded_lines": 0}, "missing_lines": [279], "excluded_lines": []}, "ArchiveValidator.validate_all": {"executed_lines": [291, 293, 295, 296, 297, 298, 299, 300, 301, 302, 304, 307, 308], "summary": {"covered_lines": 13, "num_statements": 16, "percent_covered": 81.25, "percent_covered_display": "81", "missing_lines": 3, "excluded_lines": 0}, "missing_lines": [309, 310, 311], "excluded_lines": []}, "ArchiveValidator.validate_count": {"executed_lines": [323, 324, 325, 326, 327, 328, 329], "summary": {"covered_lines": 7, "num_statements": 7, "percent_covered": 100.0, "percent_covered_display": "100", "missing_lines": 0, "excluded_lines": 0}, "missing_lines": [], "excluded_lines": []}, "ArchiveValidator.compute_checksum": {"executed_lines": [341], "summary": {"covered_lines": 1, "num_statements": 1, "percent_covered": 100.0, "percent_covered_display": "100", "missing_lines": 0, "excluded_lines": 0}, "missing_lines": [], "excluded_lines": []}, "ArchiveValidator.report": {"executed_lines": [350, 351, 352, 354, 361, 362, 363, 365, 366, 367, 368, 370, 371, 372, 374, 375], "summary": {"covered_lines": 16, "num_statements": 16, "percent_covered": 100.0, "percent_covered_display": "100", "missing_lines": 0, "excluded_lines": 0}, "missing_lines": [], "excluded_lines": []}, "ArchiveValidator._detect_schema_version": {"executed_lines": [384, 385, 387, 388, 390, 393, 394, 397, 400, 401, 403, 405], "summary": {"covered_lines": 12, "num_statements": 12, "percent_covered": 100.0, "percent_covered_display": "100", "missing_lines": 0, "excluded_lines": 0}, "missing_lines": [], "excluded_lines": []}, "ArchiveValidator.verify_offsets": {"executed_lines": [414, 417, 418, 426, 427, 430, 432, 433, 434, 442, 443, 445, 446, 447, 448, 450, 451, 452, 454, 456, 459, 460, 461, 462, 466, 469, 472, 475, 476, 477, 482, 490, 494, 504, 505], "summary": {"covered_lines": 35, "num_statements": 38, "percent_covered": 92.10526315789474, "percent_covered_display": "92", "missing_lines": 3, "excluded_lines": 0}, "missing_lines": [484, 485, 486], "excluded_lines": []}, "ArchiveValidator.verify_consistency": {"executed_lines": [514, 517, 528, 534, 536, 538, 539, 540, 541, 542, 543, 546, 548, 550, 551, 553, 560, 563, 564, 567, 568, 571, 575, 578, 582, 585, 586, 587, 589, 590, 592, 593, 595, 600, 602, 605, 613, 617], "summary": {"covered_lines": 38, "num_statements": 42, "percent_covered": 90.47619047619048, "percent_covered_display": "90", "missing_lines": 4, "excluded_lines": 0}, "missing_lines": [529, 530, 531, 618], "excluded_lines": []}, "": {"executed_lines": [1, 3, 4, 5, 6, 7, 8, 9, 10, 11, 12, 13, 14, 15, 18, 19, 20, 22, 23, 24, 25, 26, 27, 30, 31, 32, 34, 35, 36, 37, 38, 39, 40, 41, 44, 45, 47, 66, 87, 127, 281, 313, 331, 343, 377, 407, 507], "summary": {"covered_lines": 32, "num_statements": 32, "percent_covered": 100.0, "percent_covered_display": "100", "missing_lines": 0, "excluded_lines": 0}, "missing_lines": [], "excluded_lines": []}}, "classes": {"OffsetVerificationResult": {"executed_lines": [], "summary": {"covered_lines": 0, "num_statements": 0, "percent_covered": 100.0, "percent_covered_display": "100", "missing_lines": 0, "excluded_lines": 0}, "missing_lines": [], "excluded_lines": []}, "ConsistencyReport": {"executed_lines": [], "summary": {"covered_lines": 0, "num_statements": 0, "percent_covered": 100.0, "percent_covered_display": "100", "missing_lines": 0, "excluded_lines": 0}, "missing_lines": [], "excluded_lines": []}, "ArchiveValidator": {"executed_lines": [61, 62, 63, 64, 73, 75, 76, 77, 78, 79, 80, 82, 85, 94, 97, 98, 101, 102, 104, 105, 106, 107, 108, 109, 110, 111, 112, 113, 114, 115, 116, 119, 121, 124, 125, 142, 151, 154, 156, 158, 159, 160, 161, 163, 164, 166, 172, 173, 174, 175, 177, 178, 180, 181, 182, 183, 184, 185, 188, 189, 190, 191, 193, 194, 195, 196, 203, 204, 207, 208, 209, 211, 213, 214, 216, 219, 220, 222, 225, 226, 228, 229, 231, 232, 234, 235, 237, 238, 239, 248, 253, 254, 256, 258, 259, 261, 264, 265, 268, 275, 278, 291, 293, 295, 296, 297, 298, 299, 300, 301, 302, 304, 307, 308, 323, 324, 325, 326, 327, 328, 329, 341, 350, 351, 352, 354, 361, 362, 363, 365, 366, 367, 368, 370, 371, 372, 374, 375, 384, 385, 387, 388, 390, 393, 394, 397, 400, 401, 403, 405, 414, 417, 418, 426, 427, 430, 432, 433, 434, 442, 443, 445, 446, 447, 448, 450, 451, 452, 454, 456, 459, 460, 461, 462, 466, 469, 472, 475, 476, 477, 482, 490, 494, 504, 505, 514, 517, 528, 534, 536, 538, 539, 540, 541, 542, 543, 546, 548, 550, 551, 553, 560, 563, 564, 567, 568, 571, 575, 578, 582, 585, 586, 587, 589, 590, 592, 593, 595, 600, 602, 605, 613, 617], "summary": {"covered_lines": 223, "num_statements": 234, "percent_covered": 95.2991452991453, "percent_covered_display": "95", "missing_lines": 11, "excluded_lines": 0}, "missing_lines": [279, 309, 310, 311, 484, 485, 486, 529, 530, 531, 618], "excluded_lines": []}, "": {"executed_lines": [1, 3, 4, 5, 6, 7, 8, 9, 10, 11, 12, 13, 14, 15, 18, 19, 20, 22, 23, 24, 25, 26, 27, 30, 31, 32, 34, 35, 36, 37, 38, 39, 40, 41, 44, 45, 47, 66, 87, 127, 281, 313, 331, 343, 377, 407, 507], "summary": {"covered_lines": 32, "num_statements": 32, "percent_covered": 100.0, "percent_covered_display": "100", "missing_lines": 0, "excluded_lines": 0}, "missing_lines": [], "excluded_lines": []}}}}, "totals": {"covered_lines": 3580, "num_statements": 3782, "percent_covered": 94.65891062929667, "percent_covered_display": "95", "missing_lines": 202, "excluded_lines": 24}}