============================= test session starts ==============================
platform darwin -- Python 3.14.2, pytest-9.0.2, pluggy-1.6.0 -- /Users/atomasini/Development/GMailArchiver/.venv/bin/python3
cachedir: .pytest_cache
rootdir: /Users/atomasini/Development/GMailArchiver
configfile: pyproject.toml
testpaths: tests
plugins: anyio-4.12.0, asyncio-1.3.0, cov-7.0.0
asyncio: mode=Mode.AUTO, debug=False, asyncio_default_fixture_loop_scope=function, asyncio_default_test_loop_scope=function
collecting ... collected 2632 items

tests/cli/commands/test_archive_cmd.py::TestArchiveEntryPoint::test_archive_calls_asyncio_run PASSED [  0%]
tests/cli/commands/test_archive_cmd.py::TestRunArchive::test_run_archive_successful_flow PASSED [  0%]
tests/cli/commands/test_archive_cmd.py::TestRunArchive::test_run_archive_handles_value_error PASSED [  0%]
tests/cli/commands/test_archive_cmd.py::TestRunArchive::test_run_archive_handles_general_exception PASSED [  0%]
tests/cli/commands/test_archive_cmd.py::TestRunArchive::test_run_archive_dry_run_mode PASSED [  0%]
tests/cli/commands/test_archive_cmd.py::TestRunArchive::test_run_archive_interrupted PASSED [  0%]
tests/cli/commands/test_archive_cmd.py::TestRunArchive::test_run_archive_validation_failed PASSED [  0%]
tests/cli/commands/test_archive_cmd.py::TestRunArchive::test_run_archive_no_messages_found PASSED [  0%]
tests/cli/commands/test_archive_cmd.py::TestRunArchive::test_run_archive_no_new_messages PASSED [  0%]
tests/cli/commands/test_archive_cmd.py::TestRunArchive::test_run_archive_successful_with_verbose PASSED [  0%]
tests/cli/commands/test_archive_cmd.py::TestRunArchive::test_run_archive_with_deletion_after_archiving PASSED [  0%]
tests/cli/commands/test_archive_cmd.py::TestHandleDryRun::test_handle_dry_run_shows_preview PASSED [  0%]
tests/cli/commands/test_archive_cmd.py::TestHandleInterrupted::test_handle_interrupted_shows_progress_and_suggestions PASSED [  0%]
tests/cli/commands/test_archive_cmd.py::TestHandleValidationFailure::test_handle_validation_failure_without_verbose PASSED [  0%]
tests/cli/commands/test_archive_cmd.py::TestHandleValidationFailure::test_handle_validation_failure_with_verbose PASSED [  0%]
tests/cli/commands/test_archive_cmd.py::TestHandleNoNewMessages::test_handle_no_new_messages_already_archived PASSED [  0%]
tests/cli/commands/test_archive_cmd.py::TestHandleNoNewMessages::test_handle_no_new_messages_duplicates PASSED [  0%]
tests/cli/commands/test_archive_cmd.py::TestHandleNoNewMessages::test_handle_no_new_messages_mixed PASSED [  0%]
tests/cli/commands/test_archive_cmd.py::TestHandleNoNewMessages::test_handle_no_new_messages_offers_deletion_with_trash PASSED [  0%]
tests/cli/commands/test_archive_cmd.py::TestHandleNoNewMessages::test_handle_no_new_messages_offers_deletion_with_delete PASSED [  0%]
tests/cli/commands/test_archive_cmd.py::TestHandleNoNewMessages::test_handle_no_new_messages_deletion_cancelled PASSED [  0%]
tests/cli/commands/test_archive_cmd.py::TestHandleNoNewMessages::test_handle_no_new_messages_delete_wrong_confirmation PASSED [  0%]
tests/cli/commands/test_archive_cmd.py::TestHandleDeletion::test_handle_deletion_trash_confirmed PASSED [  0%]
tests/cli/commands/test_archive_cmd.py::TestHandleDeletion::test_handle_deletion_trash_cancelled PASSED [  0%]
tests/cli/commands/test_archive_cmd.py::TestHandleDeletion::test_handle_deletion_permanent_confirmed PASSED [  0%]
tests/cli/commands/test_archive_cmd.py::TestHandleDeletion::test_handle_deletion_permanent_wrong_phrase PASSED [  0%]
tests/cli/commands/test_archive_cmd.py::TestShowFinalSummary::test_show_final_summary_basic PASSED [  1%]
tests/cli/commands/test_archive_cmd.py::TestShowFinalSummary::test_show_final_summary_with_skipped PASSED [  1%]
tests/cli/commands/test_archive_cmd.py::TestShowFinalSummary::test_show_final_summary_with_custom_output_file PASSED [  1%]
tests/cli/commands/test_archive_widget_integration.py::TestArchiveCommandWidgetIntegration::test_show_final_summary_uses_report_card PASSED [  1%]
tests/cli/commands/test_archive_widget_integration.py::TestArchiveCommandWidgetIntegration::test_show_final_summary_card_contains_archived_count PASSED [  1%]
tests/cli/commands/test_archive_widget_integration.py::TestArchiveCommandWidgetIntegration::test_handle_dry_run_uses_report_card PASSED [  1%]
tests/cli/commands/test_archive_widget_integration.py::TestArchiveCommandWidgetIntegration::test_validation_failure_uses_error_panel PASSED [  1%]
tests/cli/commands/test_archive_widgets.py::TestArchiveSuccessShowsReportCard::test_archive_success_renders_report_card PASSED [  1%]
tests/cli/commands/test_archive_widgets.py::TestArchiveSuccessShowsReportCard::test_archive_success_report_card_title_contains_archive PASSED [  1%]
tests/cli/commands/test_archive_widgets.py::TestArchiveSuccessShowsReportCard::test_archive_success_report_card_shows_found_count_in_summary PASSED [  1%]
tests/cli/commands/test_archive_widgets.py::TestArchiveSuccessShowsReportCard::test_archive_success_report_card_hides_zero_counts PASSED [  1%]
tests/cli/commands/test_archive_widgets.py::TestArchiveDryRunShowsReportCard::test_archive_dry_run_shows_preview_report_card PASSED [  1%]
tests/cli/commands/test_archive_widgets.py::TestArchiveDryRunShowsReportCard::test_archive_dry_run_report_card_title_indicates_preview PASSED [  1%]
tests/cli/commands/test_archive_widgets.py::TestArchiveDryRunShowsReportCard::test_archive_dry_run_shows_all_filter_information PASSED [  1%]
tests/cli/commands/test_archive_widgets.py::TestArchiveValidationFailureShowsErrorPanel::test_archive_validation_failure_shows_error_panel PASSED [  1%]
tests/cli/commands/test_archive_widgets.py::TestArchiveValidationFailureShowsErrorPanel::test_archive_validation_error_panel_title_indicates_failure PASSED [  1%]
tests/cli/commands/test_archive_widgets.py::TestArchiveValidationFailureShowsErrorPanel::test_archive_validation_error_panel_includes_error_details PASSED [  1%]
tests/cli/commands/test_archive_widgets.py::TestArchiveValidationFailureShowsErrorPanel::test_archive_validation_error_panel_provides_next_steps PASSED [  1%]
tests/cli/commands/test_archive_widgets.py::TestArchiveValidationFailureShowsErrorPanel::test_archive_validation_error_panel_renders_with_output_manager PASSED [  1%]
tests/cli/commands/test_archive_widgets.py::TestArchiveShowsSuggestionList::test_archive_success_shows_suggestion_list PASSED [  1%]
tests/cli/commands/test_archive_widgets.py::TestArchiveShowsSuggestionList::test_archive_suggestion_list_empty_when_no_suggestions PASSED [  1%]
tests/cli/commands/test_archive_widgets.py::TestArchiveShowsSuggestionList::test_archive_suggestion_list_includes_conditional_suggestions PASSED [  1%]
tests/cli/commands/test_archive_widgets.py::TestArchiveShowsSuggestionList::test_archive_suggestion_list_renders_with_output_manager PASSED [  1%]
tests/cli/commands/test_archive_widgets.py::TestArchiveShowsSuggestionList::test_archive_suggestions_never_empty_after_successful_archive PASSED [  1%]
tests/cli/commands/test_archive_widgets.py::TestArchiveWidgetsJSONMode::test_archive_report_card_json_output PASSED [  1%]
tests/cli/commands/test_archive_widgets.py::TestArchiveWidgetsJSONMode::test_archive_error_panel_json_output PASSED [  1%]
tests/cli/commands/test_archive_widgets.py::TestArchiveWidgetsJSONMode::test_archive_suggestion_list_json_output PASSED [  2%]
tests/cli/commands/test_archive_widgets.py::TestArchiveWidgetsJSONMode::test_archive_json_mode_uses_widget_data_structures PASSED [  2%]
tests/cli/commands/test_archive_widgets.py::TestArchiveWidgetIntegration::test_archive_success_uses_report_card_and_suggestions PASSED [  2%]
tests/cli/commands/test_archive_widgets.py::TestArchiveWidgetIntegration::test_archive_failure_uses_error_panel PASSED [  2%]
tests/cli/commands/test_archive_widgets.py::TestArchiveWidgetIntegration::test_archive_interrupted_shows_progress_and_suggestions PASSED [  2%]
tests/cli/commands/test_archive_widgets.py::TestArchiveWidgetIntegration::test_archive_dry_run_shows_preview_report_with_no_suggestions PASSED [  2%]
tests/cli/commands/test_archive_widgets.py::TestArchiveWidgetBehavior::test_report_card_fluent_api_works PASSED [  2%]
tests/cli/commands/test_archive_widgets.py::TestArchiveWidgetBehavior::test_error_panel_fluent_api_works PASSED [  2%]
tests/cli/commands/test_archive_widgets.py::TestArchiveWidgetBehavior::test_suggestion_list_fluent_api_works PASSED [  2%]
tests/cli/commands/test_archive_widgets.py::TestArchiveWidgetBehavior::test_widgets_preserve_order PASSED [  2%]
tests/cli/commands/test_archive_widgets.py::TestArchiveWidgetBehavior::test_widgets_can_be_cleared_or_reset PASSED [  2%]
tests/cli/commands/test_archive_widgets.py::TestArchiveWidgetEdgeCases::test_archive_with_very_large_numbers PASSED [  2%]
tests/cli/commands/test_archive_widgets.py::TestArchiveWidgetEdgeCases::test_archive_with_special_characters_in_messages PASSED [  2%]
tests/cli/commands/test_archive_widgets.py::TestArchiveWidgetEdgeCases::test_error_panel_with_many_details PASSED [  2%]
tests/cli/commands/test_archive_widgets.py::TestArchiveWidgetEdgeCases::test_suggestion_list_with_long_suggestions PASSED [  2%]
tests/cli/commands/test_archive_widgets.py::TestArchiveWidgetEdgeCases::test_archive_with_zero_archived_messages PASSED [  2%]
tests/cli/commands/test_archive_widgets_integration.py::TestArchiveCommandUsesWidgets::test_successful_archive_calls_report_card_render PASSED [  2%]
tests/cli/commands/test_archive_widgets_integration.py::TestArchiveCommandUsesWidgets::test_dry_run_archive_calls_report_card_with_preview PASSED [  2%]
tests/cli/commands/test_archive_widgets_integration.py::TestArchiveCommandUsesWidgets::test_validation_failure_calls_error_panel PASSED [  2%]
tests/cli/commands/test_archive_widgets_integration.py::TestArchiveCommandUsesWidgets::test_success_archive_calls_suggestion_list PASSED [  2%]
tests/cli/commands/test_archive_widgets_integration.py::TestArchiveCommandUsesWidgets::test_interrupted_archive_shows_progress_report_and_suggestions PASSED [  2%]
tests/cli/commands/test_archive_widgets_integration.py::TestArchiveCommandUsesWidgets::test_no_new_messages_shows_info_and_deletion_suggestions PASSED [  2%]
tests/cli/commands/test_archive_widgets_integration.py::TestArchiveCommandRendersWidgets::test_report_card_render_method_is_called PASSED [  2%]
tests/cli/commands/test_archive_widgets_integration.py::TestArchiveCommandRendersWidgets::test_error_panel_render_method_is_called PASSED [  2%]
tests/cli/commands/test_archive_widgets_integration.py::TestArchiveCommandRendersWidgets::test_suggestion_list_render_method_is_called PASSED [  2%]
tests/cli/commands/test_archive_widgets_integration.py::TestArchiveCommandJSONModeWidgets::test_json_mode_uses_widget_to_dict PASSED [  2%]
tests/cli/commands/test_archive_widgets_integration.py::TestArchiveCommandJSONModeWidgets::test_json_mode_uses_widget_to_list PASSED [  3%]
tests/cli/commands/test_archive_widgets_integration.py::TestArchiveCommandJSONModeWidgets::test_json_mode_builds_json_from_widget_data PASSED [  3%]
tests/cli/commands/test_archive_widgets_integration.py::TestArchiveCommandPopulatesWidgetData::test_report_card_populated_with_archive_counts PASSED [  3%]
tests/cli/commands/test_archive_widgets_integration.py::TestArchiveCommandPopulatesWidgetData::test_report_card_populated_with_archive_file_path PASSED [  3%]
tests/cli/commands/test_archive_widgets_integration.py::TestArchiveCommandPopulatesWidgetData::test_error_panel_populated_with_validation_details PASSED [  3%]
tests/cli/commands/test_archive_widgets_integration.py::TestArchiveCommandPopulatesWidgetData::test_suggestion_list_populated_with_context_specific_suggestions PASSED [  3%]
tests/cli/commands/test_archive_widgets_integration.py::TestArchiveCommandConditionalWidgetContent::test_report_card_hides_skipped_when_zero PASSED [  3%]
tests/cli/commands/test_archive_widgets_integration.py::TestArchiveCommandConditionalWidgetContent::test_report_card_shows_skipped_when_nonzero PASSED [  3%]
tests/cli/commands/test_archive_widgets_integration.py::TestArchiveCommandConditionalWidgetContent::test_suggestion_list_includes_dedupe_only_when_duplicates_exist PASSED [  3%]
tests/cli/commands/test_archive_widgets_integration.py::TestArchiveCommandConditionalWidgetContent::test_error_panel_suggestion_based_on_error_type PASSED [  3%]
tests/cli/commands/test_archive_widgets_integration.py::TestArchiveCommandWidgetOutputFormats::test_rich_output_mode_uses_widget_render PASSED [  3%]
tests/cli/commands/test_archive_widgets_integration.py::TestArchiveCommandWidgetOutputFormats::test_json_output_mode_uses_widget_data_conversion PASSED [  3%]
tests/cli/commands/test_archive_widgets_integration.py::TestArchiveCommandWidgetOutputFormats::test_error_panel_structure_supports_json_serialization PASSED [  3%]
tests/cli/commands/test_doctor_cmd.py::TestDoctorCommandRegistration::test_command_is_registered PASSED [  3%]
tests/cli/commands/test_doctor_cmd.py::TestDoctorCommandRegistration::test_help_displays_usage PASSED [  3%]
tests/cli/commands/test_doctor_cmd.py::TestDoctorCommandRegistration::test_help_shows_verbose_option PASSED [  3%]
tests/cli/commands/test_doctor_cmd.py::TestDoctorCommandRegistration::test_help_shows_json_option PASSED [  3%]
tests/cli/commands/test_doctor_cmd.py::TestDoctorCommandExecution::test_command_without_database_runs PASSED [  3%]
tests/cli/commands/test_doctor_cmd.py::TestDoctorCommandExecution::test_accepts_verbose_flag PASSED [  3%]
tests/cli/commands/test_doctor_cmd.py::TestDoctorCommandExecution::test_accepts_json_flag PASSED [  3%]
tests/cli/commands/test_doctor_cmd.py::TestDoctorCommandJsonOutput::test_json_output_structure PASSED [  3%]
tests/cli/commands/test_doctor_cmd.py::TestDoctorCommandJsonOutput::test_json_checks_array_structure PASSED [  3%]
tests/cli/commands/test_doctor_cmd.py::TestDoctorCommandJsonOutput::test_json_severity_values PASSED [  3%]
tests/cli/commands/test_doctor_cmd.py::TestDoctorCommandJsonOutput::test_json_counts_are_integers PASSED [  3%]
tests/cli/commands/test_doctor_cmd.py::TestDoctorCommandJsonOutput::test_json_fixable_issues_is_list PASSED [  3%]
tests/cli/commands/test_doctor_cmd.py::TestDoctorCommandVerboseOutput::test_verbose_shows_check_details PASSED [  3%]
tests/cli/commands/test_doctor_cmd.py::TestDoctorCommandVerboseOutput::test_verbose_shows_fixable_categorization PASSED [  3%]
tests/cli/commands/test_doctor_cmd.py::TestDoctorCommandVerboseOutput::test_verbose_shows_more_than_normal PASSED [  4%]
tests/cli/commands/test_doctor_cmd.py::TestDoctorCommandVerboseOutput::test_verbose_includes_details_field PASSED [  4%]
tests/cli/commands/test_doctor_cmd.py::TestDoctorCommandRichOutput::test_shows_validation_panels PASSED [  4%]
tests/cli/commands/test_doctor_cmd.py::TestDoctorCommandRichOutput::test_shows_summary_card PASSED [  4%]
tests/cli/commands/test_doctor_cmd.py::TestDoctorCommandRichOutput::test_shows_suggestions_when_issues_found PASSED [  4%]
tests/cli/commands/test_doctor_cmd.py::TestDoctorCommandExitCodes::test_exit_code_zero_when_all_ok PASSED [  4%]
tests/cli/commands/test_doctor_cmd.py::TestDoctorCommandExitCodes::test_exit_code_nonzero_when_errors PASSED [  4%]
tests/cli/commands/test_doctor_cmd.py::TestDoctorCommandContext::test_uses_command_context_decorator PASSED [  4%]
tests/cli/commands/test_doctor_cmd.py::TestDoctorCommandContext::test_requires_storage_is_enforced PASSED [  4%]
tests/cli/commands/test_schedule_cmd.py::TestScheduleAddCommand::test_add_daily_schedule PASSED [  4%]
tests/cli/commands/test_schedule_cmd.py::TestScheduleAddCommand::test_add_weekly_schedule PASSED [  4%]
tests/cli/commands/test_schedule_cmd.py::TestScheduleAddCommand::test_add_monthly_schedule PASSED [  4%]
tests/cli/commands/test_schedule_cmd.py::TestScheduleAddCommand::test_add_with_json_output PASSED [  4%]
tests/cli/commands/test_schedule_cmd.py::TestScheduleListCommand::test_list_schedules_empty PASSED [  4%]
tests/cli/commands/test_schedule_cmd.py::TestScheduleListCommand::test_list_enabled_only PASSED [  4%]
tests/cli/commands/test_schedule_cmd.py::TestScheduleListCommand::test_list_with_json_output PASSED [  4%]
tests/cli/commands/test_schedule_cmd.py::TestScheduleRemoveCommand::test_remove_schedule PASSED [  4%]
tests/cli/commands/test_schedule_cmd.py::TestScheduleRemoveCommand::test_remove_with_json_output PASSED [  4%]
tests/cli/commands/test_schedule_cmd.py::TestScheduleEnableCommand::test_enable_schedule PASSED [  4%]
tests/cli/commands/test_schedule_cmd.py::TestScheduleEnableCommand::test_enable_with_json_output PASSED [  4%]
tests/cli/commands/test_schedule_cmd.py::TestScheduleDisableCommand::test_disable_schedule PASSED [  4%]
tests/cli/commands/test_schedule_cmd.py::TestScheduleDisableCommand::test_disable_with_json_output PASSED [  4%]
tests/cli/commands/test_status_cmd.py::TestRunStatus::test_run_status_requires_storage PASSED [  4%]
tests/cli/commands/test_status_cmd.py::TestRunStatus::test_run_status_calls_workflow PASSED [  4%]
tests/cli/commands/test_status_cmd.py::TestRunStatus::test_run_status_json_output_mode PASSED [  4%]
tests/cli/commands/test_status_cmd.py::TestRunStatus::test_run_status_shows_report_card PASSED [  4%]
tests/cli/commands/test_status_cmd.py::TestRunStatus::test_run_status_handles_exception PASSED [  5%]
tests/cli/commands/test_status_cmd.py::TestRunStatus::test_run_status_shows_recent_runs_table PASSED [  5%]
tests/cli/commands/test_status_cmd.py::TestRunStatus::test_run_status_no_recent_runs PASSED [  5%]
tests/cli/commands/test_status_cmd.py::TestDisplayRecentRunsTable::test_display_recent_runs_table_creates_widget PASSED [  5%]
tests/cli/commands/test_status_cmd.py::TestDisplayRecentRunsTable::test_display_recent_runs_table_non_verbose PASSED [  5%]
tests/cli/commands/test_status_cmd.py::TestDisplayRecentRunsTable::test_display_recent_runs_table_verbose PASSED [  5%]
tests/cli/commands/test_status_cmd.py::TestDisplayRecentRunsTable::test_display_recent_runs_table_columns_non_verbose PASSED [  5%]
tests/cli/commands/test_status_cmd.py::TestDisplayRecentRunsTable::test_display_recent_runs_table_columns_verbose PASSED [  5%]
tests/cli/commands/test_status_cmd.py::TestDisplayRecentRunsTable::test_display_recent_runs_table_truncates_timestamp PASSED [  5%]
tests/cli/commands/test_status_cmd.py::TestDisplayRecentRunsTable::test_display_recent_runs_table_query_truncation_verbose PASSED [  5%]
tests/cli/commands/test_status_cmd.py::TestDisplayRecentRunsTable::test_display_recent_runs_table_empty_runs PASSED [  5%]
tests/cli/commands/test_status_cmd.py::TestDisplayRecentRunsTable::test_display_recent_runs_table_missing_fields PASSED [  5%]
tests/cli/commands/test_status_cmd.py::TestDisplayRecentRunsTable::test_display_recent_runs_table_title_reflects_count PASSED [  5%]
tests/cli/commands/test_status_cmd.py::TestStatusCommandIntegration::test_status_workflow_called_with_correct_config PASSED [  5%]
tests/cli/commands/test_validate_cmd.py::TestValidateCommand::test_validate_archive_not_found PASSED [  5%]
tests/cli/commands/test_validate_cmd.py::TestValidateCommand::test_validate_database_not_found PASSED [  5%]
tests/cli/commands/test_validate_cmd.py::TestValidateCommand::test_validate_success_with_mock PASSED [  5%]
tests/cli/commands/test_validate_cmd.py::TestValidateCommand::test_validate_failure_database_check PASSED [  5%]
tests/cli/commands/test_validate_cmd.py::TestValidateCommand::test_validate_failure_integrity_check PASSED [  5%]
tests/cli/commands/test_validate_cmd.py::TestValidateCommand::test_validate_failure_count_check PASSED [  5%]
tests/cli/commands/test_validate_cmd.py::TestValidateCommand::test_validate_verbose_mode PASSED [  5%]
tests/cli/commands/test_validate_cmd.py::TestValidateCommand::test_validate_json_output PASSED [  5%]
tests/cli/commands/test_validate_cmd.py::TestValidateCommand::test_validate_workflow_file_not_found_exception PASSED [  5%]
tests/cli/commands/test_validate_cmd.py::TestValidateCommand::test_validate_workflow_generic_exception PASSED [  5%]
tests/cli/commands/test_validate_cmd.py::TestValidateCommand::test_validate_multiple_failure_types PASSED [  5%]
tests/cli/commands/test_validate_cmd.py::TestValidateCommand::test_validate_spot_check_failure PASSED [  5%]
tests/cli/commands/test_validate_cmd.py::TestValidateCommand::test_validate_runs_with_verbose_flag PASSED [  6%]
tests/cli/commands/test_validate_cmd.py::TestValidateCommand::test_validate_failure_always_shows_report PASSED [  6%]
tests/cli/commands/test_verify_cmd.py::TestVerifyIntegrityCommand::test_verify_integrity_success PASSED [  6%]
tests/cli/commands/test_verify_cmd.py::TestVerifyIntegrityCommand::test_verify_integrity_database_not_found PASSED [  6%]
tests/cli/commands/test_verify_cmd.py::TestVerifyIntegrityCommand::test_verify_integrity_json_output PASSED [  6%]
tests/cli/commands/test_verify_cmd.py::TestVerifyConsistencyCommand::test_verify_consistency_success PASSED [  6%]
tests/cli/commands/test_verify_cmd.py::TestVerifyConsistencyCommand::test_verify_consistency_database_not_found PASSED [  6%]
tests/cli/commands/test_verify_cmd.py::TestVerifyConsistencyCommand::test_verify_consistency_json_output PASSED [  6%]
tests/cli/commands/test_verify_cmd.py::TestVerifyOffsetsCommand::test_verify_offsets_success PASSED [  6%]
tests/cli/commands/test_verify_cmd.py::TestVerifyOffsetsCommand::test_verify_offsets_database_not_found PASSED [  6%]
tests/cli/commands/test_verify_cmd.py::TestVerifyOffsetsCommand::test_verify_offsets_json_output PASSED [  6%]
tests/cli/test_command_context.py::TestCommandContext::test_creation PASSED [  6%]
tests/cli/test_command_context.py::TestCommandContext::test_creation_with_all_options PASSED [  6%]
tests/cli/test_command_context.py::TestCommandContext::test_info_delegates_to_output PASSED [  6%]
tests/cli/test_command_context.py::TestCommandContext::test_warning_delegates_to_output PASSED [  6%]
tests/cli/test_command_context.py::TestCommandContext::test_success_delegates_to_output PASSED [  6%]
tests/cli/test_command_context.py::TestCommandContext::test_error_delegates_to_output PASSED [  6%]
tests/cli/test_command_context.py::TestCommandContext::test_show_report_delegates_to_output PASSED [  6%]
tests/cli/test_command_context.py::TestCommandContext::test_show_table_delegates_to_output PASSED [  6%]
tests/cli/test_command_context.py::TestCommandContext::test_suggest_next_steps_delegates_to_output PASSED [  6%]
tests/cli/test_command_context.py::TestCommandContext::test_fail_and_exit_raises_typer_exit PASSED [  6%]
tests/cli/test_command_context.py::TestCommandContext::test_fail_and_exit_with_suggestion PASSED [  6%]
tests/cli/test_command_context.py::TestStaticOperationHandle::test_log_info PASSED [  6%]
tests/cli/test_command_context.py::TestStaticOperationHandle::test_log_warning PASSED [  6%]
tests/cli/test_command_context.py::TestStaticOperationHandle::test_log_error PASSED [  6%]
tests/cli/test_command_context.py::TestStaticOperationHandle::test_log_success PASSED [  6%]
tests/cli/test_command_context.py::TestStaticOperationHandle::test_update_progress_with_task PASSED [  6%]
tests/cli/test_command_context.py::TestStaticOperationHandle::test_set_status PASSED [  7%]
tests/cli/test_command_context.py::TestStaticOperationHandle::test_set_total_creates_task PASSED [  7%]
tests/cli/test_command_context.py::TestStaticOperationHandle::test_succeed PASSED [  7%]
tests/cli/test_command_context.py::TestStaticOperationHandle::test_fail PASSED [  7%]
tests/cli/test_command_context.py::TestWithContextDecorator::test_basic_decorator PASSED [  7%]
tests/cli/test_command_context.py::TestWithContextDecorator::test_json_output_option PASSED [  7%]
tests/cli/test_command_context.py::TestWithContextDecorator::test_dry_run_option PASSED [  7%]
tests/cli/test_command_context.py::TestWithContextDecorator::test_requires_db_missing_file PASSED [  7%]
tests/cli/test_command_context.py::TestWithContextDecorator::test_requires_db_success PASSED [  7%]
tests/cli/test_command_context.py::TestWithContextDecorator::test_requires_schema_version_check PASSED [  7%]
tests/cli/test_command_context.py::TestWithContextDecorator::test_requires_gmail_success PASSED [  7%]
tests/cli/test_command_context.py::TestWithContextDecorator::test_requires_gmail_auth_failure PASSED [  7%]
tests/cli/test_command_context.py::TestWithContextDecorator::test_keyboard_interrupt_handling PASSED [  7%]
tests/cli/test_command_context.py::TestWithContextDecorator::test_unexpected_exception_handling PASSED [  7%]
tests/cli/test_command_context.py::TestWithContextDecorator::test_db_cleanup_on_success PASSED [  7%]
tests/cli/test_command_context.py::TestWithContextDecorator::test_db_cleanup_on_exception PASSED [  7%]
tests/cli/test_command_context.py::TestWithContextDecorator::test_preserves_function_metadata PASSED [  7%]
tests/cli/test_command_context.py::TestWithContextDecorator::test_passes_additional_args PASSED [  7%]
tests/cli/test_command_context.py::TestWithContextDecorator::test_passes_additional_kwargs PASSED [  7%]
tests/cli/test_command_context.py::TestCommandContextOperationContextManager::test_operation_with_static_context PASSED [  7%]
tests/cli/test_command_context.py::TestCommandContextOperationContextManager::test_operation_with_live_context PASSED [  7%]
tests/cli/test_command_context.py::TestStaticOperationHandleCompletePending::test_complete_pending_logs_message PASSED [  7%]
tests/cli/test_command_context.py::TestStaticOperationHandleCompletePending::test_complete_pending_default_level PASSED [  7%]
tests/cli/test_command_context.py::TestCommandContextAuthenticateGmail::test_authenticate_gmail_success PASSED [  7%]
tests/cli/test_command_context.py::TestCommandContextAuthenticateGmail::test_authenticate_gmail_file_not_found_required PASSED [  7%]
tests/cli/test_command_context.py::TestCommandContextAuthenticateGmail::test_authenticate_gmail_file_not_found_optional PASSED [  7%]
tests/cli/test_command_context.py::TestCommandContextAuthenticateGmail::test_authenticate_gmail_exception_required PASSED [  8%]
tests/cli/test_command_context.py::TestCommandContextAuthenticateGmail::test_authenticate_gmail_exception_optional PASSED [  8%]
tests/cli/test_command_context.py::TestCommandContextAuthenticateGmail::test_authenticate_gmail_validate_deletion_scope_missing PASSED [  8%]
tests/cli/test_command_context.py::TestCommandContextAuthenticateGmail::test_authenticate_gmail_validate_deletion_scope_optional PASSED [  8%]
tests/cli/test_command_context.py::TestCommandContextAuthenticateGmail::test_authenticate_gmail_with_custom_credentials PASSED [  8%]
tests/cli/test_command_context.py::TestCommandContextAuthenticateGmailAsync::test_authenticate_gmail_async_success PASSED [  8%]
tests/cli/test_command_context.py::TestCommandContextAuthenticateGmailAsync::test_authenticate_gmail_async_file_not_found_required PASSED [  8%]
tests/cli/test_command_context.py::TestCommandContextAuthenticateGmailAsync::test_authenticate_gmail_async_file_not_found_optional PASSED [  8%]
tests/cli/test_command_context.py::TestCommandContextAuthenticateGmailAsync::test_authenticate_gmail_async_exception_required PASSED [  8%]
tests/cli/test_command_context.py::TestCommandContextAuthenticateGmailAsync::test_authenticate_gmail_async_exception_optional PASSED [  8%]
tests/cli/test_command_context.py::TestCommandContextAuthenticateGmailAsync::test_authenticate_gmail_async_validate_deletion_scope_missing PASSED [  8%]
tests/cli/test_command_context.py::TestCommandContextAuthenticateGmailAsync::test_authenticate_gmail_async_validate_deletion_scope_optional PASSED [  8%]
tests/cli/test_command_context.py::TestCommandContextAuthenticateGmailAsync::test_authenticate_gmail_async_with_custom_credentials PASSED [  8%]
tests/cli/test_command_context.py::TestCommandContextGmailSessionContextManager::test_gmail_session_success PASSED [  8%]
tests/cli/test_command_context.py::TestCommandContextGmailSessionContextManager::test_gmail_session_file_not_found PASSED [  8%]
tests/cli/test_command_context.py::TestCommandContextGmailSessionContextManager::test_gmail_session_auth_exception PASSED [  8%]
tests/cli/test_command_context.py::TestCommandContextGmailSessionContextManager::test_gmail_session_validate_deletion_scope_missing PASSED [  8%]
tests/cli/test_command_context.py::TestCommandContextGmailSessionContextManager::test_gmail_session_with_custom_credentials PASSED [  8%]
tests/cli/test_command_context.py::TestCommandContextGmailSessionContextManager::test_gmail_session_stores_credentials_and_client PASSED [  8%]
tests/cli/test_command_context.py::TestCommandContextProgressMethods::test_set_progress_total_with_handle PASSED [  8%]
tests/cli/test_command_context.py::TestCommandContextProgressMethods::test_set_progress_total_without_handle PASSED [  8%]
tests/cli/test_command_context.py::TestCommandContextProgressMethods::test_advance_progress_with_handle PASSED [  8%]
tests/cli/test_command_context.py::TestCommandContextProgressMethods::test_advance_progress_without_handle PASSED [  8%]
tests/cli/test_command_context.py::TestCommandContextProgressMethods::test_advance_progress_default PASSED [  8%]
tests/cli/test_command_context.py::TestCommandContextProgressMethods::test_log_progress_with_handle PASSED [  8%]
tests/cli/test_command_context.py::TestCommandContextProgressMethods::test_log_progress_without_handle_info PASSED [  8%]
tests/cli/test_command_context.py::TestCommandContextProgressMethods::test_log_progress_without_handle_warning PASSED [  9%]
tests/cli/test_command_context.py::TestCommandContextProgressMethods::test_log_progress_without_handle_error PASSED [  9%]
tests/cli/test_command_context.py::TestCommandContextProgressMethods::test_log_progress_without_handle_success PASSED [  9%]
tests/cli/test_command_context.py::TestCommandContextUIBuilder::test_ui_builder_lazy_initialization PASSED [  9%]
tests/cli/test_command_context.py::TestCommandContextUIBuilder::test_ui_builder_returns_same_instance PASSED [  9%]
tests/cli/test_command_context.py::TestCommandContextUIBuilder::test_ui_builder_respects_json_mode PASSED [  9%]
tests/cli/test_command_context.py::TestStaticOperationHandleSetTotalWithExistingTask::test_set_total_updates_existing_task PASSED [  9%]
tests/cli/test_command_context.py::TestStaticOperationHandleSetTotalWithExistingTask::test_set_total_updates_description_only PASSED [  9%]
tests/cli/test_command_context.py::TestWithContextDecoratorOptionsReinjection::test_reinjection_of_json_output_parameter PASSED [  9%]
tests/cli/test_command_context.py::TestWithContextDecoratorOptionsReinjection::test_reinjection_of_dry_run_parameter PASSED [  9%]
tests/cli/test_command_context.py::TestWithContextDecoratorOptionsReinjection::test_reinjection_of_state_db_parameter PASSED [  9%]
tests/cli/test_command_context.py::TestWithContextDecoratorOptionsReinjection::test_reinjection_of_credentials_parameter PASSED [  9%]
tests/cli/test_command_context.py::TestWithContextDecoratorOptionsReinjection::test_reinjection_of_all_options PASSED [  9%]
tests/cli/test_command_context.py::TestWithContextDecoratorLiveMode::test_live_mode_with_progress_and_tty PASSED [  9%]
tests/cli/test_command_context.py::TestWithContextDecoratorLiveMode::test_live_mode_not_used_without_tty PASSED [  9%]
tests/cli/test_command_context.py::TestWithContextDecoratorLiveMode::test_live_mode_not_used_with_json_output PASSED [  9%]
tests/cli/test_command_context_async.py::TestCommandContextGmail::test_command_context_has_gmail_attribute PASSED [  9%]
tests/cli/test_command_context_async.py::TestCommandContextGmail::test_command_context_can_store_async_gmail_client PASSED [  9%]
tests/cli/test_command_context_async.py::TestWithContextGmailAuth::test_with_context_accepts_requires_gmail_param PASSED [  9%]
tests/cli/test_command_context_async.py::TestWithContextGmailAuth::test_with_context_initializes_async_gmail_client PASSED [  9%]
tests/cli/test_command_context_async.py::TestWithContextGmailAuth::test_async_gmail_client_properly_closed_on_exit PASSED [  9%]
tests/cli/test_command_context_async.py::TestWithContextNoGmail::test_with_context_no_gmail_required PASSED [  9%]
tests/cli/test_command_context_async.py::TestWithContextNoGmail::test_with_context_default_no_gmail PASSED [  9%]
tests/cli/test_import.py::TestDatabaseValidation::test_import_fails_when_database_not_found PASSED [  9%]
tests/cli/test_import.py::TestWorkflowIntegration::test_import_creates_workflow_with_storage PASSED [  9%]
tests/cli/test_import.py::TestWorkflowIntegration::test_import_passes_config_to_workflow PASSED [  9%]
tests/cli/test_import.py::TestErrorHandling::test_import_handles_file_not_found_error PASSED [  9%]
tests/cli/test_import.py::TestErrorHandling::test_import_handles_generic_exception PASSED [ 10%]
tests/cli/test_import.py::TestResultHandling::test_import_handles_no_files_found PASSED [ 10%]
tests/cli/test_import.py::TestResultHandling::test_import_displays_results_via_report_card PASSED [ 10%]
tests/cli/test_import.py::TestResultHandling::test_import_shows_success_message_with_counts PASSED [ 10%]
tests/cli/test_import.py::TestResultHandling::test_import_suggests_next_steps PASSED [ 10%]
tests/cli/test_import.py::TestResultHandling::test_import_shows_info_when_all_duplicates PASSED [ 10%]
tests/cli/test_migrate.py::TestDatabaseValidation::test_missing_database_fails_with_clear_error PASSED [ 10%]
tests/cli/test_migrate.py::TestDatabaseValidation::test_missing_database_provides_helpful_suggestion PASSED [ 10%]
tests/cli/test_migrate.py::TestSchemaVersionChecking::test_already_at_latest_version_returns_early PASSED [ 10%]
tests/cli/test_migrate.py::TestSchemaVersionChecking::test_already_at_latest_returns_immediately PASSED [ 10%]
tests/cli/test_migrate.py::TestSuccessfulMigration::test_successful_migration_shows_report PASSED [ 10%]
tests/cli/test_migrate.py::TestSuccessfulMigration::test_successful_migration_shows_success_message PASSED [ 10%]
tests/cli/test_migrate.py::TestSuccessfulMigration::test_successful_migration_suggests_next_steps PASSED [ 10%]
tests/cli/test_migrate.py::TestSuccessfulMigration::test_successful_migration_displays_task_completion PASSED [ 10%]
tests/cli/test_migrate.py::TestMigrationExceptionHandling::test_migration_exception_fails_with_error_message PASSED [ 10%]
tests/cli/test_migrate.py::TestMigrationExceptionHandling::test_migration_exception_suggests_rollback PASSED [ 10%]
tests/cli/test_migrate.py::TestMigrationExceptionHandling::test_migration_exception_includes_original_error_message PASSED [ 10%]
tests/cli/test_migrate.py::TestMigrationExceptionHandling::test_migration_exception_returns_early PASSED [ 10%]
tests/cli/test_migrate.py::TestWorkflowIntegration::test_creates_migrate_workflow_with_storage PASSED [ 10%]
tests/cli/test_migrate.py::TestWorkflowIntegration::test_passes_migrate_config_to_workflow PASSED [ 10%]
tests/cli/test_migrate.py::TestReportGeneration::test_report_includes_all_migration_details PASSED [ 10%]
tests/cli/test_migrate.py::TestReportGeneration::test_report_shows_na_when_no_details PASSED [ 10%]
tests/cli/test_migrate.py::TestReportGeneration::test_report_shows_na_when_no_backup_created PASSED [ 10%]
tests/cli/test_migrate.py::TestStorageContextRequirement::test_asserts_storage_is_not_none PASSED [ 10%]
tests/cli/test_migrate.py::TestEdgeCases::test_migration_with_very_long_version_strings PASSED [ 10%]
tests/cli/test_migrate.py::TestEdgeCases::test_migration_exception_with_special_characters_in_message PASSED [ 10%]
tests/cli/test_migrate.py::TestEdgeCases::test_report_with_multiline_details PASSED [ 11%]
tests/cli/test_output.py::TestOutputManager::test_init_default PASSED    [ 11%]
tests/cli/test_output.py::TestOutputManager::test_init_json_mode PASSED  [ 11%]
tests/cli/test_output.py::TestOutputManager::test_init_quiet_mode PASSED [ 11%]
tests/cli/test_output.py::TestStartOperation::test_start_operation_normal_mode PASSED [ 11%]
tests/cli/test_output.py::TestStartOperation::test_start_operation_json_mode PASSED [ 11%]
tests/cli/test_output.py::TestStartOperation::test_start_operation_quiet_mode PASSED [ 11%]
tests/cli/test_output.py::TestProgressContext::test_progress_context_json_mode PASSED [ 11%]
tests/cli/test_output.py::TestProgressContext::test_progress_context_quiet_mode PASSED [ 11%]
tests/cli/test_output.py::TestProgressContext::test_progress_context_normal_mode PASSED [ 11%]
tests/cli/test_output.py::TestProgressContext::test_progress_context_update_reflects_completed_count PASSED [ 11%]
tests/cli/test_output.py::TestProgressContext::test_progress_context_uses_progress_own_live_display PASSED [ 11%]
tests/cli/test_output.py::TestProgressContext::test_progress_context_does_not_use_external_live_wrapper PASSED [ 11%]
tests/cli/test_output.py::TestTaskComplete::test_task_complete_normal_mode PASSED [ 11%]
tests/cli/test_output.py::TestTaskComplete::test_task_complete_json_mode PASSED [ 11%]
tests/cli/test_output.py::TestShowReport::test_show_report_dict PASSED   [ 11%]
tests/cli/test_output.py::TestShowReport::test_show_report_table PASSED  [ 11%]
tests/cli/test_output.py::TestShowReport::test_show_report_json_mode PASSED [ 11%]
tests/cli/test_output.py::TestShowReport::test_show_report_quiet_mode PASSED [ 11%]
tests/cli/test_output.py::TestSuggestNextSteps::test_suggest_next_steps_normal PASSED [ 11%]
tests/cli/test_output.py::TestSuggestNextSteps::test_suggest_next_steps_json PASSED [ 11%]
tests/cli/test_output.py::TestErrorHandling::test_error_normal_mode PASSED [ 11%]
tests/cli/test_output.py::TestErrorHandling::test_error_json_mode PASSED [ 11%]
tests/cli/test_output.py::TestErrorHandling::test_error_with_exit PASSED [ 11%]
tests/cli/test_output.py::TestSuccessWarningInfo::test_success_normal PASSED [ 11%]
tests/cli/test_output.py::TestSuccessWarningInfo::test_success_json PASSED [ 11%]
tests/cli/test_output.py::TestSuccessWarningInfo::test_warning_normal PASSED [ 12%]
tests/cli/test_output.py::TestSuccessWarningInfo::test_warning_json PASSED [ 12%]
tests/cli/test_output.py::TestSuccessWarningInfo::test_info_normal PASSED [ 12%]
tests/cli/test_output.py::TestSuccessWarningInfo::test_info_json PASSED  [ 12%]
tests/cli/test_output.py::TestShowTable::test_show_table_normal_mode PASSED [ 12%]
tests/cli/test_output.py::TestShowTable::test_show_table_json_mode PASSED [ 12%]
tests/cli/test_output.py::TestEndOperation::test_end_operation_success PASSED [ 12%]
tests/cli/test_output.py::TestEndOperation::test_end_operation_failure PASSED [ 12%]
tests/cli/test_output.py::TestEndOperation::test_end_operation_json PASSED [ 12%]
tests/cli/test_output.py::TestTaskResult::test_task_result_creation PASSED [ 12%]
tests/cli/test_output.py::TestTaskResult::test_task_result_defaults PASSED [ 12%]
tests/cli/test_output.py::TestProgressTrackerEdgeCases::test_update_with_multiple_params_raises_error PASSED [ 12%]
tests/cli/test_output.py::TestProgressTrackerEdgeCases::test_update_with_no_params_does_nothing PASSED [ 12%]
tests/cli/test_output.py::TestProgressTrackerEdgeCases::test_calculate_eta_with_zero_rate PASSED [ 12%]
tests/cli/test_output.py::TestProgressTrackerEdgeCases::test_get_rate_formatted_no_rate PASSED [ 12%]
tests/cli/test_output.py::TestProgressTrackerEdgeCases::test_get_progress_string_no_start PASSED [ 12%]
tests/cli/test_output.py::TestOutputManagerEdgeCases::test_show_report_with_summary PASSED [ 12%]
tests/cli/test_output.py::TestOutputManagerEdgeCases::test_show_report_list_of_non_dicts PASSED [ 12%]
tests/cli/test_output.py::TestOutputManagerEdgeCases::test_show_table_quiet_mode_skips_output PASSED [ 12%]
tests/cli/test_output.py::TestOutputManagerEdgeCases::test_suggest_next_steps_quiet_mode PASSED [ 12%]
tests/cli/test_output.py::TestOutputManagerEdgeCases::test_error_json_mode_with_flush PASSED [ 12%]
tests/cli/test_output.py::TestOutputManagerEdgeCases::test_warning_quiet_mode PASSED [ 12%]
tests/cli/test_output.py::TestOutputManagerEdgeCases::test_info_quiet_mode PASSED [ 12%]
tests/cli/test_output.py::TestOutputManagerEdgeCases::test_end_operation_quiet_mode PASSED [ 12%]
tests/cli/test_output.py::TestOutputManagerEdgeCases::test_set_json_payload_and_flush PASSED [ 12%]
tests/cli/test_output.py::TestOutputManagerEdgeCases::test_progress_context_with_live_update PASSED [ 12%]
tests/cli/test_output.py::TestProgressTrackerSimpleCases::test_update_with_completed_param PASSED [ 12%]
tests/cli/test_output.py::TestProgressTrackerSimpleCases::test_update_with_advance_param PASSED [ 13%]
tests/cli/test_output.py::TestFlushJSON::test_flush_json_not_in_json_mode PASSED [ 13%]
tests/cli/test_output.py::TestOutputManagerEndOperation::test_end_operation_no_console_quiet_mode PASSED [ 13%]
tests/cli/test_output.py::TestOutputManagerEndOperation::test_success_quiet_mode PASSED [ 13%]
tests/cli/test_output.py::TestProgressTrackerETA::test_calculate_eta_already_complete PASSED [ 13%]
tests/cli/test_output.py::TestStatusPanel::test_output_status_panel_with_completed_tasks PASSED [ 13%]
tests/cli/test_output.py::TestLogBuffer::test_init_default PASSED        [ 13%]
tests/cli/test_output.py::TestLogBuffer::test_init_custom_size PASSED    [ 13%]
tests/cli/test_output.py::TestLogBuffer::test_init_zero_size PASSED      [ 13%]
tests/cli/test_output.py::TestLogBuffer::test_init_negative_size_raises_error PASSED [ 13%]
tests/cli/test_output.py::TestLogBuffer::test_add_single_entry PASSED    [ 13%]
tests/cli/test_output.py::TestLogBuffer::test_add_multiple_entries PASSED [ 13%]
tests/cli/test_output.py::TestLogBuffer::test_ring_buffer_overflow PASSED [ 13%]
tests/cli/test_output.py::TestLogBuffer::test_deduplication_exact_match PASSED [ 13%]
tests/cli/test_output.py::TestLogBuffer::test_deduplication_updates_timestamp PASSED [ 13%]
tests/cli/test_output.py::TestLogBuffer::test_deduplication_evicted_entry_readded PASSED [ 13%]
tests/cli/test_output.py::TestLogBuffer::test_render_empty_buffer PASSED [ 13%]
tests/cli/test_output.py::TestLogBuffer::test_render_with_entries PASSED [ 13%]
tests/cli/test_output.py::TestLogBuffer::test_render_severity_symbols PASSED [ 13%]
tests/cli/test_output.py::TestLogBuffer::test_render_with_duplicate_count PASSED [ 13%]
tests/cli/test_output.py::TestLogBuffer::test_get_all_logs_returns_copy PASSED [ 13%]
tests/cli/test_output.py::TestLogBuffer::test_clear PASSED               [ 13%]
tests/cli/test_output.py::TestLiveLayoutContextInitialization::test_init_with_all_components PASSED [ 13%]
tests/cli/test_output.py::TestLiveLayoutContextInitialization::test_init_with_default_components PASSED [ 13%]
tests/cli/test_output.py::TestLiveLayoutContextInitialization::test_init_custom_max_visible PASSED [ 13%]
tests/cli/test_output.py::TestLiveLayoutContextManager::test_context_manager_enter_exit PASSED [ 13%]
tests/cli/test_output.py::TestLiveLayoutContextManager::test_context_manager_closes_session_logger PASSED [ 14%]
tests/cli/test_output.py::TestLiveLayoutContextAddLog::test_add_log_to_both_buffers PASSED [ 14%]
tests/cli/test_output.py::TestLiveLayoutContextAddLog::test_add_log_different_levels PASSED [ 14%]
tests/cli/test_output.py::TestOutputManagerLiveLayoutContext::test_live_layout_context_returns_live_context PASSED [ 14%]
tests/cli/test_output.py::TestOutputManagerLiveLayoutContext::test_live_layout_context_auto_cleanup PASSED [ 14%]
tests/cli/test_output.py::TestOperationHandleProtocol::test_operation_handle_has_required_methods PASSED [ 14%]
tests/cli/test_output.py::TestOperationHandleProtocol::test_operation_handle_protocol_structural_typing PASSED [ 14%]
tests/cli/test_output.py::TestOutputHandlerProtocol::test_output_handler_has_required_methods PASSED [ 14%]
tests/cli/test_output.py::TestOutputHandlerProtocol::test_output_handler_protocol_structural_typing PASSED [ 14%]
tests/cli/test_output.py::TestStaticOperationHandle::test_log_method_calls_output_manager PASSED [ 14%]
tests/cli/test_output.py::TestStaticOperationHandle::test_update_progress_does_nothing_in_static_mode PASSED [ 14%]
tests/cli/test_output.py::TestStaticOperationHandle::test_set_status_does_nothing_in_static_mode PASSED [ 14%]
tests/cli/test_output.py::TestStaticOperationHandle::test_succeed_calls_success PASSED [ 14%]
tests/cli/test_output.py::TestStaticOperationHandle::test_fail_calls_error PASSED [ 14%]
tests/cli/test_output.py::TestStaticOutputHandler::test_print_delegates_to_console PASSED [ 14%]
tests/cli/test_output.py::TestStaticOutputHandler::test_start_operation_returns_static_handle PASSED [ 14%]
tests/cli/test_output.py::TestStaticOutputHandler::test_context_manager_returns_self PASSED [ 14%]
tests/cli/test_output.py::TestStaticOutputHandler::test_json_mode_respects_output_manager_mode PASSED [ 14%]
tests/cli/test_output.py::TestOutputManagerWithStaticHandler::test_output_manager_uses_static_handler_by_default PASSED [ 14%]
tests/cli/test_output.py::TestOutputManagerWithStaticHandler::test_output_manager_info_delegates_to_handler PASSED [ 14%]
tests/cli/test_output.py::TestLiveOperationHandle::test_log_adds_to_live_layout_context PASSED [ 14%]
tests/cli/test_output.py::TestLiveOperationHandle::test_update_progress_tracks_completion PASSED [ 14%]
tests/cli/test_output.py::TestLiveOperationHandle::test_set_status_updates_description PASSED [ 14%]
tests/cli/test_output.py::TestLiveOperationHandle::test_succeed_logs_success_message PASSED [ 14%]
tests/cli/test_output.py::TestLiveOperationHandle::test_fail_logs_error_message PASSED [ 14%]
tests/cli/test_output.py::TestLiveOutputHandler::test_context_manager_creates_live_layout PASSED [ 14%]
tests/cli/test_output.py::TestLiveOutputHandler::test_start_operation_returns_live_handle PASSED [ 15%]
tests/cli/test_output.py::TestLiveOutputHandler::test_print_logs_to_live_context PASSED [ 15%]
tests/cli/test_output.py::TestOutputManagerWithLiveMode::test_output_manager_uses_live_handler_when_enabled PASSED [ 15%]
tests/cli/test_output.py::TestLogBufferCompletePending::test_complete_pending_with_pending_entry PASSED [ 15%]
tests/cli/test_output.py::TestLogBufferCompletePending::test_complete_pending_without_pending_entry PASSED [ 15%]
tests/cli/test_output.py::TestLiveLayoutContextProgressETA::test_get_progress_eta_not_started PASSED [ 15%]
tests/cli/test_output.py::TestLiveLayoutContextProgressETA::test_get_progress_eta_zero_completed PASSED [ 15%]
tests/cli/test_output.py::TestLiveLayoutContextProgressETA::test_get_progress_eta_seconds_remaining PASSED [ 15%]
tests/cli/test_output.py::TestLiveLayoutContextProgressETA::test_get_progress_eta_minutes_remaining PASSED [ 15%]
tests/cli/test_output.py::TestLiveLayoutContextProgressETA::test_get_progress_eta_hours_remaining PASSED [ 15%]
tests/cli/test_output.py::TestShowErrorPanel::test_show_error_panel_json_mode PASSED [ 15%]
tests/cli/test_output.py::TestShowErrorPanel::test_show_error_panel_json_mode_with_exit PASSED [ 15%]
tests/cli/test_output.py::TestShowErrorPanel::test_show_error_panel_quiet_mode PASSED [ 15%]
tests/cli/test_output.py::TestShowErrorPanel::test_show_error_panel_quiet_mode_with_exit PASSED [ 15%]
tests/cli/test_output.py::TestShowErrorPanel::test_show_error_panel_normal_mode PASSED [ 15%]
tests/cli/test_output.py::TestShowValidationReport::test_show_validation_report_json_mode PASSED [ 15%]
tests/cli/test_output.py::TestShowValidationReport::test_show_validation_report_quiet_mode PASSED [ 15%]
tests/cli/test_output.py::TestShowValidationReport::test_show_validation_report_normal_mode_passed PASSED [ 15%]
tests/cli/test_output.py::TestShowValidationReport::test_show_validation_report_normal_mode_failed PASSED [ 15%]
tests/cli/test_output.py::TestCommandContextOperationMethods::test_set_progress_total_with_operation_handle PASSED [ 15%]
tests/cli/test_output.py::TestCommandContextOperationMethods::test_advance_progress_with_operation_handle PASSED [ 15%]
tests/cli/test_output.py::TestCommandContextOperationMethods::test_log_progress_with_operation_handle PASSED [ 15%]
tests/cli/test_output.py::TestCommandContextOperationMethods::test_log_progress_fallback_warning PASSED [ 15%]
tests/cli/test_output.py::TestCommandContextOperationMethods::test_log_progress_fallback_error PASSED [ 15%]
tests/cli/test_output.py::TestCommandContextOperationMethods::test_log_progress_fallback_success PASSED [ 15%]
tests/cli/test_output.py::TestCommandContextOperationMethods::test_log_progress_fallback_info PASSED [ 15%]
tests/cli/test_output.py::TestStaticOperationHandleSetTotal::test_set_total_creates_task_when_none_exists PASSED [ 15%]
tests/cli/test_output.py::TestStaticOperationHandleSetTotal::test_set_total_updates_existing_task PASSED [ 16%]
tests/cli/test_output.py::TestStaticOperationHandleUncovered::test_set_total_is_noop PASSED [ 16%]
tests/cli/test_output.py::TestStaticOperationHandleUncovered::test_complete_pending_logs_message PASSED [ 16%]
tests/cli/test_output_search.py::TestTruncatePreview::test_truncate_preview_none_returns_no_preview PASSED [ 16%]
tests/cli/test_output_search.py::TestTruncatePreview::test_truncate_preview_empty_string_returns_no_preview PASSED [ 16%]
tests/cli/test_output_search.py::TestTruncatePreview::test_truncate_preview_whitespace_only_returns_empty_string PASSED [ 16%]
tests/cli/test_output_search.py::TestTruncatePreview::test_truncate_preview_short_text_returned_unchanged PASSED [ 16%]
tests/cli/test_output_search.py::TestTruncatePreview::test_truncate_preview_text_at_max_length_unchanged PASSED [ 16%]
tests/cli/test_output_search.py::TestTruncatePreview::test_truncate_preview_long_text_truncated_with_ellipsis PASSED [ 16%]
tests/cli/test_output_search.py::TestTruncatePreview::test_truncate_preview_custom_max_length PASSED [ 16%]
tests/cli/test_output_search.py::TestTruncatePreview::test_truncate_preview_strips_whitespace PASSED [ 16%]
tests/cli/test_output_search.py::TestTruncatePreview::test_truncate_preview_preserves_internal_whitespace PASSED [ 16%]
tests/cli/test_output_search.py::TestTruncatePreview::test_truncate_preview_multiline_text_truncated PASSED [ 16%]
tests/cli/test_output_search.py::TestDisplaySearchResultsJson::test_display_search_results_json_empty_results PASSED [ 16%]
tests/cli/test_output_search.py::TestDisplaySearchResultsJson::test_display_search_results_json_single_result PASSED [ 16%]
tests/cli/test_output_search.py::TestDisplaySearchResultsJson::test_display_search_results_json_without_preview PASSED [ 16%]
tests/cli/test_output_search.py::TestDisplaySearchResultsJson::test_display_search_results_json_with_preview PASSED [ 16%]
tests/cli/test_output_search.py::TestDisplaySearchResultsJson::test_display_search_results_json_preview_truncation PASSED [ 16%]
tests/cli/test_output_search.py::TestDisplaySearchResultsJson::test_display_search_results_json_no_preview_for_none PASSED [ 16%]
tests/cli/test_output_search.py::TestDisplaySearchResultsJson::test_display_search_results_json_multiple_results PASSED [ 16%]
tests/cli/test_output_search.py::TestDisplaySearchResultsJson::test_display_search_results_json_includes_all_required_fields PASSED [ 16%]
tests/cli/test_output_search.py::TestDisplaySearchResultsRich::test_display_search_results_rich_json_mode_returns_early PASSED [ 16%]
tests/cli/test_output_search.py::TestDisplaySearchResultsRich::test_display_search_results_rich_quiet_mode_returns_early PASSED [ 16%]
tests/cli/test_output_search.py::TestDisplaySearchResultsRich::test_display_search_results_rich_empty_results_shows_warning PASSED [ 16%]
tests/cli/test_output_search.py::TestDisplaySearchResultsRich::test_display_search_results_rich_empty_results_returns_after_warning PASSED [ 16%]
tests/cli/test_output_search.py::TestDisplaySearchResultsRich::test_display_search_results_rich_with_preview_list_format PASSED [ 16%]
tests/cli/test_output_search.py::TestDisplaySearchResultsRich::test_display_search_results_rich_with_preview_header PASSED [ 17%]
tests/cli/test_output_search.py::TestDisplaySearchResultsRich::test_display_search_results_rich_with_preview_displays_all_fields PASSED [ 17%]
tests/cli/test_output_search.py::TestDisplaySearchResultsRich::test_display_search_results_rich_with_preview_no_subject_shows_placeholder PASSED [ 17%]
tests/cli/test_output_search.py::TestDisplaySearchResultsRich::test_display_search_results_rich_without_preview_table_format PASSED [ 17%]
tests/cli/test_output_search.py::TestDisplaySearchResultsRich::test_display_search_results_rich_without_preview_no_info_calls PASSED [ 17%]
tests/cli/test_output_search.py::TestDisplaySearchResultsRich::test_display_search_results_rich_table_format_title PASSED [ 17%]
tests/cli/test_output_search.py::TestDisplaySearchResultsRich::test_display_search_results_rich_table_format_column_specs PASSED [ 17%]
tests/cli/test_output_search.py::TestDisplaySearchResultsRich::test_display_search_results_rich_table_format_row_data PASSED [ 17%]
tests/cli/test_output_search.py::TestDisplaySearchResultsRich::test_display_search_results_rich_table_format_missing_subject PASSED [ 17%]
tests/cli/test_output_search.py::TestDisplaySearchResultsRich::test_display_search_results_rich_table_format_missing_message_id PASSED [ 17%]
tests/cli/test_output_search.py::TestDisplaySearchResultsRich::test_display_search_results_rich_table_format_missing_date PASSED [ 17%]
tests/cli/test_output_search.py::TestDisplaySearchResultsRich::test_display_search_results_rich_table_extracts_archive_basename PASSED [ 17%]
tests/cli/test_output_search.py::TestDisplaySearchResultsRich::test_display_search_results_rich_with_multiple_results_list_format PASSED [ 17%]
tests/cli/test_output_search.py::TestDisplaySearchResultsRich::test_display_search_results_rich_with_multiple_results_table_format PASSED [ 17%]
tests/cli/test_output_search.py::TestDisplaySearchResultsRich::test_display_search_results_rich_with_preview_numbered_entries PASSED [ 17%]
tests/cli/test_output_search.py::TestDisplaySearchResultsRich::test_display_search_results_rich_with_preview_empty_from_handled PASSED [ 17%]
tests/cli/test_output_search.py::TestDisplaySearchResultsRich::test_display_search_results_rich_with_preview_no_gmail_id_handled PASSED [ 17%]
tests/cli/test_output_search.py::TestDisplaySearchResultsRich::test_display_search_results_rich_with_preview_missing_date_handled PASSED [ 17%]
tests/cli/test_schedule.py::TestScheduleAddCommand::test_add_daily_schedule_success PASSED [ 17%]
tests/cli/test_schedule.py::TestScheduleAddCommand::test_add_weekly_schedule_success PASSED [ 17%]
tests/cli/test_schedule.py::TestScheduleAddCommand::test_add_monthly_schedule_success PASSED [ 17%]
tests/cli/test_schedule.py::TestScheduleAddCommand::test_add_schedule_validation_error PASSED [ 17%]
tests/cli/test_schedule.py::TestScheduleAddCommand::test_add_schedule_generic_error PASSED [ 17%]
tests/cli/test_schedule.py::TestScheduleAddCommand::test_add_schedule_requires_storage PASSED [ 17%]
tests/cli/test_schedule.py::TestScheduleListCommand::test_list_schedules_success PASSED [ 17%]
tests/cli/test_schedule.py::TestScheduleListCommand::test_list_schedules_enabled_only PASSED [ 17%]
tests/cli/test_schedule.py::TestScheduleListCommand::test_list_schedules_empty PASSED [ 18%]
tests/cli/test_schedule.py::TestScheduleListCommand::test_list_schedules_error PASSED [ 18%]
tests/cli/test_schedule.py::TestScheduleListCommand::test_list_schedules_truncates_long_commands PASSED [ 18%]
tests/cli/test_schedule.py::TestScheduleRemoveCommand::test_remove_schedule_success PASSED [ 18%]
tests/cli/test_schedule.py::TestScheduleRemoveCommand::test_remove_schedule_not_found PASSED [ 18%]
tests/cli/test_schedule.py::TestScheduleRemoveCommand::test_remove_schedule_error PASSED [ 18%]
tests/cli/test_schedule.py::TestScheduleEnableCommand::test_enable_schedule_success PASSED [ 18%]
tests/cli/test_schedule.py::TestScheduleEnableCommand::test_enable_schedule_not_found PASSED [ 18%]
tests/cli/test_schedule.py::TestScheduleEnableCommand::test_enable_schedule_error PASSED [ 18%]
tests/cli/test_schedule.py::TestScheduleDisableCommand::test_disable_schedule_success PASSED [ 18%]
tests/cli/test_schedule.py::TestScheduleDisableCommand::test_disable_schedule_not_found PASSED [ 18%]
tests/cli/test_schedule.py::TestScheduleDisableCommand::test_disable_schedule_error PASSED [ 18%]
tests/cli/test_schedule.py::TestScheduleCommandsEdgeCases::test_add_schedule_with_all_day_types PASSED [ 18%]
tests/cli/test_schedule.py::TestScheduleCommandsEdgeCases::test_list_schedules_with_all_day_abbreviations PASSED [ 18%]
tests/cli/test_schedule.py::TestScheduleCommandsEdgeCases::test_list_truncates_last_run_timestamp PASSED [ 18%]
tests/cli/test_schedule.py::TestScheduleCommandsEdgeCases::test_all_commands_require_storage PASSED [ 18%]
tests/cli/test_ui_builder.py::TestTaskStatus::test_status_values_exist PASSED [ 18%]
tests/cli/test_ui_builder.py::TestTaskStatus::test_symbols_mapping PASSED [ 18%]
tests/cli/test_ui_builder.py::TestTaskStatus::test_success_symbol_is_checkmark PASSED [ 18%]
tests/cli/test_ui_builder.py::TestTaskStatus::test_failed_symbol_is_x PASSED [ 18%]
tests/cli/test_ui_builder.py::TestTaskHandleImpl::test_complete_sets_success_status PASSED [ 18%]
tests/cli/test_ui_builder.py::TestTaskHandleImpl::test_fail_sets_failed_status PASSED [ 18%]
tests/cli/test_ui_builder.py::TestTaskHandleImpl::test_fail_without_reason PASSED [ 18%]
tests/cli/test_ui_builder.py::TestTaskHandleImpl::test_advance_increments_completed PASSED [ 18%]
tests/cli/test_ui_builder.py::TestTaskHandleImpl::test_advance_default_is_one PASSED [ 18%]
tests/cli/test_ui_builder.py::TestTaskHandleImpl::test_set_total PASSED  [ 18%]
tests/cli/test_ui_builder.py::TestTaskHandleImpl::test_log_delegates_to_sequence PASSED [ 18%]
tests/cli/test_ui_builder.py::TestTaskHandleImpl::test_set_total_with_description PASSED [ 19%]
tests/cli/test_ui_builder.py::TestTaskHandleImpl::test_set_total_without_description_preserves_original PASSED [ 19%]
tests/cli/test_ui_builder.py::TestTaskHandleImpl::test_update_progress_delegates_to_advance PASSED [ 19%]
tests/cli/test_ui_builder.py::TestTaskHandleImpl::test_update_progress_default_is_one PASSED [ 19%]
tests/cli/test_ui_builder.py::TestTaskHandleImpl::test_set_status_updates_description PASSED [ 19%]
tests/cli/test_ui_builder.py::TestTaskHandleImpl::test_succeed_delegates_to_complete PASSED [ 19%]
tests/cli/test_ui_builder.py::TestTaskHandleImpl::test_complete_pending_logs_message PASSED [ 19%]
tests/cli/test_ui_builder.py::TestTaskHandleImpl::test_complete_pending_with_custom_level PASSED [ 19%]
tests/cli/test_ui_builder.py::TestTaskSequenceImpl::test_init_sets_attributes PASSED [ 19%]
tests/cli/test_ui_builder.py::TestTaskSequenceImpl::test_json_mode_no_live_context PASSED [ 19%]
tests/cli/test_ui_builder.py::TestTaskSequenceImpl::test_task_creates_running_state PASSED [ 19%]
tests/cli/test_ui_builder.py::TestTaskSequenceImpl::test_task_with_total PASSED [ 19%]
tests/cli/test_ui_builder.py::TestTaskSequenceImpl::test_task_handle_complete PASSED [ 19%]
tests/cli/test_ui_builder.py::TestTaskSequenceImpl::test_task_handle_fail PASSED [ 19%]
tests/cli/test_ui_builder.py::TestTaskSequenceImpl::test_exception_auto_fails_task PASSED [ 19%]
tests/cli/test_ui_builder.py::TestTaskSequenceImpl::test_json_events_task_start PASSED [ 19%]
tests/cli/test_ui_builder.py::TestTaskSequenceImpl::test_json_events_task_complete PASSED [ 19%]
tests/cli/test_ui_builder.py::TestTaskSequenceImpl::test_json_events_task_failed PASSED [ 19%]
tests/cli/test_ui_builder.py::TestTaskSequenceImpl::test_multiple_tasks PASSED [ 19%]
tests/cli/test_ui_builder.py::TestTaskSequenceImpl::test_log_stores_message PASSED [ 19%]
tests/cli/test_ui_builder.py::TestTaskSequenceImpl::test_log_emits_json_event PASSED [ 19%]
tests/cli/test_ui_builder.py::TestTaskSequenceImplRendering::test_render_pending_task PASSED [ 19%]
tests/cli/test_ui_builder.py::TestTaskSequenceImplRendering::test_render_running_task PASSED [ 19%]
tests/cli/test_ui_builder.py::TestTaskSequenceImplRendering::test_render_running_task_with_progress PASSED [ 19%]
tests/cli/test_ui_builder.py::TestTaskSequenceImplRendering::test_render_success_task PASSED [ 19%]
tests/cli/test_ui_builder.py::TestTaskSequenceImplRendering::test_render_failed_task PASSED [ 19%]
tests/cli/test_ui_builder.py::TestUIBuilderImpl::test_init PASSED        [ 20%]
tests/cli/test_ui_builder.py::TestUIBuilderImpl::test_task_sequence_creates_sequence PASSED [ 20%]
tests/cli/test_ui_builder.py::TestUIBuilderImpl::test_task_sequence_propagates_json_mode PASSED [ 20%]
tests/cli/test_ui_builder.py::TestUIBuilderImpl::test_spinner_creates_single_task PASSED [ 20%]
tests/cli/test_ui_builder.py::TestUIBuilderImpl::test_spinner_task_can_complete PASSED [ 20%]
tests/cli/test_ui_builder.py::TestUIBuilderImpl::test_spinner_task_can_fail PASSED [ 20%]
tests/cli/test_ui_builder.py::TestUIBuilderImplIntegration::test_full_task_sequence_workflow PASSED [ 20%]
tests/cli/test_ui_builder.py::TestUIBuilderImplIntegration::test_task_sequence_with_failure PASSED [ 20%]
tests/cli/test_ui_builder.py::TestUIBuilderImplIntegration::test_late_bound_total PASSED [ 20%]
tests/cli/test_ui_builder.py::TestSpinnerFrames::test_spinner_frames_exist PASSED [ 20%]
tests/cli/test_ui_builder.py::TestSpinnerFrames::test_spinner_frames_are_braille PASSED [ 20%]
tests/cli/test_ui_builder.py::TestLogEntry::test_log_entry_creation PASSED [ 20%]
tests/cli/test_ui_builder.py::TestLogEntry::test_log_entry_with_timestamp PASSED [ 20%]
tests/cli/test_ui_builder.py::TestLogWindow::test_show_logs_disabled_by_default PASSED [ 20%]
tests/cli/test_ui_builder.py::TestLogWindow::test_show_logs_enabled PASSED [ 20%]
tests/cli/test_ui_builder.py::TestLogWindow::test_max_logs_default PASSED [ 20%]
tests/cli/test_ui_builder.py::TestLogWindow::test_max_logs_custom PASSED [ 20%]
tests/cli/test_ui_builder.py::TestLogWindow::test_log_adds_to_visible_buffer_when_show_logs PASSED [ 20%]
tests/cli/test_ui_builder.py::TestLogWindow::test_log_not_added_to_visible_buffer_when_show_logs_false PASSED [ 20%]
tests/cli/test_ui_builder.py::TestLogWindow::test_visible_logs_ring_buffer PASSED [ 20%]
tests/cli/test_ui_builder.py::TestLogWindow::test_render_log_info PASSED [ 20%]
tests/cli/test_ui_builder.py::TestLogWindow::test_render_log_warning PASSED [ 20%]
tests/cli/test_ui_builder.py::TestLogWindow::test_render_log_error PASSED [ 20%]
tests/cli/test_ui_builder.py::TestLogWindow::test_render_log_success PASSED [ 20%]
tests/cli/test_ui_builder.py::TestLogWindow::test_render_includes_log_window PASSED [ 20%]
tests/cli/test_ui_builder.py::TestLogWindow::test_render_no_log_window_when_disabled PASSED [ 20%]
tests/cli/test_ui_builder.py::TestLogWindowIntegration::test_task_log_appears_in_window PASSED [ 21%]
tests/cli/test_ui_builder.py::TestLogWindowIntegration::test_full_workflow_with_logs PASSED [ 21%]
tests/cli/test_ui_builder.py::TestLogWindowIntegration::test_json_events_include_logs PASSED [ 21%]
tests/cli/test_ui_builder_deprecation.py::TestUIBuilderDeprecatedImports::test_default_max_logs_imported PASSED [ 21%]
tests/cli/test_ui_builder_deprecation.py::TestUIBuilderDeprecatedImports::test_spinner_frames_imported PASSED [ 21%]
tests/cli/test_ui_builder_deprecation.py::TestUIBuilderDeprecatedImports::test_symbols_imported PASSED [ 21%]
tests/cli/test_ui_builder_deprecation.py::TestUIBuilderDeprecatedImports::test_log_entry_class_imported PASSED [ 21%]
tests/cli/test_ui_builder_deprecation.py::TestUIBuilderDeprecatedImports::test_task_handle_impl_imported PASSED [ 21%]
tests/cli/test_ui_builder_deprecation.py::TestUIBuilderDeprecatedImports::test_task_sequence_impl_imported PASSED [ 21%]
tests/cli/test_ui_builder_deprecation.py::TestUIBuilderDeprecatedImports::test_task_status_imported PASSED [ 21%]
tests/cli/test_ui_builder_deprecation.py::TestUIBuilderDeprecatedImports::test_ui_builder_impl_imported PASSED [ 21%]
tests/cli/test_ui_builder_deprecation.py::TestUIBuilderDeprecatedImports::test_all_symbols_exported PASSED [ 21%]
tests/cli/test_verify.py::TestVerifyIntegrityCommand::test_missing_database_fails_with_clear_error PASSED [ 21%]
tests/cli/test_verify.py::TestVerifyIntegrityCommand::test_successful_integrity_check_shows_report PASSED [ 21%]
tests/cli/test_verify.py::TestVerifyIntegrityCommand::test_failed_integrity_check_shows_issues_and_suggestions PASSED [ 21%]
tests/cli/test_verify.py::TestVerifyIntegrityCommand::test_workflow_exception_fails_with_error_message PASSED [ 21%]
tests/cli/test_verify.py::TestVerifyIntegrityCommand::test_creates_verify_config_with_correct_type PASSED [ 21%]
tests/cli/test_verify.py::TestVerifyConsistencyCommand::test_missing_database_fails_with_clear_error PASSED [ 21%]
tests/cli/test_verify.py::TestVerifyConsistencyCommand::test_successful_consistency_check_shows_task_completion PASSED [ 21%]
tests/cli/test_verify.py::TestVerifyConsistencyCommand::test_failed_consistency_check_shows_task_failure PASSED [ 21%]
tests/cli/test_verify.py::TestVerifyConsistencyCommand::test_workflow_exception_shows_task_failure_and_exits PASSED [ 21%]
tests/cli/test_verify.py::TestVerifyConsistencyCommand::test_creates_verify_config_with_consistency_type PASSED [ 21%]
tests/cli/test_verify.py::TestVerifyOffsetsCommand::test_missing_database_fails_with_clear_error PASSED [ 21%]
tests/cli/test_verify.py::TestVerifyOffsetsCommand::test_successful_offset_check_shows_task_completion PASSED [ 21%]
tests/cli/test_verify.py::TestVerifyOffsetsCommand::test_failed_offset_check_suggests_repair PASSED [ 21%]
tests/cli/test_verify.py::TestVerifyOffsetsCommand::test_workflow_exception_suggests_mbox_accessibility_check PASSED [ 21%]
tests/cli/test_verify.py::TestVerifyOffsetsCommand::test_creates_verify_config_with_offsets_type PASSED [ 21%]
tests/cli/test_verify.py::TestVerifyCommandsStorageRequirement::test_verify_integrity_asserts_storage_exists PASSED [ 22%]
tests/cli/test_verify.py::TestVerifyCommandsStorageRequirement::test_verify_consistency_asserts_storage_exists PASSED [ 22%]
tests/cli/test_verify.py::TestVerifyCommandsStorageRequirement::test_verify_offsets_asserts_storage_exists PASSED [ 22%]
tests/cli/test_verify.py::TestVerifyCommandsEdgeCases::test_integrity_with_zero_issues_shows_zero_in_report PASSED [ 22%]
tests/cli/test_verify.py::TestVerifyCommandsEdgeCases::test_consistency_with_empty_issues_list_shows_passed PASSED [ 22%]
tests/cli/test_verify.py::TestVerifyCommandsEdgeCases::test_offsets_verification_handles_large_issue_count PASSED [ 22%]
tests/cli/test_widgets.py::TestReportCard::test_add_field PASSED         [ 22%]
tests/cli/test_widgets.py::TestReportCard::test_fluent_chaining PASSED   [ 22%]
tests/cli/test_widgets.py::TestReportCard::test_add_conditional_field_true PASSED [ 22%]
tests/cli/test_widgets.py::TestReportCard::test_add_conditional_field_false PASSED [ 22%]
tests/cli/test_widgets.py::TestReportCard::test_set_summary PASSED       [ 22%]
tests/cli/test_widgets.py::TestReportCard::test_to_dict_preserves_order PASSED [ 22%]
tests/cli/test_widgets.py::TestReportCard::test_render_calls_show_report PASSED [ 22%]
tests/cli/test_widgets.py::TestReportCard::test_render_with_summary PASSED [ 22%]
tests/cli/test_widgets.py::TestSuggestionList::test_add_suggestion PASSED [ 22%]
tests/cli/test_widgets.py::TestSuggestionList::test_fluent_chaining PASSED [ 22%]
tests/cli/test_widgets.py::TestSuggestionList::test_add_conditional_true PASSED [ 22%]
tests/cli/test_widgets.py::TestSuggestionList::test_add_conditional_false PASSED [ 22%]
tests/cli/test_widgets.py::TestSuggestionList::test_is_empty_true PASSED [ 22%]
tests/cli/test_widgets.py::TestSuggestionList::test_is_empty_false PASSED [ 22%]
tests/cli/test_widgets.py::TestSuggestionList::test_render_calls_suggest_next_steps PASSED [ 22%]
tests/cli/test_widgets.py::TestSuggestionList::test_render_empty_does_not_call PASSED [ 22%]
tests/cli/test_widgets.py::TestErrorPanel::test_basic_error PASSED       [ 22%]
tests/cli/test_widgets.py::TestErrorPanel::test_add_detail PASSED        [ 22%]
tests/cli/test_widgets.py::TestErrorPanel::test_add_details PASSED       [ 22%]
tests/cli/test_widgets.py::TestErrorPanel::test_fluent_chaining PASSED   [ 22%]
tests/cli/test_widgets.py::TestErrorPanel::test_set_suggestion PASSED    [ 23%]
tests/cli/test_widgets.py::TestErrorPanel::test_render_calls_show_error_panel PASSED [ 23%]
tests/cli/test_widgets.py::TestErrorPanel::test_render_without_details PASSED [ 23%]
tests/cli/test_widgets.py::TestProgressSummary::test_add_stat PASSED     [ 23%]
tests/cli/test_widgets.py::TestProgressSummary::test_fluent_chaining PASSED [ 23%]
tests/cli/test_widgets.py::TestProgressSummary::test_add_conditional_stat_true PASSED [ 23%]
tests/cli/test_widgets.py::TestProgressSummary::test_add_conditional_stat_false PASSED [ 23%]
tests/cli/test_widgets.py::TestProgressSummary::test_to_report_card PASSED [ 23%]
tests/cli/test_widgets.py::TestProgressSummary::test_render_calls_show_report PASSED [ 23%]
tests/cli/test_widgets.py::TestWidgetIntegration::test_report_with_suggestions PASSED [ 23%]
tests/cli/test_widgets.py::TestWidgetIntegration::test_conditional_workflow PASSED [ 23%]
tests/cli/test_widgets_deprecation.py::TestWidgetsDeprecatedImports::test_report_card_imported PASSED [ 23%]
tests/cli/test_widgets_deprecation.py::TestWidgetsDeprecatedImports::test_suggestion_list_imported PASSED [ 23%]
tests/cli/test_widgets_deprecation.py::TestWidgetsDeprecatedImports::test_error_panel_imported PASSED [ 23%]
tests/cli/test_widgets_deprecation.py::TestWidgetsDeprecatedImports::test_progress_summary_imported PASSED [ 23%]
tests/cli/test_widgets_deprecation.py::TestWidgetsDeprecatedImports::test_all_symbols_exported PASSED [ 23%]
tests/cli/test_widgets_deprecation.py::TestWidgetsDeprecatedImports::test_widget_classes_have_expected_methods PASSED [ 23%]
tests/cli/ui/test_adapters.py::TestCLIProgressAdapter::test_info_delegates_to_output PASSED [ 23%]
tests/cli/ui/test_adapters.py::TestCLIProgressAdapter::test_warning_delegates_to_output PASSED [ 23%]
tests/cli/ui/test_adapters.py::TestCLIProgressAdapter::test_error_delegates_to_output PASSED [ 23%]
tests/cli/ui/test_adapters.py::TestCLIProgressAdapter::test_task_sequence_without_ui_returns_noop PASSED [ 23%]
tests/cli/ui/test_adapters.py::TestCLIProgressAdapter::test_task_sequence_with_ui_delegates PASSED [ 23%]
tests/cli/ui/test_adapters.py::TestCLIProgressAdapter::test_task_sequence_uses_shared_when_workflow_active PASSED [ 23%]
tests/cli/ui/test_adapters.py::TestCLIProgressAdapter::test_workflow_sequence_without_ui_returns_noop_context PASSED [ 23%]
tests/cli/ui/test_adapters.py::TestCLIProgressAdapter::test_workflow_sequence_with_ui_creates_shared_context PASSED [ 23%]
tests/cli/ui/test_adapters.py::TestCLIProgressAdapter::test_workflow_sequence_with_show_logs PASSED [ 23%]
tests/cli/ui/test_adapters.py::TestCLIProgressAdapter::test_workflow_sequence_clears_shared_on_exit PASSED [ 24%]
tests/cli/ui/test_adapters.py::TestWorkflowProgressContext::test_task_delegates_to_sequence PASSED [ 24%]
tests/cli/ui/test_adapters.py::TestWorkflowProgressContext::test_task_returns_noop_for_noop_sequence PASSED [ 24%]
tests/cli/ui/test_adapters.py::TestWorkflowProgressContext::test_info_delegates_to_output PASSED [ 24%]
tests/cli/ui/test_adapters.py::TestWorkflowProgressContext::test_warning_delegates_to_output PASSED [ 24%]
tests/cli/ui/test_adapters.py::TestWorkflowProgressContext::test_error_delegates_to_output PASSED [ 24%]
tests/cli/ui/test_builder.py::TestTaskHandleImplSetStatus::test_set_status_updates_description PASSED [ 24%]
tests/cli/ui/test_builder.py::TestTaskHandleImplSetStatus::test_set_status_preserves_status PASSED [ 24%]
tests/cli/ui/test_builder.py::TestTaskHandleImplSetStatus::test_set_status_triggers_refresh PASSED [ 24%]
tests/cli/ui/test_builder.py::TestTaskHandleImplSetStatus::test_set_status_with_empty_string PASSED [ 24%]
tests/cli/ui/test_builder.py::TestTaskHandleImplSetStatus::test_set_status_with_special_characters PASSED [ 24%]
tests/cli/ui/test_builder.py::TestTaskHandleImplSetStatus::test_set_status_multiple_times PASSED [ 24%]
tests/cli/ui/test_builder.py::TestTaskHandleImplSetStatus::test_set_status_while_task_running PASSED [ 24%]
tests/cli/ui/test_builder.py::TestTaskHandleImplSetStatus::test_set_status_with_progress PASSED [ 24%]
tests/cli/ui/test_builder.py::TestTaskHandleImplWarn::test_warn_sets_warning_status PASSED [ 24%]
tests/cli/ui/test_builder.py::TestTaskHandleImplWarn::test_warn_sets_result_message PASSED [ 24%]
tests/cli/ui/test_builder.py::TestTaskHandleImplWarn::test_warn_triggers_refresh PASSED [ 24%]
tests/cli/ui/test_builder.py::TestTaskHandleImplWarn::test_warn_preserves_description PASSED [ 24%]
tests/cli/ui/test_builder.py::TestTaskHandleImplWarn::test_warn_with_empty_message PASSED [ 24%]
tests/cli/ui/test_builder.py::TestTaskHandleImplWarn::test_warn_with_long_message PASSED [ 24%]
tests/cli/ui/test_builder.py::TestTaskHandleImplWarn::test_warn_with_special_characters PASSED [ 24%]
tests/cli/ui/test_builder.py::TestTaskHandleImplWarn::test_warn_multiple_times PASSED [ 24%]
tests/cli/ui/test_builder.py::TestTaskHandleImplWarn::test_warn_after_running PASSED [ 24%]
tests/cli/ui/test_builder.py::TestTaskHandleImplWarn::test_warn_complete_workflow PASSED [ 24%]
tests/cli/ui/test_builder.py::TestNoOpTaskHandleSetStatus::test_noop_set_status_does_nothing PASSED [ 24%]
tests/cli/ui/test_builder.py::TestNoOpTaskHandleSetStatus::test_noop_set_status_with_empty_string PASSED [ 24%]
tests/cli/ui/test_builder.py::TestNoOpTaskHandleSetStatus::test_noop_set_status_with_long_message PASSED [ 25%]
tests/cli/ui/test_builder.py::TestNoOpTaskHandleSetStatus::test_noop_set_status_multiple_calls PASSED [ 25%]
tests/cli/ui/test_builder.py::TestNoOpTaskHandleWarn::test_noop_warn_does_nothing PASSED [ 25%]
tests/cli/ui/test_builder.py::TestNoOpTaskHandleWarn::test_noop_warn_with_empty_message PASSED [ 25%]
tests/cli/ui/test_builder.py::TestNoOpTaskHandleWarn::test_noop_warn_with_special_characters PASSED [ 25%]
tests/cli/ui/test_builder.py::TestNoOpTaskHandleWarn::test_noop_warn_multiple_calls PASSED [ 25%]
tests/cli/ui/test_builder.py::TestTaskHandleImplIntegration::test_set_status_then_warn PASSED [ 25%]
tests/cli/ui/test_builder.py::TestTaskHandleImplIntegration::test_warn_with_progress_preserved PASSED [ 25%]
tests/cli/ui/test_builder.py::TestTaskHandleImplIntegration::test_multiple_status_updates_before_warn PASSED [ 25%]
tests/cli/ui/test_protocols.py::TestWidgetProtocol::test_widget_protocol_render_required PASSED [ 25%]
tests/cli/ui/test_protocols.py::TestWidgetProtocol::test_widget_protocol_to_json_required PASSED [ 25%]
tests/cli/ui/test_protocols.py::TestWidgetProtocol::test_concrete_widget_implements_protocol PASSED [ 25%]
tests/cli/ui/test_protocols.py::TestWidgetProtocol::test_widget_render_accepts_output_manager PASSED [ 25%]
tests/cli/ui/test_protocols.py::TestWidgetProtocol::test_widget_to_json_returns_dict PASSED [ 25%]
tests/cli/ui/test_protocols.py::TestWidgetProtocol::test_widget_to_json_is_serializable PASSED [ 25%]
tests/cli/ui/test_protocols.py::TestTaskHandleProtocol::test_task_handle_protocol_complete_required PASSED [ 25%]
tests/cli/ui/test_protocols.py::TestTaskHandleProtocol::test_task_handle_protocol_fail_required PASSED [ 25%]
tests/cli/ui/test_protocols.py::TestTaskHandleProtocol::test_task_handle_protocol_advance_required PASSED [ 25%]
tests/cli/ui/test_protocols.py::TestTaskHandleProtocol::test_task_handle_protocol_set_total_required PASSED [ 25%]
tests/cli/ui/test_protocols.py::TestTaskHandleProtocol::test_task_handle_protocol_log_required PASSED [ 25%]
tests/cli/ui/test_protocols.py::TestTaskHandleProtocol::test_task_handle_protocol_warn_required PASSED [ 25%]
tests/cli/ui/test_protocols.py::TestTaskHandleProtocol::test_concrete_task_handle_implements_protocol PASSED [ 25%]
tests/cli/ui/test_protocols.py::TestTaskHandleProtocol::test_task_handle_complete_changes_status PASSED [ 25%]
tests/cli/ui/test_protocols.py::TestTaskHandleProtocol::test_task_handle_fail_changes_status PASSED [ 25%]
tests/cli/ui/test_protocols.py::TestTaskHandleProtocol::test_task_handle_fail_without_reason PASSED [ 25%]
tests/cli/ui/test_protocols.py::TestTaskHandleProtocol::test_task_handle_advance_increments_progress PASSED [ 25%]
tests/cli/ui/test_protocols.py::TestTaskHandleProtocol::test_task_handle_advance_default_is_one PASSED [ 25%]
tests/cli/ui/test_protocols.py::TestTaskHandleProtocol::test_task_handle_set_total_sets_value PASSED [ 26%]
tests/cli/ui/test_protocols.py::TestTaskHandleProtocol::test_task_handle_set_total_with_description PASSED [ 26%]
tests/cli/ui/test_protocols.py::TestTaskHandleProtocol::test_task_handle_log_accepts_message_and_level PASSED [ 26%]
tests/cli/ui/test_protocols.py::TestTaskHandleProtocol::test_task_handle_warn_marks_warning_status PASSED [ 26%]
tests/cli/ui/test_protocols.py::TestTaskSequenceProtocol::test_task_sequence_protocol_task_required PASSED [ 26%]
tests/cli/ui/test_protocols.py::TestTaskSequenceProtocol::test_concrete_task_sequence_implements_protocol PASSED [ 26%]
tests/cli/ui/test_protocols.py::TestTaskSequenceProtocol::test_task_sequence_task_is_context_manager PASSED [ 26%]
tests/cli/ui/test_protocols.py::TestTaskSequenceProtocol::test_task_sequence_task_with_total PASSED [ 26%]
tests/cli/ui/test_protocols.py::TestTaskSequenceProtocol::test_task_sequence_task_without_total PASSED [ 26%]
tests/cli/ui/test_protocols.py::TestTaskSequenceProtocol::test_task_sequence_creates_multiple_tasks PASSED [ 26%]
tests/cli/ui/test_protocols.py::TestTaskSequenceProtocol::test_task_sequence_task_descriptions_preserved PASSED [ 26%]
tests/cli/ui/test_protocols.py::TestUIBuilderProtocol::test_ui_builder_protocol_task_sequence_required PASSED [ 26%]
tests/cli/ui/test_protocols.py::TestUIBuilderProtocol::test_ui_builder_protocol_spinner_required PASSED [ 26%]
tests/cli/ui/test_protocols.py::TestUIBuilderProtocol::test_concrete_ui_builder_implements_protocol PASSED [ 26%]
tests/cli/ui/test_protocols.py::TestUIBuilderProtocol::test_ui_builder_task_sequence_is_context_manager PASSED [ 26%]
tests/cli/ui/test_protocols.py::TestUIBuilderProtocol::test_ui_builder_task_sequence_with_title PASSED [ 26%]
tests/cli/ui/test_protocols.py::TestUIBuilderProtocol::test_ui_builder_task_sequence_with_show_logs PASSED [ 26%]
tests/cli/ui/test_protocols.py::TestUIBuilderProtocol::test_ui_builder_task_sequence_with_max_logs PASSED [ 26%]
tests/cli/ui/test_protocols.py::TestUIBuilderProtocol::test_ui_builder_spinner_is_context_manager PASSED [ 26%]
tests/cli/ui/test_protocols.py::TestUIBuilderProtocol::test_ui_builder_spinner_creates_single_task PASSED [ 26%]
tests/cli/ui/test_protocols.py::TestUIBuilderProtocol::test_ui_builder_task_sequence_in_task_sequence PASSED [ 26%]
tests/cli/ui/test_protocols.py::TestUIBuilderProtocol::test_ui_builder_spinner_context_manager_protocol PASSED [ 26%]
tests/cli/ui/test_protocols.py::TestProtocolComposition::test_ui_builder_creates_task_sequences PASSED [ 26%]
tests/cli/ui/test_protocols.py::TestProtocolComposition::test_task_sequence_manages_task_lifecycle PASSED [ 26%]
tests/cli/ui/test_protocols.py::TestProtocolComposition::test_task_handle_progress_tracking PASSED [ 26%]
tests/cli/ui/test_protocols.py::TestProtocolComposition::test_widget_protocol_implementations PASSED [ 26%]
tests/cli/ui/test_protocols.py::TestProtocolComposition::test_task_handle_multiple_operations PASSED [ 27%]
tests/cli/ui/test_protocols.py::TestProtocolComposition::test_protocol_duck_typing PASSED [ 27%]
tests/cli/ui/test_protocols.py::TestWidgetProtocolRendering::test_widget_render_with_different_outputs PASSED [ 27%]
tests/cli/ui/test_protocols.py::TestWidgetProtocolRendering::test_widget_json_serialization PASSED [ 27%]
tests/cli/ui/test_protocols.py::TestTaskHandleFullWorkflow::test_task_complete_with_large_numbers PASSED [ 27%]
[...]

tests/core/test_importer.py::TestImportSingleArchive::test_import_simple_mbox_all_messages
  /Users/atomasini/Development/GMailArchiver/.venv/lib/python3.14/site-packages/aiosqlite/core.py:417: ResourceWarning: <aiosqlite.core.Connection object at 0x10b4a9dd0> was deleted before being closed. Please use 'async with' or '.close()' to close the connection properly.
    warn(

tests/core/test_importer.py::TestImportSingleArchive::test_import_simple_mbox_all_messages
  /Users/atomasini/Development/GMailArchiver/.venv/lib/python3.14/site-packages/aiosqlite/core.py:417: ResourceWarning: <aiosqlite.core.Connection object at 0x10b4f48d0> was deleted before being closed. Please use 'async with' or '.close()' to close the connection properly.
    warn(

tests/core/workflows/test_import_workflow.py::TestImportWorkflowBehavior::test_reports_progress_during_import
  /Users/atomasini/Development/GMailArchiver/.venv/lib/python3.14/site-packages/aiosqlite/core.py:417: ResourceWarning: <aiosqlite.core.Connection object at 0x10b6424d0> was deleted before being closed. Please use 'async with' or '.close()' to close the connection properly.
    warn(

tests/data/test_hybrid_storage.py::TestEdgeCasesAndCoverage::test_bulk_write_database_error_rollback
  /Users/atomasini/Development/GMailArchiver/tests/data/test_hybrid_storage.py:1944: ResourceWarning: unclosed file <_io.BufferedRandom name='/var/folders/12/9c5gy96s0h1ggdksjk1ll3xh0000gn/T/gmailarchiver_staging/bulk_write_e7a7ffec-fe35-43db-82d6-795bfac570ba.mbox'>
    pass  # Expected to fail
  Enable tracemalloc to get traceback where the object was allocated.
  See https://docs.pytest.org/en/stable/how-to/capture-warnings.html#resource-warnings for more info.

tests/test_cli_repair.py::test_repair_dry_run_default
  /Users/atomasini/Development/GMailArchiver/.venv/lib/python3.14/site-packages/aiosqlite/core.py:417: ResourceWarning: <aiosqlite.core.Connection object at 0x10c504cd0> was deleted before being closed. Please use 'async with' or '.close()' to close the connection properly.
    warn(

tests/test_cli_repair.py::test_repair_dry_run_explicit
  /Users/atomasini/Development/GMailArchiver/.venv/lib/python3.14/site-packages/aiosqlite/core.py:417: ResourceWarning: <aiosqlite.core.Connection object at 0x10a703050> was deleted before being closed. Please use 'async with' or '.close()' to close the connection properly.
    warn(

tests/test_cli_repair.py::test_repair_actual_requires_confirmation
  /Users/atomasini/Development/GMailArchiver/.venv/lib/python3.14/site-packages/aiosqlite/core.py:417: ResourceWarning: <aiosqlite.core.Connection object at 0x10a700650> was deleted before being closed. Please use 'async with' or '.close()' to close the connection properly.
    warn(

tests/test_cli_repair.py::test_repair_actual_with_confirmation
  /Users/atomasini/Development/GMailArchiver/.venv/lib/python3.14/site-packages/aiosqlite/core.py:417: ResourceWarning: <aiosqlite.core.Connection object at 0x10b76ab50> was deleted before being closed. Please use 'async with' or '.close()' to close the connection properly.
    warn(

tests/test_cli_repair.py::test_repair_fts_only
  /Users/atomasini/Development/GMailArchiver/.venv/lib/python3.14/site-packages/aiosqlite/core.py:417: ResourceWarning: <aiosqlite.core.Connection object at 0x10b7682d0> was deleted before being closed. Please use 'async with' or '.close()' to close the connection properly.
    warn(

tests/test_cli_repair.py::test_repair_backfill_dry_run
  /Users/atomasini/Development/GMailArchiver/.venv/lib/python3.14/site-packages/aiosqlite/core.py:417: ResourceWarning: <aiosqlite.core.Connection object at 0x10c50e7d0> was deleted before being closed. Please use 'async with' or '.close()' to close the connection properly.
    warn(

tests/test_cli_repair.py::test_repair_backfill_actual
  /Users/atomasini/Development/GMailArchiver/.venv/lib/python3.14/site-packages/aiosqlite/core.py:417: ResourceWarning: <aiosqlite.core.Connection object at 0x10c45f150> was deleted before being closed. Please use 'async with' or '.close()' to close the connection properly.
    warn(

tests/test_cli_repair.py::test_repair_combined_fts_and_backfill
  /Users/atomasini/Development/GMailArchiver/.venv/lib/python3.14/site-packages/aiosqlite/core.py:417: ResourceWarning: <aiosqlite.core.Connection object at 0x10c45de50> was deleted before being closed. Please use 'async with' or '.close()' to close the connection properly.
    warn(

tests/test_cli_repair.py::test_repair_output_format
  /Users/atomasini/Development/GMailArchiver/.venv/lib/python3.14/site-packages/aiosqlite/core.py:417: ResourceWarning: <aiosqlite.core.Connection object at 0x10c4b0dd0> was deleted before being closed. Please use 'async with' or '.close()' to close the connection properly.
    warn(

tests/test_cli_repair.py::test_repair_no_issues
  /Users/atomasini/Development/GMailArchiver/.venv/lib/python3.14/site-packages/aiosqlite/core.py:417: ResourceWarning: <aiosqlite.core.Connection object at 0x10b108350> was deleted before being closed. Please use 'async with' or '.close()' to close the connection properly.
    warn(

tests/test_cli_search.py::TestSearchCommand::test_search_shows_execution_time
  /Users/atomasini/Development/GMailArchiver/.venv/lib/python3.14/site-packages/aiosqlite/core.py:417: ResourceWarning: <aiosqlite.core.Connection object at 0x10b10ad50> was deleted before being closed. Please use 'async with' or '.close()' to close the connection properly.
    warn(

tests/test_session_logger.py::TestSessionLoggerInitialization::test_init_default_path
  /Users/atomasini/Development/GMailArchiver/.venv/lib/python3.14/site-packages/_pytest/python.py:166: ResourceWarning: unclosed file <_io.TextIOWrapper name='/var/folders/12/9c5gy96s0h1ggdksjk1ll3xh0000gn/T/tmpqttsgqq9/session_2025-12-20_183519.log' mode='w' encoding='utf-8'>
    result = testfunction(**testargs)
  Enable tracemalloc to get traceback where the object was allocated.
  See https://docs.pytest.org/en/stable/how-to/capture-warnings.html#resource-warnings for more info.

tests/test_session_logger.py::TestSessionLoggerInitialization::test_init_custom_path
  /Users/atomasini/Development/GMailArchiver/.venv/lib/python3.14/site-packages/_pytest/python.py:166: ResourceWarning: unclosed file <_io.TextIOWrapper name='/var/folders/12/9c5gy96s0h1ggdksjk1ll3xh0000gn/T/tmpyjajwkfh/custom_logs/session_2025-12-20_183519.log' mode='w' encoding='utf-8'>
    result = testfunction(**testargs)
  Enable tracemalloc to get traceback where the object was allocated.
  See https://docs.pytest.org/en/stable/how-to/capture-warnings.html#resource-warnings for more info.

tests/test_session_logger.py::TestSessionLoggerInitialization::test_init_creates_nested_directories
  /Users/atomasini/Development/GMailArchiver/.venv/lib/python3.14/site-packages/_pytest/python.py:166: ResourceWarning: unclosed file <_io.TextIOWrapper name='/var/folders/12/9c5gy96s0h1ggdksjk1ll3xh0000gn/T/tmpc4ir2zjt/level1/level2/logs/session_2025-12-20_183519.log' mode='w' encoding='utf-8'>
    result = testfunction(**testargs)
  Enable tracemalloc to get traceback where the object was allocated.
  See https://docs.pytest.org/en/stable/how-to/capture-warnings.html#resource-warnings for more info.

tests/test_session_logger.py::TestSessionLoggerInitialization::test_timestamped_filename_format
  /Users/atomasini/Development/GMailArchiver/.venv/lib/python3.14/site-packages/_pytest/python.py:166: ResourceWarning: unclosed file <_io.TextIOWrapper name='/var/folders/12/9c5gy96s0h1ggdksjk1ll3xh0000gn/T/tmpa41u0abl/session_2025-12-20_183519.log' mode='w' encoding='utf-8'>
    result = testfunction(**testargs)
  Enable tracemalloc to get traceback where the object was allocated.
  See https://docs.pytest.org/en/stable/how-to/capture-warnings.html#resource-warnings for more info.

-- Docs: https://docs.pytest.org/en/stable/how-to/capture-warnings.html
================================ tests coverage ================================
_______________ coverage: platform darwin, python 3.14.2-final-0 _______________

Name                                                    Stmts   Miss  Cover   Missing
-------------------------------------------------------------------------------------
src/gmailarchiver/__init__.py                               4      2    50%   5-6
src/gmailarchiver/_version.py                              13      0   100%
src/gmailarchiver/cli/__init__.py                           4      0   100%
src/gmailarchiver/cli/_output_search.py                    41      0   100%
src/gmailarchiver/cli/adapters.py                           2      0   100%
src/gmailarchiver/cli/command_context.py                  268      2    99%   770-771
src/gmailarchiver/cli/commands/archive.py                 119      1    99%   72
src/gmailarchiver/cli/commands/consolidate.py               7      0   100%
src/gmailarchiver/cli/commands/dedupe.py                    7      0   100%
src/gmailarchiver/cli/commands/doctor.py                    7      0   100%
src/gmailarchiver/cli/commands/import_.py                  49      6    88%   99, 115-118, 137
src/gmailarchiver/cli/commands/migrate.py                   7      0   100%
src/gmailarchiver/cli/commands/repair.py                    7      0   100%
src/gmailarchiver/cli/commands/schedule.py                 19      5    74%   41, 60, 76, 92, 108
src/gmailarchiver/cli/commands/search.py                  135     13    90%   91, 108-109, 170, 173, 234, 240, 271, 281, 290, 309, 337-338
src/gmailarchiver/cli/commands/status.py                   57      1    98%   88
src/gmailarchiver/cli/commands/validate.py                 58      1    98%   67
src/gmailarchiver/cli/commands/verify.py                   13      3    77%   32, 52, 72
src/gmailarchiver/cli/consolidate.py                       32      0   100%
src/gmailarchiver/cli/dedupe.py                            40      0   100%
src/gmailarchiver/cli/doctor.py                            52      8    85%   71, 90, 109, 141-143, 145-146
src/gmailarchiver/cli/main.py                              46      2    96%   11-12
src/gmailarchiver/cli/migrate.py                           27      1    96%   51
src/gmailarchiver/cli/output.py                           678     45    93%   60, 68, 76, 84, 92, 101, 110, 133, 145, 149, 153, 346, 359, 368-375, 394, 405, 417-420, 462, 531, 702-703, 850, 875-876, 917-920, 1099, 1163, 1231, 1581-1590, 1593, 1610-1611, 1749, 1917
src/gmailarchiver/cli/repair.py                            34      5    85%   21, 39-46
src/gmailarchiver/cli/schedule.py                          81      9    89%   36, 43, 83, 138, 146, 169, 177, 200, 208
src/gmailarchiver/cli/ui/__init__.py                        8      0   100%
src/gmailarchiver/cli/ui/adapters.py                       49      1    98%   167
src/gmailarchiver/cli/ui/builder.py                       132      1    99%   201
src/gmailarchiver/cli/ui/protocols.py                      28     11    61%   27, 37, 52, 61, 69, 78, 87, 98, 121, 146, 159
src/gmailarchiver/cli/ui/widgets/__init__.py               11      0   100%
src/gmailarchiver/cli/ui/widgets/errors.py                 24      3    88%   54-55, 102
src/gmailarchiver/cli/ui/widgets/log_window.py             66      0   100%
src/gmailarchiver/cli/ui/widgets/progress.py               23      1    96%   88
src/gmailarchiver/cli/ui/widgets/progress_bar.py          108      2    98%   175, 209
src/gmailarchiver/cli/ui/widgets/report_card.py            30      3    90%   49-50, 111
src/gmailarchiver/cli/ui/widgets/suggestions.py            26      3    88%   48-49, 102
src/gmailarchiver/cli/ui/widgets/table.py                  72      3    96%   185, 192-193
src/gmailarchiver/cli/ui/widgets/task.py                  114      2    98%   189, 240
src/gmailarchiver/cli/ui/widgets/validation.py             88      8    91%   103-104, 124-125, 169-172, 234
src/gmailarchiver/cli/ui/widgets/workflow_progress.py      50      0   100%
src/gmailarchiver/cli/ui_builder.py                         6      0   100%
src/gmailarchiver/cli/verify.py                            64      3    95%   37, 89, 141
src/gmailarchiver/cli/widgets.py                            2      0   100%
src/gmailarchiver/connectors/__init__.py                    5      0   100%
src/gmailarchiver/connectors/auth.py                      130     18    86%   45, 47, 122, 286, 302-311, 319-327
src/gmailarchiver/connectors/config/__init__.py             0      0   100%
src/gmailarchiver/connectors/gmail_client.py              175      2    99%   407, 439
src/gmailarchiver/connectors/platform_scheduler.py        137      5    96%   112, 138, 245, 365, 428
src/gmailarchiver/connectors/rate_limiter.py               43      0   100%
src/gmailarchiver/core/__init__.py                         10      0   100%
src/gmailarchiver/core/archiver/__init__.py                 2      0   100%
src/gmailarchiver/core/archiver/_filter.py                 24      0   100%
src/gmailarchiver/core/archiver/_writer.py                 98      2    98%   200, 202
src/gmailarchiver/core/archiver/facade.py                  70      4    94%   134-135, 321, 327
src/gmailarchiver/core/compressor/__init__.py               2      0   100%
src/gmailarchiver/core/compressor/_gzip.py                 34      2    94%   37-38
src/gmailarchiver/core/compressor/_lzma.py                 34      0   100%
src/gmailarchiver/core/compressor/_zstd.py                 34      2    94%   37-38
src/gmailarchiver/core/compressor/facade.py               179     12    93%   29, 34, 39, 44, 313, 345, 375, 408-410, 423-424
src/gmailarchiver/core/consolidator/__init__.py             2      0   100%
src/gmailarchiver/core/consolidator/_merger.py             11      0   100%
src/gmailarchiver/core/consolidator/_sorter.py             46      1    98%   98
src/gmailarchiver/core/consolidator/facade.py              40      0   100%
src/gmailarchiver/core/deduplicator/__init__.py             6      0   100%
src/gmailarchiver/core/deduplicator/_remover.py            19      1    95%   52
src/gmailarchiver/core/deduplicator/_resolver.py           22      1    95%   59
src/gmailarchiver/core/deduplicator/_scanner.py            26      1    96%   49
src/gmailarchiver/core/deduplicator/facade.py              67      1    99%   106
src/gmailarchiver/core/doctor/__init__.py                   5      0   100%
src/gmailarchiver/core/doctor/_diagnostics.py             197     11    94%   72, 80, 146, 253, 331, 408-416, 445-446, 579
src/gmailarchiver/core/doctor/_repair.py                   57      0   100%
src/gmailarchiver/core/doctor/facade.py                   139      4    97%   233, 235, 314, 323
src/gmailarchiver/core/extractor/__init__.py                3      0   100%
src/gmailarchiver/core/extractor/_extractor.py             59      2    97%   105-106
src/gmailarchiver/core/extractor/_locator.py               17      0   100%
src/gmailarchiver/core/extractor/facade.py                 43      0   100%
src/gmailarchiver/core/importer/__init__.py                 2      0   100%
src/gmailarchiver/core/importer/_gmail_lookup.py           22      0   100%
src/gmailarchiver/core/importer/_reader.py                 97      5    95%   134, 203-204, 210-211
src/gmailarchiver/core/importer/_scanner.py                51      0   100%
src/gmailarchiver/core/importer/_writer.py                 41      1    98%   92
src/gmailarchiver/core/importer/facade.py                 140      1    99%   277
src/gmailarchiver/core/search/__init__.py                   4      0   100%
src/gmailarchiver/core/search/_executor.py                121      8    93%   52, 58, 111, 182, 243, 276-278, 293
src/gmailarchiver/core/search/_parser.py                   60      0   100%
src/gmailarchiver/core/search/_types.py                     5      0   100%
src/gmailarchiver/core/search/facade.py                    52      1    98%   85
src/gmailarchiver/core/validator/__init__.py                5      0   100%
src/gmailarchiver/core/validator/_checksum.py               4      0   100%
src/gmailarchiver/core/validator/_counter.py               38      2    95%   64-65
src/gmailarchiver/core/validator/_decompressor.py          37      0   100%
src/gmailarchiver/core/validator/facade.py                245     10    96%   98, 326-327, 404-406, 432, 560, 568, 570
src/gmailarchiver/core/workflows/__init__.py               12      0   100%
src/gmailarchiver/core/workflows/archive.py                85      0   100%
src/gmailarchiver/core/workflows/composer.py               54      1    98%   210
src/gmailarchiver/core/workflows/consolidate.py            44      0   100%
src/gmailarchiver/core/workflows/dedupe.py                 44      0   100%
src/gmailarchiver/core/workflows/doctor.py                 39      2    95%   110-111
src/gmailarchiver/core/workflows/import_.py                58      0   100%
src/gmailarchiver/core/workflows/migrate.py                79      1    99%   142
src/gmailarchiver/core/workflows/repair.py                 77      2    97%   108, 131
src/gmailarchiver/core/workflows/search.py                 32      1    97%   91
src/gmailarchiver/core/workflows/status.py                 29      1    97%   86
src/gmailarchiver/core/workflows/step.py                   64      3    95%   116, 121, 139
src/gmailarchiver/core/workflows/steps/__init__.py         10      0   100%
src/gmailarchiver/core/workflows/steps/doctor.py           62      0   100%
src/gmailarchiver/core/workflows/steps/filter.py           59      2    97%   157-158
src/gmailarchiver/core/workflows/steps/gmail.py           131      7    95%   95-97, 329-332
src/gmailarchiver/core/workflows/steps/metadata.py        106      0   100%
src/gmailarchiver/core/workflows/steps/scan.py             43      2    95%   115-116
src/gmailarchiver/core/workflows/steps/search.py           53      3    94%   79, 165-166
src/gmailarchiver/core/workflows/steps/stats.py            36      3    92%   80, 112-113
src/gmailarchiver/core/workflows/steps/validate.py         81      4    95%   133-134, 187-188
src/gmailarchiver/core/workflows/steps/write.py            57      1    98%   118
src/gmailarchiver/core/workflows/validate.py               32      0   100%
src/gmailarchiver/core/workflows/verify.py                 82      0   100%
src/gmailarchiver/data/__init__.py                          6      0   100%
src/gmailarchiver/data/db_manager.py                      392     16    96%   307-309, 603-612, 805, 816, 908-938, 978-979
src/gmailarchiver/data/hybrid_storage.py                  663     64    90%   181, 261, 269-275, 312, 345-346, 427, 439, 462, 471-472, 481-482, 596, 647-651, 667, 691, 727, 748, 779, 815, 845-848, 868, 875, 1019-1020, 1141, 1183-1185, 1215-1222, 1307, 1319, 1331-1338, 1372-1373, 1608-1611
src/gmailarchiver/data/migration.py                       312      7    98%   870-881
src/gmailarchiver/data/scheduler.py                        60      3    95%   182, 188-189
src/gmailarchiver/data/schema_manager.py                  186     10    95%   187-188, 334, 337, 345-347, 389-390, 489
src/gmailarchiver/shared/__init__.py                        5      0   100%
src/gmailarchiver/shared/input_validator.py                61     40    34%   36, 45, 52, 81-118, 171-197
src/gmailarchiver/shared/path_validator.py                 21      6    71%   40, 46, 71, 93-98
src/gmailarchiver/shared/protocols.py                      52      9    83%   168, 172, 176, 180, 208-214
src/gmailarchiver/shared/utils.py                          34      6    82%   57-62, 104
-------------------------------------------------------------------------------------
TOTAL                                                    8529    436    95%
=========================== short test summary info ============================
FAILED tests/core/test_doctor.py::test_check_temp_directory_not_accessible - ...
================= 1 failed, 2631 passed, 97 warnings in 16.34s =================
